#! /usr/bin/vvp
:ivl_version "10.1 (stable)";
:ivl_delay_selection "TYPICAL";
:vpi_time_precision - 9;
:vpi_module "system";
:vpi_module "vhdl_sys";
:vpi_module "v2005_math";
:vpi_module "va_math";
S_0x5647c0dd6720 .scope module, "ejercicio_3_a_tb" "ejercicio_3_a_tb" 2 2;
 .timescale -9 -9;
v0x5647c0df7470_0 .var "in_1", 15 0;
v0x5647c0df7550_0 .net "out_1", 15 0, L_0x5647c0e07b20;  1 drivers
v0x5647c0df7620_0 .net "out_2", 15 0, L_0x5647c0e07e10;  1 drivers
v0x5647c0df7720_0 .var "sel_1", 0 0;
S_0x5647c0dd68a0 .scope module, "e3_a" "ejercicio_3_a" 2 8, 3 1 0, S_0x5647c0dd6720;
 .timescale 0 0;
    .port_info 0 /INPUT 16 "in_1"
    .port_info 1 /INPUT 1 "sel_1"
    .port_info 2 /OUTPUT 16 "out_1"
    .port_info 3 /OUTPUT 16 "out_2"
L_0x5647c0e07950 .functor NOT 1, v0x5647c0df7720_0, C4<0>, C4<0>, C4<0>;
L_0x5647c0e07a10 .functor AND 1, L_0x5647c0e07830, L_0x5647c0e07950, C4<1>, C4<1>;
L_0x5647c0e07d50 .functor AND 1, L_0x5647c0e07cb0, v0x5647c0df7720_0, C4<1>, C4<1>;
L_0x7f99418df018 .functor BUFT 1, C4<0000000000000000>, C4<0>, C4<0>, C4<0>;
v0x5647c0dd6a20_0 .net/2u *"_s0", 15 0, L_0x7f99418df018;  1 drivers
L_0x7f99418df0a8 .functor BUFT 1, C4<0000000000000000>, C4<0>, C4<0>, C4<0>;
v0x5647c0df69e0_0 .net/2u *"_s12", 15 0, L_0x7f99418df0a8;  1 drivers
v0x5647c0df6ac0_0 .net *"_s14", 0 0, L_0x5647c0e07cb0;  1 drivers
v0x5647c0df6b60_0 .net *"_s16", 0 0, L_0x5647c0e07d50;  1 drivers
L_0x7f99418df0f0 .functor BUFT 1, C4<0000000000000000>, C4<0>, C4<0>, C4<0>;
v0x5647c0df6c20_0 .net/2u *"_s18", 15 0, L_0x7f99418df0f0;  1 drivers
v0x5647c0df6d50_0 .net *"_s2", 0 0, L_0x5647c0e07830;  1 drivers
v0x5647c0df6e10_0 .net *"_s4", 0 0, L_0x5647c0e07950;  1 drivers
v0x5647c0df6ef0_0 .net *"_s6", 0 0, L_0x5647c0e07a10;  1 drivers
L_0x7f99418df060 .functor BUFT 1, C4<0000000000000000>, C4<0>, C4<0>, C4<0>;
v0x5647c0df6fb0_0 .net/2u *"_s8", 15 0, L_0x7f99418df060;  1 drivers
v0x5647c0df7090_0 .net "in_1", 15 0, v0x5647c0df7470_0;  1 drivers
v0x5647c0df7170_0 .net "out_1", 15 0, L_0x5647c0e07b20;  alias, 1 drivers
v0x5647c0df7250_0 .net "out_2", 15 0, L_0x5647c0e07e10;  alias, 1 drivers
v0x5647c0df7330_0 .net "sel_1", 0 0, v0x5647c0df7720_0;  1 drivers
L_0x5647c0e07830 .cmp/ne 16, v0x5647c0df7470_0, L_0x7f99418df018;
L_0x5647c0e07b20 .functor MUXZ 16, L_0x7f99418df060, v0x5647c0df7470_0, L_0x5647c0e07a10, C4<>;
L_0x5647c0e07cb0 .cmp/ne 16, v0x5647c0df7470_0, L_0x7f99418df0a8;
L_0x5647c0e07e10 .functor MUXZ 16, L_0x7f99418df0f0, v0x5647c0df7470_0, L_0x5647c0e07d50, C4<>;
    .scope S_0x5647c0dd6720;
T_0 ;
    %pushi/vec4 2, 0, 16;
    %assign/vec4 v0x5647c0df7470_0, 0;
    %pushi/vec4 0, 0, 1;
    %store/vec4 v0x5647c0df7720_0, 0, 1;
    %vpi_call 2 13 "$display", "time\011sel_1\011\011out_1\011out_2" {0 0 0};
    %vpi_call 2 13 "$monitor", "%2d:\011%b\011%b\011%b", $time, v0x5647c0df7720_0, v0x5647c0df7550_0, v0x5647c0df7620_0 {0 0 0};
    %delay 2, 0;
    %vpi_call 2 14 "$finish" {0 0 0};
    %end;
    .thread T_0;
    .scope S_0x5647c0dd6720;
T_1 ;
    %delay 1, 0;
    %load/vec4 v0x5647c0df7720_0;
    %nor/r;
    %store/vec4 v0x5647c0df7720_0, 0, 1;
    %jmp T_1;
    .thread T_1;
    .scope S_0x5647c0dd6720;
T_2 ;
    %vpi_call 2 20 "$dumpfile", "ejercicio_3_a.vcd" {0 0 0};
    %vpi_call 2 21 "$dumpvars" {0 0 0};
    %end;
    .thread T_2;
# The file index is used to find the file name in the following table.
:file_names 4;
    "N/A";
    "<interactive>";
    "ejercicio_3_a_tb.v";
    "ejercicio_3_a.v";
