#! /usr/bin/vvp
:ivl_version "10.1 (stable)";
:ivl_delay_selection "TYPICAL";
:vpi_time_precision - 9;
:vpi_module "system";
:vpi_module "vhdl_sys";
:vpi_module "v2005_math";
:vpi_module "va_math";
S_0x562fef36dc40 .scope module, "jkff_tb" "jkff_tb" 2 2;
 .timescale -9 -9;
v0x562fef38f290_0 .var "clk", 0 0;
v0x562fef38f350_0 .var "clrn", 0 0;
v0x562fef38f3f0_0 .var "j", 0 0;
v0x562fef38f490_0 .var "k", 0 0;
v0x562fef38f530_0 .net "nq", 0 0, L_0x562fef3912b0;  1 drivers
v0x562fef38f5d0_0 .var "prn", 0 0;
v0x562fef38f6a0_0 .net "q", 0 0, L_0x562fef390f00;  1 drivers
S_0x562fef36ddc0 .scope module, "jkff_1" "jkff" 2 7, 3 1 0, S_0x562fef36dc40;
 .timescale 0 0;
    .port_info 0 /INPUT 1 "prn"
    .port_info 1 /INPUT 1 "j"
    .port_info 2 /INPUT 1 "k"
    .port_info 3 /INPUT 1 "clk"
    .port_info 4 /INPUT 1 "clrn"
    .port_info 5 /OUTPUT 1 "q"
    .port_info 6 /OUTPUT 1 "nq"
L_0x562fef38f770 .functor AND 1, L_0x562fef3912b0, v0x562fef38f3f0_0, C4<1>, C4<1>;
L_0x562fef38f8b0 .functor NOT 1, v0x562fef38f290_0, C4<0>, C4<0>, C4<0>;
L_0x562fef38f970 .functor AND 1, L_0x562fef38f770, L_0x562fef38f8b0, C4<1>, C4<1>;
L_0x562fef38fa80 .functor AND 1, L_0x562fef38f970, v0x562fef38f350_0, C4<1>, C4<1>;
L_0x562fef38fbc0 .functor NOT 1, L_0x562fef38fa80, C4<0>, C4<0>, C4<0>;
L_0x562fef38fc80 .functor AND 1, L_0x562fef390f00, v0x562fef38f490_0, C4<1>, C4<1>;
L_0x562fef38fdd0 .functor NOT 1, v0x562fef38f290_0, C4<0>, C4<0>, C4<0>;
L_0x562fef38fe40 .functor AND 1, L_0x562fef38fc80, L_0x562fef38fdd0, C4<1>, C4<1>;
L_0x562fef38ffa0 .functor AND 1, L_0x562fef38fe40, v0x562fef38f5d0_0, C4<1>, C4<1>;
L_0x562fef3900b0 .functor NOT 1, L_0x562fef38ffa0, C4<0>, C4<0>, C4<0>;
L_0x562fef3901d0 .functor AND 1, L_0x562fef38fbc0, v0x562fef38f5d0_0, C4<1>, C4<1>;
L_0x562fef390240 .functor AND 1, L_0x562fef3901d0, L_0x562fef390610, C4<1>, C4<1>;
L_0x562fef390370 .functor NOT 1, L_0x562fef390240, C4<0>, C4<0>, C4<0>;
L_0x562fef390430 .functor AND 1, L_0x562fef3900b0, v0x562fef38f350_0, C4<1>, C4<1>;
L_0x562fef390300 .functor AND 1, L_0x562fef390430, L_0x562fef390370, C4<1>, C4<1>;
L_0x562fef390610 .functor NOT 1, L_0x562fef390300, C4<0>, C4<0>, C4<0>;
L_0x562fef3907b0 .functor AND 1, L_0x562fef390370, v0x562fef38f350_0, C4<1>, C4<1>;
L_0x562fef390820 .functor AND 1, L_0x562fef3907b0, v0x562fef38f290_0, C4<1>, C4<1>;
L_0x562fef390930 .functor NOT 1, L_0x562fef390820, C4<0>, C4<0>, C4<0>;
L_0x562fef3909a0 .functor AND 1, L_0x562fef390610, v0x562fef38f290_0, C4<1>, C4<1>;
L_0x562fef390ac0 .functor AND 1, L_0x562fef3909a0, v0x562fef38f5d0_0, C4<1>, C4<1>;
L_0x562fef390b80 .functor NOT 1, L_0x562fef390ac0, C4<0>, C4<0>, C4<0>;
L_0x562fef390cb0 .functor AND 1, L_0x562fef390930, v0x562fef38f5d0_0, C4<1>, C4<1>;
L_0x562fef390d70 .functor AND 1, L_0x562fef390cb0, L_0x562fef3912b0, C4<1>, C4<1>;
L_0x562fef390f00 .functor NOT 1, L_0x562fef390d70, C4<0>, C4<0>, C4<0>;
L_0x562fef390fc0 .functor AND 1, L_0x562fef390b80, v0x562fef38f350_0, C4<1>, C4<1>;
L_0x562fef391160 .functor AND 1, L_0x562fef390fc0, L_0x562fef390f00, C4<1>, C4<1>;
L_0x562fef3912b0 .functor NOT 1, L_0x562fef391160, C4<0>, C4<0>, C4<0>;
v0x562fef36df40_0 .net *"_s0", 0 0, L_0x562fef38f770;  1 drivers
v0x562fef38d720_0 .net *"_s10", 0 0, L_0x562fef38fc80;  1 drivers
v0x562fef38d800_0 .net *"_s12", 0 0, L_0x562fef38fdd0;  1 drivers
v0x562fef38d8c0_0 .net *"_s14", 0 0, L_0x562fef38fe40;  1 drivers
v0x562fef38d9a0_0 .net *"_s16", 0 0, L_0x562fef38ffa0;  1 drivers
v0x562fef38dad0_0 .net *"_s2", 0 0, L_0x562fef38f8b0;  1 drivers
v0x562fef38dbb0_0 .net *"_s20", 0 0, L_0x562fef3901d0;  1 drivers
v0x562fef38dc90_0 .net *"_s22", 0 0, L_0x562fef390240;  1 drivers
v0x562fef38dd70_0 .net *"_s26", 0 0, L_0x562fef390430;  1 drivers
v0x562fef38de50_0 .net *"_s28", 0 0, L_0x562fef390300;  1 drivers
v0x562fef38df30_0 .net *"_s32", 0 0, L_0x562fef3907b0;  1 drivers
v0x562fef38e010_0 .net *"_s34", 0 0, L_0x562fef390820;  1 drivers
v0x562fef38e0f0_0 .net *"_s38", 0 0, L_0x562fef3909a0;  1 drivers
v0x562fef38e1d0_0 .net *"_s4", 0 0, L_0x562fef38f970;  1 drivers
v0x562fef38e2b0_0 .net *"_s40", 0 0, L_0x562fef390ac0;  1 drivers
v0x562fef38e390_0 .net *"_s44", 0 0, L_0x562fef390cb0;  1 drivers
v0x562fef38e470_0 .net *"_s46", 0 0, L_0x562fef390d70;  1 drivers
v0x562fef38e550_0 .net *"_s50", 0 0, L_0x562fef390fc0;  1 drivers
v0x562fef38e630_0 .net *"_s52", 0 0, L_0x562fef391160;  1 drivers
v0x562fef38e710_0 .net *"_s6", 0 0, L_0x562fef38fa80;  1 drivers
v0x562fef38e7f0_0 .net "clk", 0 0, v0x562fef38f290_0;  1 drivers
v0x562fef38e8b0_0 .net "clrn", 0 0, v0x562fef38f350_0;  1 drivers
v0x562fef38e970_0 .net "j", 0 0, v0x562fef38f3f0_0;  1 drivers
v0x562fef38ea30_0 .net "k", 0 0, v0x562fef38f490_0;  1 drivers
v0x562fef38eaf0_0 .net "nq", 0 0, L_0x562fef3912b0;  alias, 1 drivers
v0x562fef38ebb0_0 .net "prn", 0 0, v0x562fef38f5d0_0;  1 drivers
v0x562fef38ec70_0 .net "q", 0 0, L_0x562fef390f00;  alias, 1 drivers
v0x562fef38ed30_0 .net "w1", 0 0, L_0x562fef38fbc0;  1 drivers
v0x562fef38edf0_0 .net "w2", 0 0, L_0x562fef3900b0;  1 drivers
v0x562fef38eeb0_0 .net "w3", 0 0, L_0x562fef390370;  1 drivers
v0x562fef38ef70_0 .net "w4", 0 0, L_0x562fef390610;  1 drivers
v0x562fef38f030_0 .net "w5", 0 0, L_0x562fef390930;  1 drivers
v0x562fef38f0f0_0 .net "w6", 0 0, L_0x562fef390b80;  1 drivers
    .scope S_0x562fef36dc40;
T_0 ;
    %pushi/vec4 0, 0, 1;
    %store/vec4 v0x562fef38f5d0_0, 0, 1;
    %pushi/vec4 0, 0, 1;
    %store/vec4 v0x562fef38f3f0_0, 0, 1;
    %pushi/vec4 0, 0, 1;
    %store/vec4 v0x562fef38f490_0, 0, 1;
    %pushi/vec4 1, 0, 1;
    %store/vec4 v0x562fef38f290_0, 0, 1;
    %pushi/vec4 1, 0, 1;
    %store/vec4 v0x562fef38f350_0, 0, 1;
    %vpi_call 2 16 "$display", "time\011prn\011j\011k\011clk\011clrn\011q\011nq" {0 0 0};
    %vpi_call 2 16 "$monitor", "%2d:\011%b\011%b\011%b\011%b\011%b\011%b\011%b", $time, v0x562fef38f5d0_0, v0x562fef38f3f0_0, v0x562fef38f490_0, v0x562fef38f290_0, v0x562fef38f350_0, v0x562fef38f6a0_0, v0x562fef38f530_0 {0 0 0};
    %delay 23, 0;
    %vpi_call 2 17 "$finish" {0 0 0};
    %end;
    .thread T_0;
    .scope S_0x562fef36dc40;
T_1 ;
    %delay 3, 0;
    %pushi/vec4 1, 0, 1;
    %store/vec4 v0x562fef38f3f0_0, 0, 1;
    %delay 5, 0;
    %pushi/vec4 0, 0, 1;
    %store/vec4 v0x562fef38f3f0_0, 0, 1;
    %delay 7, 0;
    %pushi/vec4 1, 0, 1;
    %store/vec4 v0x562fef38f3f0_0, 0, 1;
    %delay 15, 0;
    %pushi/vec4 0, 0, 1;
    %store/vec4 v0x562fef38f3f0_0, 0, 1;
    %end;
    .thread T_1;
    .scope S_0x562fef36dc40;
T_2 ;
    %delay 1, 0;
    %pushi/vec4 1, 0, 1;
    %store/vec4 v0x562fef38f490_0, 0, 1;
    %delay 3, 0;
    %pushi/vec4 0, 0, 1;
    %store/vec4 v0x562fef38f490_0, 0, 1;
    %delay 7, 0;
    %pushi/vec4 1, 0, 1;
    %store/vec4 v0x562fef38f490_0, 0, 1;
    %delay 15, 0;
    %pushi/vec4 0, 0, 1;
    %store/vec4 v0x562fef38f490_0, 0, 1;
    %end;
    .thread T_2;
    .scope S_0x562fef36dc40;
T_3 ;
    %delay 1, 0;
    %load/vec4 v0x562fef38f290_0;
    %nor/r;
    %store/vec4 v0x562fef38f290_0, 0, 1;
    %jmp T_3;
    .thread T_3;
    .scope S_0x562fef36dc40;
T_4 ;
    %delay 3, 0;
    %load/vec4 v0x562fef38f5d0_0;
    %nor/r;
    %store/vec4 v0x562fef38f5d0_0, 0, 1;
    %jmp T_4;
    .thread T_4;
    .scope S_0x562fef36dc40;
T_5 ;
    %vpi_call 2 37 "$dumpfile", "jkff.vcd" {0 0 0};
    %vpi_call 2 38 "$dumpvars" {0 0 0};
    %end;
    .thread T_5;
# The file index is used to find the file name in the following table.
:file_names 4;
    "N/A";
    "<interactive>";
    "jkff_tb.v";
    "jkff.v";
