#! /usr/bin/vvp
:ivl_version "10.1 (stable)";
:ivl_delay_selection "TYPICAL";
:vpi_time_precision - 9;
:vpi_module "system";
:vpi_module "vhdl_sys";
:vpi_module "v2005_math";
:vpi_module "va_math";
S_0x560b7d5e13f0 .scope module, "dff" "dff" 2 1;
 .timescale 0 0;
    .port_info 0 /INPUT 1 "d"
    .port_info 1 /INPUT 1 "clk"
    .port_info 2 /INPUT 1 "clrn"
    .port_info 3 /OUTPUT 1 "q"
o0x7f761871d558 .functor BUFZ 1, C4<z>; HiZ drive
L_0x560b7d613530 .functor NOT 1, o0x7f761871d558, C4<0>, C4<0>, C4<0>;
o0x7f761871d678 .functor BUFZ 1, C4<z>; HiZ drive
L_0x560b7d613c80 .functor NOT 1, o0x7f761871d678, C4<0>, C4<0>, C4<0>;
L_0x560b7d613cf0 .functor AND 1, L_0x560b7d6139d0, L_0x560b7d613c80, C4<1>, C4<1>;
v0x560b7d60c370_0 .net *"_s2", 0 0, L_0x560b7d613c80;  1 drivers
v0x560b7d60c450_0 .net "clk", 0 0, o0x7f761871d558;  0 drivers
v0x560b7d60c510_0 .net "clrn", 0 0, o0x7f761871d678;  0 drivers
o0x7f761871d258 .functor BUFZ 1, C4<z>; HiZ drive
v0x560b7d60c5e0_0 .net "d", 0 0, o0x7f761871d258;  0 drivers
v0x560b7d60c6b0_0 .net "nq", 0 0, L_0x560b7d613430;  1 drivers
v0x560b7d60c7f0_0 .net "nq2", 0 0, L_0x560b7d613b80;  1 drivers
v0x560b7d60c8e0_0 .net "q", 0 0, L_0x560b7d613cf0;  1 drivers
v0x560b7d60c980_0 .net "qw", 0 0, L_0x560b7d613280;  1 drivers
v0x560b7d60ca20_0 .net "qw2", 0 0, L_0x560b7d6139d0;  1 drivers
S_0x560b7d5dbe70 .scope module, "a1" "dlatch" 2 7, 3 1 0, S_0x560b7d5e13f0;
 .timescale 0 0;
    .port_info 0 /INPUT 1 "clk"
    .port_info 1 /INPUT 1 "d"
    .port_info 2 /OUTPUT 1 "q"
    .port_info 3 /OUTPUT 1 "nq"
L_0x560b7d612f60 .functor NOT 1, o0x7f761871d258, C4<0>, C4<0>, C4<0>;
L_0x560b7d612fd0 .functor AND 1, L_0x560b7d612f60, L_0x560b7d613530, C4<1>, C4<1>;
L_0x560b7d6130e0 .functor AND 1, o0x7f761871d258, L_0x560b7d613530, C4<1>, C4<1>;
v0x560b7d60ad10_0 .net *"_s0", 0 0, L_0x560b7d612f60;  1 drivers
v0x560b7d60ae10_0 .net "clk", 0 0, L_0x560b7d613530;  1 drivers
v0x560b7d60aed0_0 .net "d", 0 0, o0x7f761871d258;  alias, 0 drivers
v0x560b7d60af70_0 .net "nq", 0 0, L_0x560b7d613430;  alias, 1 drivers
v0x560b7d60b010_0 .net "q", 0 0, L_0x560b7d613280;  alias, 1 drivers
v0x560b7d60b100_0 .net "r", 0 0, L_0x560b7d612fd0;  1 drivers
v0x560b7d60b1d0_0 .net "s", 0 0, L_0x560b7d6130e0;  1 drivers
S_0x560b7d5e78c0 .scope module, "a1" "rslatch" 3 10, 4 1 0, S_0x560b7d5dbe70;
 .timescale 0 0;
    .port_info 0 /INPUT 1 "r"
    .port_info 1 /INPUT 1 "s"
    .port_info 2 /OUTPUT 1 "q"
    .port_info 3 /OUTPUT 1 "nq"
L_0x560b7d6131f0 .functor OR 1, L_0x560b7d612fd0, L_0x560b7d613430, C4<0>, C4<0>;
L_0x560b7d613280 .functor NOT 1, L_0x560b7d6131f0, C4<0>, C4<0>, C4<0>;
L_0x560b7d6133a0 .functor OR 1, L_0x560b7d6130e0, L_0x560b7d613280, C4<0>, C4<0>;
L_0x560b7d613430 .functor NOT 1, L_0x560b7d6133a0, C4<0>, C4<0>, C4<0>;
v0x560b7d5e08e0_0 .net *"_s0", 0 0, L_0x560b7d6131f0;  1 drivers
v0x560b7d5e5da0_0 .net *"_s4", 0 0, L_0x560b7d6133a0;  1 drivers
v0x560b7d5eb230_0 .net "nq", 0 0, L_0x560b7d613430;  alias, 1 drivers
v0x560b7d60aa00_0 .net "q", 0 0, L_0x560b7d613280;  alias, 1 drivers
v0x560b7d60aac0_0 .net "r", 0 0, L_0x560b7d612fd0;  alias, 1 drivers
v0x560b7d60abd0_0 .net "s", 0 0, L_0x560b7d6130e0;  alias, 1 drivers
S_0x560b7d60b2d0 .scope module, "a2" "dlatch" 2 9, 3 1 0, S_0x560b7d5e13f0;
 .timescale 0 0;
    .port_info 0 /INPUT 1 "clk"
    .port_info 1 /INPUT 1 "d"
    .port_info 2 /OUTPUT 1 "q"
    .port_info 3 /OUTPUT 1 "nq"
L_0x560b7d613610 .functor NOT 1, L_0x560b7d613280, C4<0>, C4<0>, C4<0>;
L_0x560b7d6136a0 .functor AND 1, L_0x560b7d613610, o0x7f761871d558, C4<1>, C4<1>;
L_0x560b7d6137d0 .functor AND 1, L_0x560b7d613280, o0x7f761871d558, C4<1>, C4<1>;
v0x560b7d60bd60_0 .net *"_s0", 0 0, L_0x560b7d613610;  1 drivers
v0x560b7d60be60_0 .net "clk", 0 0, o0x7f761871d558;  alias, 0 drivers
v0x560b7d60bf20_0 .net "d", 0 0, L_0x560b7d613280;  alias, 1 drivers
v0x560b7d60c010_0 .net "nq", 0 0, L_0x560b7d613b80;  alias, 1 drivers
v0x560b7d60c0b0_0 .net "q", 0 0, L_0x560b7d6139d0;  alias, 1 drivers
v0x560b7d60c1a0_0 .net "r", 0 0, L_0x560b7d6136a0;  1 drivers
v0x560b7d60c270_0 .net "s", 0 0, L_0x560b7d6137d0;  1 drivers
S_0x560b7d60b530 .scope module, "a1" "rslatch" 3 10, 4 1 0, S_0x560b7d60b2d0;
 .timescale 0 0;
    .port_info 0 /INPUT 1 "r"
    .port_info 1 /INPUT 1 "s"
    .port_info 2 /OUTPUT 1 "q"
    .port_info 3 /OUTPUT 1 "nq"
L_0x560b7d613940 .functor OR 1, L_0x560b7d6136a0, L_0x560b7d613b80, C4<0>, C4<0>;
L_0x560b7d6139d0 .functor NOT 1, L_0x560b7d613940, C4<0>, C4<0>, C4<0>;
L_0x560b7d613a60 .functor OR 1, L_0x560b7d6137d0, L_0x560b7d6139d0, C4<0>, C4<0>;
L_0x560b7d613b80 .functor NOT 1, L_0x560b7d613a60, C4<0>, C4<0>, C4<0>;
v0x560b7d60b7a0_0 .net *"_s0", 0 0, L_0x560b7d613940;  1 drivers
v0x560b7d60b8a0_0 .net *"_s4", 0 0, L_0x560b7d613a60;  1 drivers
v0x560b7d60b980_0 .net "nq", 0 0, L_0x560b7d613b80;  alias, 1 drivers
v0x560b7d60ba50_0 .net "q", 0 0, L_0x560b7d6139d0;  alias, 1 drivers
v0x560b7d60bb10_0 .net "r", 0 0, L_0x560b7d6136a0;  alias, 1 drivers
v0x560b7d60bc20_0 .net "s", 0 0, L_0x560b7d6137d0;  alias, 1 drivers
S_0x560b7d5e6880 .scope module, "schematic_tb" "schematic_tb" 5 2;
 .timescale -9 -9;
v0x560b7d6128c0_0 .var "clk", 0 0;
v0x560b7d612a10_0 .var "clrn", 0 0;
v0x560b7d612b60_0 .var "d", 2 0;
v0x560b7d612c00_0 .var "di", 0 0;
v0x560b7d612ca0_0 .net "do", 0 0, L_0x560b7d617310;  1 drivers
v0x560b7d612d90_0 .var "load", 0 0;
v0x560b7d612ec0_0 .net "q", 2 0, L_0x560b7d617470;  1 drivers
S_0x560b7d60cb00 .scope module, "schematic_1" "schematic" 5 15, 6 1 0, S_0x560b7d5e6880;
 .timescale 0 0;
    .port_info 0 /INPUT 1 "di"
    .port_info 1 /INPUT 3 "d"
    .port_info 2 /INPUT 1 "load"
    .port_info 3 /INPUT 1 "clk"
    .port_info 4 /INPUT 1 "clrn"
    .port_info 5 /OUTPUT 3 "q"
    .port_info 6 /OUTPUT 1 "do"
L_0x560b7d615090 .functor BUFZ 1, L_0x560b7d614f30, C4<0>, C4<0>, C4<0>;
L_0x560b7d616210 .functor BUFZ 1, L_0x560b7d6160b0, C4<0>, C4<0>, C4<0>;
L_0x560b7d617600 .functor BUFZ 1, L_0x560b7d617310, C4<0>, C4<0>, C4<0>;
v0x560b7d611bc0_0 .net *"_s11", 0 0, L_0x560b7d616210;  1 drivers
v0x560b7d611cc0_0 .net *"_s18", 0 0, L_0x560b7d617600;  1 drivers
v0x560b7d611da0_0 .net *"_s5", 0 0, L_0x560b7d615090;  1 drivers
v0x560b7d611e60_0 .net "clk", 0 0, v0x560b7d6128c0_0;  1 drivers
v0x560b7d611f00_0 .net "clrn", 0 0, v0x560b7d612a10_0;  1 drivers
v0x560b7d611ff0_0 .net "d", 2 0, v0x560b7d612b60_0;  1 drivers
v0x560b7d6120d0_0 .net "di", 0 0, v0x560b7d612c00_0;  1 drivers
v0x560b7d612170_0 .net "do", 0 0, L_0x560b7d617310;  alias, 1 drivers
v0x560b7d612240_0 .net "load", 0 0, v0x560b7d612d90_0;  1 drivers
v0x560b7d6122e0_0 .net "q", 2 0, L_0x560b7d617470;  alias, 1 drivers
v0x560b7d612380_0 .net "w1", 0 0, L_0x560b7d613d60;  1 drivers
v0x560b7d612420_0 .net "w2", 0 0, L_0x560b7d614f30;  1 drivers
v0x560b7d612510_0 .net "w3", 0 0, L_0x560b7d615100;  1 drivers
v0x560b7d612600_0 .net "w4", 0 0, L_0x560b7d6160b0;  1 drivers
v0x560b7d6126f0_0 .net "w5", 0 0, L_0x560b7d616280;  1 drivers
L_0x560b7d613e00 .part v0x560b7d612b60_0, 2, 1;
L_0x560b7d6151e0 .part v0x560b7d612b60_0, 1, 1;
L_0x560b7d616340 .part v0x560b7d612b60_0, 0, 1;
L_0x560b7d617470 .concat8 [ 1 1 1 0], L_0x560b7d617600, L_0x560b7d616210, L_0x560b7d615090;
S_0x560b7d60cda0 .scope module, "dff1" "dff2" 6 10, 7 1 0, S_0x560b7d60cb00;
 .timescale 0 0;
    .port_info 0 /INPUT 1 "d"
    .port_info 1 /INPUT 1 "clk"
    .port_info 2 /INPUT 1 "clrn"
    .port_info 3 /OUTPUT 1 "q"
L_0x560b7d613f40 .functor NOT 1, L_0x560b7d613d60, C4<0>, C4<0>, C4<0>;
L_0x560b7d614060 .functor NOT 1, v0x560b7d6128c0_0, C4<0>, C4<0>, C4<0>;
L_0x560b7d6140f0 .functor AND 1, L_0x560b7d613f40, L_0x560b7d614060, C4<1>, C4<1>;
L_0x560b7d6141b0 .functor NOT 1, v0x560b7d6128c0_0, C4<0>, C4<0>, C4<0>;
L_0x560b7d614220 .functor AND 1, L_0x560b7d613d60, L_0x560b7d6141b0, C4<1>, C4<1>;
L_0x560b7d6142e0 .functor OR 1, L_0x560b7d6140f0, L_0x560b7d614600, C4<0>, C4<0>;
L_0x560b7d6143e0 .functor NOT 1, L_0x560b7d6142e0, C4<0>, C4<0>, C4<0>;
L_0x560b7d6144a0 .functor OR 1, L_0x560b7d614220, L_0x560b7d6143e0, C4<0>, C4<0>;
L_0x560b7d614600 .functor NOT 1, L_0x560b7d6144a0, C4<0>, C4<0>, C4<0>;
L_0x560b7d614710 .functor NOT 1, L_0x560b7d6143e0, C4<0>, C4<0>, C4<0>;
L_0x560b7d6147e0 .functor AND 1, L_0x560b7d614710, v0x560b7d6128c0_0, C4<1>, C4<1>;
L_0x560b7d614850 .functor AND 1, L_0x560b7d6143e0, v0x560b7d6128c0_0, C4<1>, C4<1>;
L_0x560b7d614ad0 .functor OR 1, L_0x560b7d6147e0, L_0x560b7d614d20, C4<0>, C4<0>;
L_0x560b7d614b40 .functor NOT 1, L_0x560b7d614ad0, C4<0>, C4<0>, C4<0>;
L_0x560b7d614a60 .functor OR 1, L_0x560b7d614850, L_0x560b7d614b40, C4<0>, C4<0>;
L_0x560b7d614d20 .functor NOT 1, L_0x560b7d614a60, C4<0>, C4<0>, C4<0>;
L_0x560b7d614ec0 .functor NOT 1, v0x560b7d612a10_0, C4<0>, C4<0>, C4<0>;
L_0x560b7d614f30 .functor AND 1, L_0x560b7d614b40, L_0x560b7d614ec0, C4<1>, C4<1>;
v0x560b7d60d000_0 .net *"_s0", 0 0, L_0x560b7d613f40;  1 drivers
v0x560b7d60d100_0 .net *"_s10", 0 0, L_0x560b7d6142e0;  1 drivers
v0x560b7d60d1e0_0 .net *"_s14", 0 0, L_0x560b7d6144a0;  1 drivers
v0x560b7d60d2a0_0 .net *"_s18", 0 0, L_0x560b7d614710;  1 drivers
v0x560b7d60d380_0 .net *"_s2", 0 0, L_0x560b7d614060;  1 drivers
v0x560b7d60d4b0_0 .net *"_s24", 0 0, L_0x560b7d614ad0;  1 drivers
v0x560b7d60d590_0 .net *"_s28", 0 0, L_0x560b7d614a60;  1 drivers
v0x560b7d60d670_0 .net *"_s32", 0 0, L_0x560b7d614ec0;  1 drivers
v0x560b7d60d750_0 .net *"_s6", 0 0, L_0x560b7d6141b0;  1 drivers
v0x560b7d60d830_0 .net "clk", 0 0, v0x560b7d6128c0_0;  alias, 1 drivers
v0x560b7d60d8f0_0 .net "clrn", 0 0, v0x560b7d612a10_0;  alias, 1 drivers
v0x560b7d60d9b0_0 .net "d", 0 0, L_0x560b7d613d60;  alias, 1 drivers
v0x560b7d60da70_0 .net "nq", 0 0, L_0x560b7d614600;  1 drivers
v0x560b7d60db30_0 .net "nq2", 0 0, L_0x560b7d614d20;  1 drivers
v0x560b7d60dbf0_0 .net "q", 0 0, L_0x560b7d614f30;  alias, 1 drivers
v0x560b7d60dcb0_0 .net "qu", 0 0, L_0x560b7d614b40;  1 drivers
v0x560b7d60dd70_0 .net "qw", 0 0, L_0x560b7d6143e0;  1 drivers
v0x560b7d60de30_0 .net "r", 0 0, L_0x560b7d6140f0;  1 drivers
v0x560b7d60def0_0 .net "r2", 0 0, L_0x560b7d6147e0;  1 drivers
v0x560b7d60dfb0_0 .net "s", 0 0, L_0x560b7d614220;  1 drivers
v0x560b7d60e070_0 .net "s2", 0 0, L_0x560b7d614850;  1 drivers
S_0x560b7d60e1b0 .scope module, "dff2" "dff2" 6 14, 7 1 0, S_0x560b7d60cb00;
 .timescale 0 0;
    .port_info 0 /INPUT 1 "d"
    .port_info 1 /INPUT 1 "clk"
    .port_info 2 /INPUT 1 "clrn"
    .port_info 3 /OUTPUT 1 "q"
L_0x560b7d615280 .functor NOT 1, L_0x560b7d615100, C4<0>, C4<0>, C4<0>;
L_0x560b7d6152f0 .functor NOT 1, v0x560b7d6128c0_0, C4<0>, C4<0>, C4<0>;
L_0x560b7d615380 .functor AND 1, L_0x560b7d615280, L_0x560b7d6152f0, C4<1>, C4<1>;
L_0x560b7d615440 .functor NOT 1, v0x560b7d6128c0_0, C4<0>, C4<0>, C4<0>;
L_0x560b7d6154b0 .functor AND 1, L_0x560b7d615100, L_0x560b7d615440, C4<1>, C4<1>;
L_0x560b7d615570 .functor OR 1, L_0x560b7d615380, L_0x560b7d615890, C4<0>, C4<0>;
L_0x560b7d615670 .functor NOT 1, L_0x560b7d615570, C4<0>, C4<0>, C4<0>;
L_0x560b7d615730 .functor OR 1, L_0x560b7d6154b0, L_0x560b7d615670, C4<0>, C4<0>;
L_0x560b7d615890 .functor NOT 1, L_0x560b7d615730, C4<0>, C4<0>, C4<0>;
L_0x560b7d6159a0 .functor NOT 1, L_0x560b7d615670, C4<0>, C4<0>, C4<0>;
L_0x560b7d615a70 .functor AND 1, L_0x560b7d6159a0, v0x560b7d6128c0_0, C4<1>, C4<1>;
L_0x560b7d615ae0 .functor AND 1, L_0x560b7d615670, v0x560b7d6128c0_0, C4<1>, C4<1>;
L_0x560b7d615c50 .functor OR 1, L_0x560b7d615a70, L_0x560b7d615ea0, C4<0>, C4<0>;
L_0x560b7d615cc0 .functor NOT 1, L_0x560b7d615c50, C4<0>, C4<0>, C4<0>;
L_0x560b7d615be0 .functor OR 1, L_0x560b7d615ae0, L_0x560b7d615cc0, C4<0>, C4<0>;
L_0x560b7d615ea0 .functor NOT 1, L_0x560b7d615be0, C4<0>, C4<0>, C4<0>;
L_0x560b7d616040 .functor NOT 1, v0x560b7d612a10_0, C4<0>, C4<0>, C4<0>;
L_0x560b7d6160b0 .functor AND 1, L_0x560b7d615cc0, L_0x560b7d616040, C4<1>, C4<1>;
v0x560b7d60e3c0_0 .net *"_s0", 0 0, L_0x560b7d615280;  1 drivers
v0x560b7d60e4a0_0 .net *"_s10", 0 0, L_0x560b7d615570;  1 drivers
v0x560b7d60e580_0 .net *"_s14", 0 0, L_0x560b7d615730;  1 drivers
v0x560b7d60e640_0 .net *"_s18", 0 0, L_0x560b7d6159a0;  1 drivers
v0x560b7d60e720_0 .net *"_s2", 0 0, L_0x560b7d6152f0;  1 drivers
v0x560b7d60e850_0 .net *"_s24", 0 0, L_0x560b7d615c50;  1 drivers
v0x560b7d60e930_0 .net *"_s28", 0 0, L_0x560b7d615be0;  1 drivers
v0x560b7d60ea10_0 .net *"_s32", 0 0, L_0x560b7d616040;  1 drivers
v0x560b7d60eaf0_0 .net *"_s6", 0 0, L_0x560b7d615440;  1 drivers
v0x560b7d60ebd0_0 .net "clk", 0 0, v0x560b7d6128c0_0;  alias, 1 drivers
v0x560b7d60ec70_0 .net "clrn", 0 0, v0x560b7d612a10_0;  alias, 1 drivers
v0x560b7d60ed10_0 .net "d", 0 0, L_0x560b7d615100;  alias, 1 drivers
v0x560b7d60edb0_0 .net "nq", 0 0, L_0x560b7d615890;  1 drivers
v0x560b7d60ee50_0 .net "nq2", 0 0, L_0x560b7d615ea0;  1 drivers
v0x560b7d60ef10_0 .net "q", 0 0, L_0x560b7d6160b0;  alias, 1 drivers
v0x560b7d60efd0_0 .net "qu", 0 0, L_0x560b7d615cc0;  1 drivers
v0x560b7d60f090_0 .net "qw", 0 0, L_0x560b7d615670;  1 drivers
v0x560b7d60f150_0 .net "r", 0 0, L_0x560b7d615380;  1 drivers
v0x560b7d60f210_0 .net "r2", 0 0, L_0x560b7d615a70;  1 drivers
v0x560b7d60f2d0_0 .net "s", 0 0, L_0x560b7d6154b0;  1 drivers
v0x560b7d60f390_0 .net "s2", 0 0, L_0x560b7d615ae0;  1 drivers
S_0x560b7d60f500 .scope module, "dff3" "dff2" 6 18, 7 1 0, S_0x560b7d60cb00;
 .timescale 0 0;
    .port_info 0 /INPUT 1 "d"
    .port_info 1 /INPUT 1 "clk"
    .port_info 2 /INPUT 1 "clrn"
    .port_info 3 /OUTPUT 1 "q"
L_0x560b7d616470 .functor NOT 1, L_0x560b7d616280, C4<0>, C4<0>, C4<0>;
L_0x560b7d616570 .functor NOT 1, v0x560b7d6128c0_0, C4<0>, C4<0>, C4<0>;
L_0x560b7d616600 .functor AND 1, L_0x560b7d616470, L_0x560b7d616570, C4<1>, C4<1>;
L_0x560b7d616670 .functor NOT 1, v0x560b7d6128c0_0, C4<0>, C4<0>, C4<0>;
L_0x560b7d616710 .functor AND 1, L_0x560b7d616280, L_0x560b7d616670, C4<1>, C4<1>;
L_0x560b7d6167d0 .functor OR 1, L_0x560b7d616600, L_0x560b7d616af0, C4<0>, C4<0>;
L_0x560b7d6168d0 .functor NOT 1, L_0x560b7d6167d0, C4<0>, C4<0>, C4<0>;
L_0x560b7d616990 .functor OR 1, L_0x560b7d616710, L_0x560b7d6168d0, C4<0>, C4<0>;
L_0x560b7d616af0 .functor NOT 1, L_0x560b7d616990, C4<0>, C4<0>, C4<0>;
L_0x560b7d616c00 .functor NOT 1, L_0x560b7d6168d0, C4<0>, C4<0>, C4<0>;
L_0x560b7d616cd0 .functor AND 1, L_0x560b7d616c00, v0x560b7d6128c0_0, C4<1>, C4<1>;
L_0x560b7d616d40 .functor AND 1, L_0x560b7d6168d0, v0x560b7d6128c0_0, C4<1>, C4<1>;
L_0x560b7d616eb0 .functor OR 1, L_0x560b7d616cd0, L_0x560b7d617100, C4<0>, C4<0>;
L_0x560b7d616f20 .functor NOT 1, L_0x560b7d616eb0, C4<0>, C4<0>, C4<0>;
L_0x560b7d616e40 .functor OR 1, L_0x560b7d616d40, L_0x560b7d616f20, C4<0>, C4<0>;
L_0x560b7d617100 .functor NOT 1, L_0x560b7d616e40, C4<0>, C4<0>, C4<0>;
L_0x560b7d6172a0 .functor NOT 1, v0x560b7d612a10_0, C4<0>, C4<0>, C4<0>;
L_0x560b7d617310 .functor AND 1, L_0x560b7d616f20, L_0x560b7d6172a0, C4<1>, C4<1>;
v0x560b7d60f720_0 .net *"_s0", 0 0, L_0x560b7d616470;  1 drivers
v0x560b7d60f800_0 .net *"_s10", 0 0, L_0x560b7d6167d0;  1 drivers
v0x560b7d60f8e0_0 .net *"_s14", 0 0, L_0x560b7d616990;  1 drivers
v0x560b7d60f9d0_0 .net *"_s18", 0 0, L_0x560b7d616c00;  1 drivers
v0x560b7d60fab0_0 .net *"_s2", 0 0, L_0x560b7d616570;  1 drivers
v0x560b7d60fbe0_0 .net *"_s24", 0 0, L_0x560b7d616eb0;  1 drivers
v0x560b7d60fcc0_0 .net *"_s28", 0 0, L_0x560b7d616e40;  1 drivers
v0x560b7d60fda0_0 .net *"_s32", 0 0, L_0x560b7d6172a0;  1 drivers
v0x560b7d60fe80_0 .net *"_s6", 0 0, L_0x560b7d616670;  1 drivers
v0x560b7d60ff60_0 .net "clk", 0 0, v0x560b7d6128c0_0;  alias, 1 drivers
v0x560b7d610000_0 .net "clrn", 0 0, v0x560b7d612a10_0;  alias, 1 drivers
v0x560b7d6100f0_0 .net "d", 0 0, L_0x560b7d616280;  alias, 1 drivers
v0x560b7d6101b0_0 .net "nq", 0 0, L_0x560b7d616af0;  1 drivers
v0x560b7d610270_0 .net "nq2", 0 0, L_0x560b7d617100;  1 drivers
v0x560b7d610330_0 .net "q", 0 0, L_0x560b7d617310;  alias, 1 drivers
v0x560b7d6103f0_0 .net "qu", 0 0, L_0x560b7d616f20;  1 drivers
v0x560b7d6104b0_0 .net "qw", 0 0, L_0x560b7d6168d0;  1 drivers
v0x560b7d610680_0 .net "r", 0 0, L_0x560b7d616600;  1 drivers
v0x560b7d610740_0 .net "r2", 0 0, L_0x560b7d616cd0;  1 drivers
v0x560b7d610800_0 .net "s", 0 0, L_0x560b7d616710;  1 drivers
v0x560b7d6108c0_0 .net "s2", 0 0, L_0x560b7d616d40;  1 drivers
S_0x560b7d610a00 .scope module, "m1" "mux2_1" 6 9, 8 1 0, S_0x560b7d60cb00;
 .timescale 0 0;
    .port_info 0 /INPUT 1 "a"
    .port_info 1 /INPUT 1 "b"
    .port_info 2 /INPUT 1 "s"
    .port_info 3 /OUTPUT 1 "out"
v0x560b7d610c40_0 .net "a", 0 0, v0x560b7d612c00_0;  alias, 1 drivers
v0x560b7d610d20_0 .net "b", 0 0, L_0x560b7d613e00;  1 drivers
v0x560b7d610de0_0 .net "out", 0 0, L_0x560b7d613d60;  alias, 1 drivers
v0x560b7d610e80_0 .net "s", 0 0, v0x560b7d612d90_0;  alias, 1 drivers
L_0x560b7d613d60 .functor MUXZ 1, v0x560b7d612c00_0, L_0x560b7d613e00, v0x560b7d612d90_0, C4<>;
S_0x560b7d610fb0 .scope module, "m2" "mux2_1" 6 13, 8 1 0, S_0x560b7d60cb00;
 .timescale 0 0;
    .port_info 0 /INPUT 1 "a"
    .port_info 1 /INPUT 1 "b"
    .port_info 2 /INPUT 1 "s"
    .port_info 3 /OUTPUT 1 "out"
v0x560b7d611240_0 .net "a", 0 0, L_0x560b7d614f30;  alias, 1 drivers
v0x560b7d611300_0 .net "b", 0 0, L_0x560b7d6151e0;  1 drivers
v0x560b7d6113a0_0 .net "out", 0 0, L_0x560b7d615100;  alias, 1 drivers
v0x560b7d6114a0_0 .net "s", 0 0, v0x560b7d612d90_0;  alias, 1 drivers
L_0x560b7d615100 .functor MUXZ 1, L_0x560b7d614f30, L_0x560b7d6151e0, v0x560b7d612d90_0, C4<>;
S_0x560b7d6115c0 .scope module, "m3" "mux2_1" 6 17, 8 1 0, S_0x560b7d60cb00;
 .timescale 0 0;
    .port_info 0 /INPUT 1 "a"
    .port_info 1 /INPUT 1 "b"
    .port_info 2 /INPUT 1 "s"
    .port_info 3 /OUTPUT 1 "out"
v0x560b7d611800_0 .net "a", 0 0, L_0x560b7d6160b0;  alias, 1 drivers
v0x560b7d6118f0_0 .net "b", 0 0, L_0x560b7d616340;  1 drivers
v0x560b7d611990_0 .net "out", 0 0, L_0x560b7d616280;  alias, 1 drivers
v0x560b7d611a90_0 .net "s", 0 0, v0x560b7d612d90_0;  alias, 1 drivers
L_0x560b7d616280 .functor MUXZ 1, L_0x560b7d6160b0, L_0x560b7d616340, v0x560b7d612d90_0, C4<>;
    .scope S_0x560b7d5e6880;
T_0 ;
    %delay 1, 0;
    %load/vec4 v0x560b7d6128c0_0;
    %inv;
    %store/vec4 v0x560b7d6128c0_0, 0, 1;
    %jmp T_0;
    .thread T_0;
    .scope S_0x560b7d5e6880;
T_1 ;
    %delay 2, 0;
    %load/vec4 v0x560b7d612c00_0;
    %inv;
    %store/vec4 v0x560b7d612c00_0, 0, 1;
    %jmp T_1;
    .thread T_1;
    .scope S_0x560b7d5e6880;
T_2 ;
    %delay 1, 0;
    %load/vec4 v0x560b7d612b60_0;
    %parti/s 1, 0, 2;
    %inv;
    %ix/load 4, 0, 0;
    %flag_set/imm 4, 0;
    %store/vec4 v0x560b7d612b60_0, 4, 1;
    %jmp T_2;
    .thread T_2;
    .scope S_0x560b7d5e6880;
T_3 ;
    %delay 2, 0;
    %load/vec4 v0x560b7d612b60_0;
    %parti/s 1, 1, 2;
    %inv;
    %ix/load 4, 1, 0;
    %flag_set/imm 4, 0;
    %store/vec4 v0x560b7d612b60_0, 4, 1;
    %jmp T_3;
    .thread T_3;
    .scope S_0x560b7d5e6880;
T_4 ;
    %delay 4, 0;
    %load/vec4 v0x560b7d612b60_0;
    %parti/s 1, 2, 3;
    %inv;
    %ix/load 4, 2, 0;
    %flag_set/imm 4, 0;
    %store/vec4 v0x560b7d612b60_0, 4, 1;
    %jmp T_4;
    .thread T_4;
    .scope S_0x560b7d5e6880;
T_5 ;
    %delay 29, 0;
    %load/vec4 v0x560b7d612a10_0;
    %inv;
    %store/vec4 v0x560b7d612a10_0, 0, 1;
    %end;
    .thread T_5;
    .scope S_0x560b7d5e6880;
T_6 ;
    %delay 16, 0;
    %load/vec4 v0x560b7d612d90_0;
    %inv;
    %store/vec4 v0x560b7d612d90_0, 0, 1;
    %end;
    .thread T_6;
    .scope S_0x560b7d5e6880;
T_7 ;
    %pushi/vec4 1, 0, 1;
    %store/vec4 v0x560b7d6128c0_0, 0, 1;
    %pushi/vec4 1, 0, 1;
    %store/vec4 v0x560b7d612d90_0, 0, 1;
    %pushi/vec4 0, 0, 1;
    %store/vec4 v0x560b7d612a10_0, 0, 1;
    %pushi/vec4 1, 0, 1;
    %store/vec4 v0x560b7d612c00_0, 0, 1;
    %pushi/vec4 0, 0, 3;
    %assign/vec4 v0x560b7d612b60_0, 0;
    %vpi_call 5 35 "$display", "time\011di\011d\011load\011clk\011clrn\011q\011do" {0 0 0};
    %vpi_call 5 35 "$monitor", "%2d:\011%b\011%b\011%b\011%b\011%b\011%b\011%b", $time, v0x560b7d612c00_0, v0x560b7d612b60_0, v0x560b7d612d90_0, v0x560b7d6128c0_0, v0x560b7d612a10_0, v0x560b7d612ec0_0, v0x560b7d612ca0_0 {0 0 0};
    %delay 30, 0;
    %vpi_call 5 36 "$finish" {0 0 0};
    %end;
    .thread T_7;
    .scope S_0x560b7d5e6880;
T_8 ;
    %vpi_call 5 40 "$dumpfile", "schematic.vcd" {0 0 0};
    %vpi_call 5 41 "$dumpvars" {0 0 0};
    %end;
    .thread T_8;
# The file index is used to find the file name in the following table.
:file_names 9;
    "N/A";
    "<interactive>";
    "dff.v";
    "dlatch.v";
    "rslatch.v";
    "schematic_tb.v";
    "schematic.v";
    "dff2.v";
    "mux2_1.v";
