#! /usr/bin/vvp
:ivl_version "10.1 (stable)";
:ivl_delay_selection "TYPICAL";
:vpi_time_precision - 9;
:vpi_module "system";
:vpi_module "vhdl_sys";
:vpi_module "v2005_math";
:vpi_module "va_math";
S_0x56476bdf92a0 .scope module, "pajaro_tb" "pajaro_tb" 2 2;
 .timescale -9 -9;
v0x56476be19dd0_0 .var "clk", 0 0;
v0x56476be19e90_0 .var "der", 0 0;
v0x56476be19f60_0 .var "izq", 0 0;
v0x56476be1a060_0 .net "out", 2 0, L_0x56476bded020;  1 drivers
v0x56476be1a130_0 .var "rst", 0 0;
S_0x56476bdf9420 .scope module, "dodo" "pajaro" 2 7, 3 1 0, S_0x56476bdf92a0;
 .timescale 0 0;
    .port_info 0 /INPUT 1 "clk"
    .port_info 1 /INPUT 1 "rst"
    .port_info 2 /INPUT 1 "izq"
    .port_info 3 /INPUT 1 "der"
    .port_info 4 /OUTPUT 3 "out"
P_0x56476bdf95a0 .param/l "s0" 0 3 6, C4<000>;
P_0x56476bdf95e0 .param/l "s1" 0 3 7, C4<001>;
P_0x56476bdf9620 .param/l "s2" 0 3 8, C4<011>;
P_0x56476bdf9660 .param/l "s3" 0 3 9, C4<111>;
P_0x56476bdf96a0 .param/l "s4" 0 3 10, C4<100>;
P_0x56476bdf96e0 .param/l "s5" 0 3 11, C4<110>;
L_0x56476bded020 .functor BUFZ 3, v0x56476be19b70_0, C4<000>, C4<000>, C4<000>;
v0x56476bdf9940_0 .net "clk", 0 0, v0x56476be19dd0_0;  1 drivers
v0x56476be19820_0 .net "der", 0 0, v0x56476be19e90_0;  1 drivers
v0x56476be198e0_0 .net "izq", 0 0, v0x56476be19f60_0;  1 drivers
v0x56476be19980_0 .net "out", 2 0, L_0x56476bded020;  alias, 1 drivers
v0x56476be19a60_0 .net "rst", 0 0, v0x56476be1a130_0;  1 drivers
v0x56476be19b70_0 .var "state_1", 2 0;
v0x56476be19c50_0 .var "state_2", 2 0;
E_0x56476bdec910 .event edge, v0x56476be19b70_0, v0x56476be198e0_0, v0x56476be19820_0;
E_0x56476bdec800 .event posedge, v0x56476be19a60_0, v0x56476bdf9940_0;
    .scope S_0x56476bdf9420;
T_0 ;
    %wait E_0x56476bdec800;
    %load/vec4 v0x56476be19a60_0;
    %flag_set/vec4 8;
    %jmp/0xz  T_0.0, 8;
    %pushi/vec4 0, 0, 3;
    %store/vec4 v0x56476be19b70_0, 0, 3;
    %jmp T_0.1;
T_0.0 ;
    %load/vec4 v0x56476be19c50_0;
    %assign/vec4 v0x56476be19b70_0, 0;
T_0.1 ;
    %jmp T_0;
    .thread T_0;
    .scope S_0x56476bdf9420;
T_1 ;
    %wait E_0x56476bdec910;
    %load/vec4 v0x56476be19b70_0;
    %dup/vec4;
    %pushi/vec4 0, 0, 3;
    %cmp/u;
    %jmp/1 T_1.0, 6;
    %dup/vec4;
    %pushi/vec4 1, 0, 3;
    %cmp/u;
    %jmp/1 T_1.1, 6;
    %dup/vec4;
    %pushi/vec4 3, 0, 3;
    %cmp/u;
    %jmp/1 T_1.2, 6;
    %dup/vec4;
    %pushi/vec4 7, 0, 3;
    %cmp/u;
    %jmp/1 T_1.3, 6;
    %dup/vec4;
    %pushi/vec4 4, 0, 3;
    %cmp/u;
    %jmp/1 T_1.4, 6;
    %dup/vec4;
    %pushi/vec4 6, 0, 3;
    %cmp/u;
    %jmp/1 T_1.5, 6;
    %jmp T_1.6;
T_1.0 ;
    %load/vec4 v0x56476be198e0_0;
    %load/vec4 v0x56476be19820_0;
    %and;
    %flag_set/vec4 8;
    %load/vec4 v0x56476be198e0_0;
    %load/vec4 v0x56476be19820_0;
    %or;
    %inv;
    %flag_set/vec4 9;
    %flag_or 9, 8;
    %jmp/0xz  T_1.7, 9;
    %pushi/vec4 0, 0, 3;
    %store/vec4 v0x56476be19c50_0, 0, 3;
    %jmp T_1.8;
T_1.7 ;
    %load/vec4 v0x56476be19820_0;
    %flag_set/vec4 8;
    %jmp/0xz  T_1.9, 8;
    %pushi/vec4 4, 0, 3;
    %store/vec4 v0x56476be19c50_0, 0, 3;
    %jmp T_1.10;
T_1.9 ;
    %pushi/vec4 1, 0, 3;
    %store/vec4 v0x56476be19c50_0, 0, 3;
T_1.10 ;
T_1.8 ;
    %jmp T_1.6;
T_1.1 ;
    %pushi/vec4 3, 0, 3;
    %store/vec4 v0x56476be19c50_0, 0, 3;
    %jmp T_1.6;
T_1.2 ;
    %pushi/vec4 7, 0, 3;
    %store/vec4 v0x56476be19c50_0, 0, 3;
    %jmp T_1.6;
T_1.3 ;
    %load/vec4 v0x56476be198e0_0;
    %inv;
    %load/vec4 v0x56476be19820_0;
    %and;
    %flag_set/vec4 8;
    %jmp/0xz  T_1.11, 8;
    %pushi/vec4 4, 0, 3;
    %store/vec4 v0x56476be19c50_0, 0, 3;
    %jmp T_1.12;
T_1.11 ;
    %load/vec4 v0x56476be198e0_0;
    %load/vec4 v0x56476be19820_0;
    %inv;
    %and;
    %flag_set/vec4 8;
    %jmp/0xz  T_1.13, 8;
    %pushi/vec4 1, 0, 3;
    %store/vec4 v0x56476be19c50_0, 0, 3;
    %jmp T_1.14;
T_1.13 ;
    %pushi/vec4 0, 0, 3;
    %store/vec4 v0x56476be19c50_0, 0, 3;
T_1.14 ;
T_1.12 ;
    %jmp T_1.6;
T_1.4 ;
    %pushi/vec4 6, 0, 3;
    %store/vec4 v0x56476be19c50_0, 0, 3;
    %jmp T_1.6;
T_1.5 ;
    %pushi/vec4 7, 0, 3;
    %store/vec4 v0x56476be19c50_0, 0, 3;
    %jmp T_1.6;
T_1.6 ;
    %pop/vec4 1;
    %jmp T_1;
    .thread T_1, $push;
    .scope S_0x56476bdf92a0;
T_2 ;
    %delay 1, 0;
    %load/vec4 v0x56476be19dd0_0;
    %inv;
    %store/vec4 v0x56476be19dd0_0, 0, 1;
    %jmp T_2;
    .thread T_2;
    .scope S_0x56476bdf92a0;
T_3 ;
    %delay 1, 0;
    %pushi/vec4 0, 0, 1;
    %store/vec4 v0x56476be1a130_0, 0, 1;
    %jmp T_3;
    .thread T_3;
    .scope S_0x56476bdf92a0;
T_4 ;
    %pushi/vec4 1, 0, 1;
    %assign/vec4 v0x56476be19dd0_0, 0;
    %pushi/vec4 1, 0, 1;
    %assign/vec4 v0x56476be1a130_0, 0;
    %pushi/vec4 1, 0, 1;
    %assign/vec4 v0x56476be19f60_0, 0;
    %pushi/vec4 0, 0, 1;
    %assign/vec4 v0x56476be19e90_0, 0;
    %delay 3, 0;
    %pushi/vec4 1, 0, 1;
    %store/vec4 v0x56476be19f60_0, 0, 1;
    %delay 3, 0;
    %pushi/vec4 0, 0, 1;
    %store/vec4 v0x56476be19e90_0, 0, 1;
    %delay 5, 0;
    %pushi/vec4 1, 0, 1;
    %store/vec4 v0x56476be19e90_0, 0, 1;
    %delay 10, 0;
    %pushi/vec4 1, 0, 1;
    %store/vec4 v0x56476be19f60_0, 0, 1;
    %delay 4, 0;
    %pushi/vec4 0, 0, 1;
    %store/vec4 v0x56476be19e90_0, 0, 1;
    %delay 4, 0;
    %pushi/vec4 0, 0, 1;
    %store/vec4 v0x56476be19f60_0, 0, 1;
    %delay 1, 0;
    %pushi/vec4 1, 0, 1;
    %store/vec4 v0x56476be19e90_0, 0, 1;
    %delay 7, 0;
    %vpi_call 2 20 "$finish" {0 0 0};
    %end;
    .thread T_4;
    .scope S_0x56476bdf92a0;
T_5 ;
    %vpi_call 2 23 "$dumpfile", "pajaro.vcd" {0 0 0};
    %vpi_call 2 24 "$dumpvars" {0 0 0};
    %end;
    .thread T_5;
# The file index is used to find the file name in the following table.
:file_names 4;
    "N/A";
    "<interactive>";
    "pajaro_tb.v";
    "pajaro.v";
