#! /usr/bin/vvp
:ivl_version "10.1 (stable)";
:ivl_delay_selection "TYPICAL";
:vpi_time_precision - 9;
:vpi_module "system";
:vpi_module "vhdl_sys";
:vpi_module "v2005_math";
:vpi_module "va_math";
S_0x561728b4def0 .scope module, "ejercicio_4_tb" "ejercicio_4_tb" 2 2;
 .timescale -9 -9;
v0x561728b70a60_0 .var "en", 0 0;
v0x561728b70b00_0 .var "in_1", 2 0;
v0x561728b70bd0_0 .net "out_1", 7 0, L_0x561728b82a90;  1 drivers
S_0x561728b4e070 .scope module, "e4" "ejercicio_4" 2 7, 3 1 0, S_0x561728b4def0;
 .timescale 0 0;
    .port_info 0 /INPUT 3 "in_1"
    .port_info 1 /INPUT 1 "en"
    .port_info 2 /OUTPUT 8 "out_1"
L_0x7ff87b7610a8 .functor BUFT 1, C4<0>, C4<0>, C4<0>, C4<0>;
v0x561728b418a0_0 .net/2u *"_s10", 0 0, L_0x7ff87b7610a8;  1 drivers
v0x561728b3ffa0_0 .net *"_s101", 31 0, L_0x561728b82ec0;  1 drivers
L_0x7ff87b761600 .functor BUFT 1, C4<00000000000000000000000000000>, C4<0>, C4<0>, C4<0>;
v0x561728b3e590_0 .net *"_s104", 28 0, L_0x7ff87b761600;  1 drivers
L_0x7ff87b761648 .functor BUFT 1, C4<00000000000000000000000000000111>, C4<0>, C4<0>, C4<0>;
v0x561728b6e0b0_0 .net/2u *"_s105", 31 0, L_0x7ff87b761648;  1 drivers
v0x561728b6e190_0 .net *"_s107", 0 0, L_0x561728b82fb0;  1 drivers
L_0x7ff87b761690 .functor BUFT 1, C4<0>, C4<0>, C4<0>, C4<0>;
v0x561728b6e2a0_0 .net/2u *"_s109", 0 0, L_0x7ff87b761690;  1 drivers
v0x561728b6e380_0 .net *"_s111", 0 0, L_0x561728b831c0;  1 drivers
v0x561728b6e460_0 .net *"_s12", 0 0, L_0x561728b80fa0;  1 drivers
v0x561728b6e540_0 .net *"_s16", 31 0, L_0x561728b81160;  1 drivers
L_0x7ff87b7610f0 .functor BUFT 1, C4<00000000000000000000000000000>, C4<0>, C4<0>, C4<0>;
v0x561728b6e620_0 .net *"_s19", 28 0, L_0x7ff87b7610f0;  1 drivers
v0x561728b6e700_0 .net *"_s2", 31 0, L_0x561728b70cd0;  1 drivers
L_0x7ff87b761138 .functor BUFT 1, C4<00000000000000000000000000000001>, C4<0>, C4<0>, C4<0>;
v0x561728b6e7e0_0 .net/2u *"_s20", 31 0, L_0x7ff87b761138;  1 drivers
v0x561728b6e8c0_0 .net *"_s22", 0 0, L_0x561728b812d0;  1 drivers
L_0x7ff87b761180 .functor BUFT 1, C4<0>, C4<0>, C4<0>, C4<0>;
v0x561728b6e980_0 .net/2u *"_s24", 0 0, L_0x7ff87b761180;  1 drivers
v0x561728b6ea60_0 .net *"_s26", 0 0, L_0x561728b81410;  1 drivers
v0x561728b6eb40_0 .net *"_s30", 31 0, L_0x561728b81590;  1 drivers
L_0x7ff87b7611c8 .functor BUFT 1, C4<00000000000000000000000000000>, C4<0>, C4<0>, C4<0>;
v0x561728b6ec20_0 .net *"_s33", 28 0, L_0x7ff87b7611c8;  1 drivers
L_0x7ff87b761210 .functor BUFT 1, C4<00000000000000000000000000000010>, C4<0>, C4<0>, C4<0>;
v0x561728b6ed00_0 .net/2u *"_s34", 31 0, L_0x7ff87b761210;  1 drivers
v0x561728b6ede0_0 .net *"_s36", 0 0, L_0x561728b81630;  1 drivers
L_0x7ff87b761258 .functor BUFT 1, C4<0>, C4<0>, C4<0>, C4<0>;
v0x561728b6eea0_0 .net/2u *"_s38", 0 0, L_0x7ff87b761258;  1 drivers
v0x561728b6ef80_0 .net *"_s40", 0 0, L_0x561728b817c0;  1 drivers
v0x561728b6f060_0 .net *"_s44", 31 0, L_0x561728b81940;  1 drivers
L_0x7ff87b7612a0 .functor BUFT 1, C4<00000000000000000000000000000>, C4<0>, C4<0>, C4<0>;
v0x561728b6f140_0 .net *"_s47", 28 0, L_0x7ff87b7612a0;  1 drivers
L_0x7ff87b7612e8 .functor BUFT 1, C4<00000000000000000000000000000011>, C4<0>, C4<0>, C4<0>;
v0x561728b6f220_0 .net/2u *"_s48", 31 0, L_0x7ff87b7612e8;  1 drivers
L_0x7ff87b761018 .functor BUFT 1, C4<00000000000000000000000000000>, C4<0>, C4<0>, C4<0>;
v0x561728b6f300_0 .net *"_s5", 28 0, L_0x7ff87b761018;  1 drivers
v0x561728b6f3e0_0 .net *"_s50", 0 0, L_0x561728b81a40;  1 drivers
L_0x7ff87b761330 .functor BUFT 1, C4<0>, C4<0>, C4<0>, C4<0>;
v0x561728b6f4a0_0 .net/2u *"_s52", 0 0, L_0x7ff87b761330;  1 drivers
v0x561728b6f580_0 .net *"_s54", 0 0, L_0x561728b81b30;  1 drivers
v0x561728b6f660_0 .net *"_s58", 31 0, L_0x561728b81ce0;  1 drivers
L_0x7ff87b761060 .functor BUFT 1, C4<00000000000000000000000000000000>, C4<0>, C4<0>, C4<0>;
v0x561728b6f740_0 .net/2u *"_s6", 31 0, L_0x7ff87b761060;  1 drivers
L_0x7ff87b761378 .functor BUFT 1, C4<00000000000000000000000000000>, C4<0>, C4<0>, C4<0>;
v0x561728b6f820_0 .net *"_s61", 28 0, L_0x7ff87b761378;  1 drivers
L_0x7ff87b7613c0 .functor BUFT 1, C4<00000000000000000000000000000100>, C4<0>, C4<0>, C4<0>;
v0x561728b6f900_0 .net/2u *"_s62", 31 0, L_0x7ff87b7613c0;  1 drivers
v0x561728b6f9e0_0 .net *"_s64", 0 0, L_0x561728b81dd0;  1 drivers
L_0x7ff87b761408 .functor BUFT 1, C4<0>, C4<0>, C4<0>, C4<0>;
v0x561728b6faa0_0 .net/2u *"_s66", 0 0, L_0x7ff87b761408;  1 drivers
v0x561728b6fb80_0 .net *"_s68", 0 0, L_0x561728b81fc0;  1 drivers
v0x561728b6fc60_0 .net *"_s72", 31 0, L_0x561728b82100;  1 drivers
L_0x7ff87b761450 .functor BUFT 1, C4<00000000000000000000000000000>, C4<0>, C4<0>, C4<0>;
v0x561728b6fd40_0 .net *"_s75", 28 0, L_0x7ff87b761450;  1 drivers
L_0x7ff87b761498 .functor BUFT 1, C4<00000000000000000000000000000101>, C4<0>, C4<0>, C4<0>;
v0x561728b6fe20_0 .net/2u *"_s76", 31 0, L_0x7ff87b761498;  1 drivers
v0x561728b6ff00_0 .net *"_s78", 0 0, L_0x561728b82280;  1 drivers
v0x561728b6ffc0_0 .net *"_s8", 0 0, L_0x561728b80e30;  1 drivers
L_0x7ff87b7614e0 .functor BUFT 1, C4<0>, C4<0>, C4<0>, C4<0>;
v0x561728b70080_0 .net/2u *"_s80", 0 0, L_0x7ff87b7614e0;  1 drivers
v0x561728b70160_0 .net *"_s82", 0 0, L_0x561728b823f0;  1 drivers
v0x561728b70240_0 .net *"_s86", 31 0, L_0x561728b825d0;  1 drivers
L_0x7ff87b761528 .functor BUFT 1, C4<00000000000000000000000000000>, C4<0>, C4<0>, C4<0>;
v0x561728b70320_0 .net *"_s89", 28 0, L_0x7ff87b761528;  1 drivers
L_0x7ff87b761570 .functor BUFT 1, C4<00000000000000000000000000000110>, C4<0>, C4<0>, C4<0>;
v0x561728b70400_0 .net/2u *"_s90", 31 0, L_0x7ff87b761570;  1 drivers
v0x561728b704e0_0 .net *"_s92", 0 0, L_0x561728b826c0;  1 drivers
L_0x7ff87b7615b8 .functor BUFT 1, C4<0>, C4<0>, C4<0>, C4<0>;
v0x561728b705a0_0 .net/2u *"_s94", 0 0, L_0x7ff87b7615b8;  1 drivers
v0x561728b70680_0 .net *"_s96", 0 0, L_0x561728b82490;  1 drivers
v0x561728b70760_0 .net "en", 0 0, v0x561728b70a60_0;  1 drivers
v0x561728b70820_0 .net "in_1", 2 0, v0x561728b70b00_0;  1 drivers
v0x561728b70900_0 .net "out_1", 7 0, L_0x561728b82a90;  alias, 1 drivers
L_0x561728b70cd0 .concat [ 3 29 0 0], v0x561728b70b00_0, L_0x7ff87b761018;
L_0x561728b80e30 .cmp/eq 32, L_0x561728b70cd0, L_0x7ff87b761060;
L_0x561728b80fa0 .functor MUXZ 1, L_0x7ff87b7610a8, v0x561728b70a60_0, L_0x561728b80e30, C4<>;
L_0x561728b81160 .concat [ 3 29 0 0], v0x561728b70b00_0, L_0x7ff87b7610f0;
L_0x561728b812d0 .cmp/eq 32, L_0x561728b81160, L_0x7ff87b761138;
L_0x561728b81410 .functor MUXZ 1, L_0x7ff87b761180, v0x561728b70a60_0, L_0x561728b812d0, C4<>;
L_0x561728b81590 .concat [ 3 29 0 0], v0x561728b70b00_0, L_0x7ff87b7611c8;
L_0x561728b81630 .cmp/eq 32, L_0x561728b81590, L_0x7ff87b761210;
L_0x561728b817c0 .functor MUXZ 1, L_0x7ff87b761258, v0x561728b70a60_0, L_0x561728b81630, C4<>;
L_0x561728b81940 .concat [ 3 29 0 0], v0x561728b70b00_0, L_0x7ff87b7612a0;
L_0x561728b81a40 .cmp/eq 32, L_0x561728b81940, L_0x7ff87b7612e8;
L_0x561728b81b30 .functor MUXZ 1, L_0x7ff87b761330, v0x561728b70a60_0, L_0x561728b81a40, C4<>;
L_0x561728b81ce0 .concat [ 3 29 0 0], v0x561728b70b00_0, L_0x7ff87b761378;
L_0x561728b81dd0 .cmp/eq 32, L_0x561728b81ce0, L_0x7ff87b7613c0;
L_0x561728b81fc0 .functor MUXZ 1, L_0x7ff87b761408, v0x561728b70a60_0, L_0x561728b81dd0, C4<>;
L_0x561728b82100 .concat [ 3 29 0 0], v0x561728b70b00_0, L_0x7ff87b761450;
L_0x561728b82280 .cmp/eq 32, L_0x561728b82100, L_0x7ff87b761498;
L_0x561728b823f0 .functor MUXZ 1, L_0x7ff87b7614e0, v0x561728b70a60_0, L_0x561728b82280, C4<>;
L_0x561728b825d0 .concat [ 3 29 0 0], v0x561728b70b00_0, L_0x7ff87b761528;
L_0x561728b826c0 .cmp/eq 32, L_0x561728b825d0, L_0x7ff87b761570;
L_0x561728b82490 .functor MUXZ 1, L_0x7ff87b7615b8, v0x561728b70a60_0, L_0x561728b826c0, C4<>;
LS_0x561728b82a90_0_0 .concat8 [ 1 1 1 1], L_0x561728b80fa0, L_0x561728b81410, L_0x561728b817c0, L_0x561728b81b30;
LS_0x561728b82a90_0_4 .concat8 [ 1 1 1 1], L_0x561728b81fc0, L_0x561728b823f0, L_0x561728b82490, L_0x561728b831c0;
L_0x561728b82a90 .concat8 [ 4 4 0 0], LS_0x561728b82a90_0_0, LS_0x561728b82a90_0_4;
L_0x561728b82ec0 .concat [ 3 29 0 0], v0x561728b70b00_0, L_0x7ff87b761600;
L_0x561728b82fb0 .cmp/eq 32, L_0x561728b82ec0, L_0x7ff87b761648;
L_0x561728b831c0 .functor MUXZ 1, L_0x7ff87b761690, v0x561728b70a60_0, L_0x561728b82fb0, C4<>;
    .scope S_0x561728b4def0;
T_0 ;
    %pushi/vec4 0, 0, 3;
    %store/vec4 v0x561728b70b00_0, 0, 3;
    %pushi/vec4 1, 0, 1;
    %store/vec4 v0x561728b70a60_0, 0, 1;
    %vpi_call 2 13 "$display", "time\011en\011in_1\011out_1" {0 0 0};
    %vpi_call 2 13 "$monitor", "%2d:\011%b\011%b\011%b", $time, v0x561728b70a60_0, v0x561728b70b00_0, v0x561728b70bd0_0 {0 0 0};
    %delay 9, 0;
    %vpi_call 2 15 "$finish" {0 0 0};
    %end;
    .thread T_0;
    .scope S_0x561728b4def0;
T_1 ;
    %delay 1, 0;
    %load/vec4 v0x561728b70b00_0;
    %addi 1, 0, 3;
    %store/vec4 v0x561728b70b00_0, 0, 3;
    %jmp T_1;
    .thread T_1;
    .scope S_0x561728b4def0;
T_2 ;
    %delay 2, 0;
    %load/vec4 v0x561728b70b00_0;
    %store/vec4 v0x561728b70b00_0, 0, 3;
    %jmp T_2;
    .thread T_2;
    .scope S_0x561728b4def0;
T_3 ;
    %delay 3, 0;
    %load/vec4 v0x561728b70b00_0;
    %store/vec4 v0x561728b70b00_0, 0, 3;
    %jmp T_3;
    .thread T_3;
    .scope S_0x561728b4def0;
T_4 ;
    %delay 4, 0;
    %load/vec4 v0x561728b70b00_0;
    %store/vec4 v0x561728b70b00_0, 0, 3;
    %jmp T_4;
    .thread T_4;
    .scope S_0x561728b4def0;
T_5 ;
    %delay 5, 0;
    %load/vec4 v0x561728b70b00_0;
    %store/vec4 v0x561728b70b00_0, 0, 3;
    %jmp T_5;
    .thread T_5;
    .scope S_0x561728b4def0;
T_6 ;
    %delay 6, 0;
    %load/vec4 v0x561728b70b00_0;
    %store/vec4 v0x561728b70b00_0, 0, 3;
    %jmp T_6;
    .thread T_6;
    .scope S_0x561728b4def0;
T_7 ;
    %delay 7, 0;
    %load/vec4 v0x561728b70b00_0;
    %store/vec4 v0x561728b70b00_0, 0, 3;
    %jmp T_7;
    .thread T_7;
    .scope S_0x561728b4def0;
T_8 ;
    %delay 8, 0;
    %load/vec4 v0x561728b70a60_0;
    %inv;
    %store/vec4 v0x561728b70a60_0, 0, 1;
    %jmp T_8;
    .thread T_8;
    .scope S_0x561728b4def0;
T_9 ;
    %vpi_call 2 30 "$dumpfile", "ejercicio_4.vcd" {0 0 0};
    %vpi_call 2 31 "$dumpvars" {0 0 0};
    %end;
    .thread T_9;
# The file index is used to find the file name in the following table.
:file_names 4;
    "N/A";
    "<interactive>";
    "ejercicio_4_tb.v";
    "ejercicio_4.v";
