#! /usr/bin/vvp
:ivl_version "10.1 (stable)";
:ivl_delay_selection "TYPICAL";
:vpi_time_precision + 0;
:vpi_module "system";
:vpi_module "vhdl_sys";
:vpi_module "v2005_math";
:vpi_module "va_math";
S_0x55cd571137a0 .scope module, "assert_z1_state_110_tb" "assert_z1_state_110_tb" 2 1;
 .timescale 0 0;
v0x55cd57135140_0 .var "clk", 0 0;
v0x55cd57135200_0 .var "rst_n", 0 0;
v0x55cd571352c0_0 .var "x1", 0 0;
v0x55cd57135390_0 .net "y", 2 0, L_0x55cd57136130;  1 drivers
v0x55cd57135460_0 .net "z1", 0 0, L_0x55cd571361d0;  1 drivers
E_0x55cd570fef90 .event posedge, v0x55cd57111e40_0;
S_0x55cd57113920 .scope module, "inst1" "assert_z1_state_110" 2 35, 3 1 0, S_0x55cd571137a0;
 .timescale 0 0;
    .port_info 0 /INPUT 1 "rst_n"
    .port_info 1 /INPUT 1 "clk"
    .port_info 2 /INPUT 1 "x1"
    .port_info 3 /OUTPUT 3 "y"
    .port_info 4 /OUTPUT 1 "z1"
L_0x55cd57135500 .functor AND 1, v0x55cd571352c0_0, L_0x55cd571355a0, L_0x55cd571356e0, C4<1>;
L_0x55cd571357d0 .functor AND 1, v0x55cd571352c0_0, L_0x55cd57135970, C4<1>, C4<1>;
L_0x55cd57135970 .functor NOT 1, L_0x55cd57135840, C4<0>, C4<0>, C4<0>;
L_0x55cd57135a30 .functor OR 1, L_0x55cd57135b70, L_0x55cd571357d0, C4<0>, C4<0>;
L_0x55cd57135c90 .functor AND 1, L_0x55cd57135df0, L_0x55cd57136020, C4<1>, C4<1>;
L_0x55cd57135df0 .functor NOT 1, L_0x55cd57135d50, C4<0>, C4<0>, C4<0>;
L_0x55cd57136020 .functor NOT 1, L_0x55cd57135f40, C4<0>, C4<0>, C4<0>;
L_0x55cd571361d0 .functor AND 1, L_0x55cd571362e0, L_0x55cd57136420, L_0x55cd57136610, C4<1>;
L_0x55cd57136610 .functor NOT 1, L_0x55cd57136510, C4<0>, C4<0>, C4<0>;
v0x55cd57133e80_0 .net *"_s1", 0 0, L_0x55cd571355a0;  1 drivers
v0x55cd57133f80_0 .net *"_s11", 0 0, L_0x55cd57135b70;  1 drivers
v0x55cd57134060_0 .net *"_s15", 0 0, L_0x55cd57135d50;  1 drivers
v0x55cd57134120_0 .net *"_s16", 0 0, L_0x55cd57135df0;  1 drivers
v0x55cd57134200_0 .net *"_s19", 0 0, L_0x55cd57135f40;  1 drivers
v0x55cd57134330_0 .net *"_s20", 0 0, L_0x55cd57136020;  1 drivers
v0x55cd57134410_0 .net *"_s26", 0 0, L_0x55cd571362e0;  1 drivers
v0x55cd571344f0_0 .net *"_s28", 0 0, L_0x55cd57136420;  1 drivers
v0x55cd571345d0_0 .net *"_s3", 0 0, L_0x55cd571356e0;  1 drivers
v0x55cd571346b0_0 .net *"_s30", 0 0, L_0x55cd57136510;  1 drivers
v0x55cd57134790_0 .net *"_s31", 0 0, L_0x55cd57136610;  1 drivers
v0x55cd57134870_0 .net *"_s7", 0 0, L_0x55cd57135840;  1 drivers
v0x55cd57134950_0 .net *"_s8", 0 0, L_0x55cd57135970;  1 drivers
v0x55cd57134a30_0 .net "clk", 0 0, v0x55cd57135140_0;  1 drivers
v0x55cd57134ad0_0 .net "net1", 0 0, L_0x55cd57135500;  1 drivers
v0x55cd57134b70_0 .net "net3", 0 0, L_0x55cd571357d0;  1 drivers
v0x55cd57134c10_0 .net "net4", 0 0, L_0x55cd57135a30;  1 drivers
v0x55cd57134ce0_0 .net "net6", 0 0, L_0x55cd57135c90;  1 drivers
v0x55cd57134db0_0 .net "rst_n", 0 0, v0x55cd57135200_0;  1 drivers
v0x55cd57134e50_0 .net "x1", 0 0, v0x55cd571352c0_0;  1 drivers
v0x55cd57134ef0_0 .net "y", 1 3, L_0x55cd57136130;  alias, 1 drivers
v0x55cd57134fb0_0 .net "z1", 0 0, L_0x55cd571361d0;  alias, 1 drivers
L_0x55cd571355a0 .part L_0x55cd57136130, 1, 1;
L_0x55cd571356e0 .part L_0x55cd57136130, 0, 1;
L_0x55cd57135840 .part L_0x55cd57136130, 0, 1;
L_0x55cd57135b70 .part L_0x55cd57136130, 0, 1;
L_0x55cd57135d50 .part L_0x55cd57136130, 1, 1;
L_0x55cd57135f40 .part L_0x55cd57136130, 0, 1;
L_0x55cd57136130 .concat8 [ 1 1 1 0], v0x55cd57133c70_0, v0x55cd5710ccf0_0, v0x55cd571123c0_0;
L_0x55cd571362e0 .part L_0x55cd57136130, 2, 1;
L_0x55cd57136420 .part L_0x55cd57136130, 1, 1;
L_0x55cd57136510 .part L_0x55cd57136130, 0, 1;
S_0x55cd57113aa0 .scope module, "inst2" "d_ff_bh" 3 9, 4 1 0, S_0x55cd57113920;
 .timescale 0 0;
    .port_info 0 /INPUT 1 "rst_n"
    .port_info 1 /INPUT 1 "clk"
    .port_info 2 /INPUT 1 "d"
    .port_info 3 /OUTPUT 1 "q"
v0x55cd57111e40_0 .net "clk", 0 0, v0x55cd57135140_0;  alias, 1 drivers
v0x55cd57112100_0 .net "d", 0 0, L_0x55cd57135500;  alias, 1 drivers
v0x55cd571123c0_0 .var "q", 0 0;
v0x55cd5710e710_0 .net "rst_n", 0 0, v0x55cd57135200_0;  alias, 1 drivers
E_0x55cd570c9d60/0 .event edge, v0x55cd5710e710_0;
E_0x55cd570c9d60/1 .event posedge, v0x55cd57111e40_0;
E_0x55cd570c9d60 .event/or E_0x55cd570c9d60/0, E_0x55cd570c9d60/1;
S_0x55cd57133460 .scope module, "inst5" "d_ff_bh" 3 14, 4 1 0, S_0x55cd57113920;
 .timescale 0 0;
    .port_info 0 /INPUT 1 "rst_n"
    .port_info 1 /INPUT 1 "clk"
    .port_info 2 /INPUT 1 "d"
    .port_info 3 /OUTPUT 1 "q"
v0x55cd5710e810_0 .net "clk", 0 0, v0x55cd57135140_0;  alias, 1 drivers
v0x55cd5710cbf0_0 .net "d", 0 0, L_0x55cd57135a30;  alias, 1 drivers
v0x55cd5710ccf0_0 .var "q", 0 0;
v0x55cd571336f0_0 .net "rst_n", 0 0, v0x55cd57135200_0;  alias, 1 drivers
S_0x55cd57133850 .scope module, "inst7" "d_ff_bh" 3 18, 4 1 0, S_0x55cd57113920;
 .timescale 0 0;
    .port_info 0 /INPUT 1 "rst_n"
    .port_info 1 /INPUT 1 "clk"
    .port_info 2 /INPUT 1 "d"
    .port_info 3 /OUTPUT 1 "q"
v0x55cd57133ac0_0 .net "clk", 0 0, v0x55cd57135140_0;  alias, 1 drivers
v0x55cd57133bb0_0 .net "d", 0 0, L_0x55cd57135c90;  alias, 1 drivers
v0x55cd57133c70_0 .var "q", 0 0;
v0x55cd57133d10_0 .net "rst_n", 0 0, v0x55cd57135200_0;  alias, 1 drivers
    .scope S_0x55cd57113aa0;
T_0 ;
    %wait E_0x55cd570c9d60;
    %load/vec4 v0x55cd5710e710_0;
    %pad/u 32;
    %cmpi/e 0, 0, 32;
    %jmp/0xz  T_0.0, 4;
    %pushi/vec4 0, 0, 1;
    %assign/vec4 v0x55cd571123c0_0, 0;
    %jmp T_0.1;
T_0.0 ;
    %load/vec4 v0x55cd57112100_0;
    %assign/vec4 v0x55cd571123c0_0, 0;
T_0.1 ;
    %jmp T_0;
    .thread T_0;
    .scope S_0x55cd57133460;
T_1 ;
    %wait E_0x55cd570c9d60;
    %load/vec4 v0x55cd571336f0_0;
    %pad/u 32;
    %cmpi/e 0, 0, 32;
    %jmp/0xz  T_1.0, 4;
    %pushi/vec4 0, 0, 1;
    %assign/vec4 v0x55cd5710ccf0_0, 0;
    %jmp T_1.1;
T_1.0 ;
    %load/vec4 v0x55cd5710cbf0_0;
    %assign/vec4 v0x55cd5710ccf0_0, 0;
T_1.1 ;
    %jmp T_1;
    .thread T_1;
    .scope S_0x55cd57133850;
T_2 ;
    %wait E_0x55cd570c9d60;
    %load/vec4 v0x55cd57133d10_0;
    %pad/u 32;
    %cmpi/e 0, 0, 32;
    %jmp/0xz  T_2.0, 4;
    %pushi/vec4 0, 0, 1;
    %assign/vec4 v0x55cd57133c70_0, 0;
    %jmp T_2.1;
T_2.0 ;
    %load/vec4 v0x55cd57133bb0_0;
    %assign/vec4 v0x55cd57133c70_0, 0;
T_2.1 ;
    %jmp T_2;
    .thread T_2;
    .scope S_0x55cd571137a0;
T_3 ;
    %vpi_call 2 8 "$monitor", "x1 = %b, state = %b, z1 = %b", v0x55cd571352c0_0, v0x55cd57135390_0, v0x55cd57135460_0 {0 0 0};
    %end;
    .thread T_3;
    .scope S_0x55cd571137a0;
T_4 ;
    %pushi/vec4 0, 0, 1;
    %store/vec4 v0x55cd57135140_0, 0, 1;
T_4.0 ;
    %delay 10, 0;
    %load/vec4 v0x55cd57135140_0;
    %inv;
    %store/vec4 v0x55cd57135140_0, 0, 1;
    %jmp T_4.0;
    %end;
    .thread T_4;
    .scope S_0x55cd571137a0;
T_5 ;
    %delay 0, 0;
    %pushi/vec4 0, 0, 1;
    %store/vec4 v0x55cd57135200_0, 0, 1;
    %pushi/vec4 0, 0, 1;
    %store/vec4 v0x55cd571352c0_0, 0, 1;
    %delay 5, 0;
    %pushi/vec4 1, 0, 1;
    %store/vec4 v0x55cd57135200_0, 0, 1;
    %pushi/vec4 1, 0, 1;
    %store/vec4 v0x55cd571352c0_0, 0, 1;
    %wait E_0x55cd570fef90;
    %pushi/vec4 1, 0, 1;
    %store/vec4 v0x55cd571352c0_0, 0, 1;
    %wait E_0x55cd570fef90;
    %pushi/vec4 1, 0, 1;
    %store/vec4 v0x55cd571352c0_0, 0, 1;
    %wait E_0x55cd570fef90;
    %pushi/vec4 1, 0, 1;
    %store/vec4 v0x55cd571352c0_0, 0, 1;
    %wait E_0x55cd570fef90;
    %pushi/vec4 0, 0, 1;
    %store/vec4 v0x55cd571352c0_0, 0, 1;
    %wait E_0x55cd570fef90;
    %pushi/vec4 1, 0, 1;
    %store/vec4 v0x55cd571352c0_0, 0, 1;
    %wait E_0x55cd570fef90;
    %pushi/vec4 0, 0, 1;
    %store/vec4 v0x55cd571352c0_0, 0, 1;
    %wait E_0x55cd570fef90;
    %pushi/vec4 1, 0, 1;
    %store/vec4 v0x55cd571352c0_0, 0, 1;
    %wait E_0x55cd570fef90;
    %delay 10, 0;
    %vpi_call 2 33 "$stop" {0 0 0};
    %end;
    .thread T_5;
    .scope S_0x55cd571137a0;
T_6 ;
    %vpi_call 2 39 "$dumpfile", "assert_z1_state_110.vcd" {0 0 0};
    %vpi_call 2 40 "$dumpvars" {0 0 0};
    %end;
    .thread T_6;
# The file index is used to find the file name in the following table.
:file_names 5;
    "N/A";
    "<interactive>";
    "assert_z1_state_110_tb.v";
    "assert_z1_state_110.v";
    "d_ff_bh.v";
