#! /usr/bin/vvp
:ivl_version "10.1 (stable)";
:ivl_delay_selection "TYPICAL";
:vpi_time_precision - 9;
:vpi_module "system";
:vpi_module "vhdl_sys";
:vpi_module "v2005_math";
:vpi_module "va_math";
S_0x55ced5d34370 .scope module, "snail_tb" "snail_tb" 2 2;
 .timescale -9 -9;
v0x55ced5d54ec0_0 .var "bit", 0 0;
v0x55ced5d54f80_0 .var "clk", 0 0;
v0x55ced5d55050_0 .var "rst", 0 0;
v0x55ced5d55150_0 .net "y", 0 0, L_0x55ced5d55250;  1 drivers
S_0x55ced5d344f0 .scope module, "sna" "snail" 2 10, 3 1 0, S_0x55ced5d34370;
 .timescale 0 0;
    .port_info 0 /INPUT 1 "clk"
    .port_info 1 /INPUT 1 "rst"
    .port_info 2 /INPUT 1 "bit"
    .port_info 3 /OUTPUT 1 "y"
P_0x55ced5d34670 .param/l "s0" 0 3 7, C4<0000>;
P_0x55ced5d346b0 .param/l "s1" 0 3 8, C4<0001>;
P_0x55ced5d346f0 .param/l "s2" 0 3 9, C4<0010>;
P_0x55ced5d34730 .param/l "s3" 0 3 10, C4<0100>;
P_0x55ced5d34770 .param/l "s4" 0 3 11, C4<1000>;
L_0x7fe7da318018 .functor BUFT 1, C4<1000>, C4<0>, C4<0>, C4<0>;
v0x55ced5d34900_0 .net/2u *"_s0", 3 0, L_0x7fe7da318018;  1 drivers
v0x55ced5d54920_0 .net "bit", 0 0, v0x55ced5d54ec0_0;  1 drivers
v0x55ced5d549e0_0 .net "clk", 0 0, v0x55ced5d54f80_0;  1 drivers
v0x55ced5d54ab0_0 .net "rst", 0 0, v0x55ced5d55050_0;  1 drivers
v0x55ced5d54b70_0 .var "state_1", 3 0;
v0x55ced5d54ca0_0 .var "state_2", 3 0;
v0x55ced5d54d80_0 .net "y", 0 0, L_0x55ced5d55250;  alias, 1 drivers
E_0x55ced5cf4c50 .event edge, v0x55ced5d54b70_0, v0x55ced5d54920_0;
E_0x55ced5cf4d60 .event posedge, v0x55ced5d54ab0_0, v0x55ced5d549e0_0;
L_0x55ced5d55250 .cmp/eq 4, v0x55ced5d54b70_0, L_0x7fe7da318018;
    .scope S_0x55ced5d344f0;
T_0 ;
    %wait E_0x55ced5cf4d60;
    %load/vec4 v0x55ced5d54ab0_0;
    %flag_set/vec4 8;
    %jmp/0xz  T_0.0, 8;
    %pushi/vec4 0, 0, 4;
    %store/vec4 v0x55ced5d54b70_0, 0, 4;
    %jmp T_0.1;
T_0.0 ;
    %load/vec4 v0x55ced5d54ca0_0;
    %assign/vec4 v0x55ced5d54b70_0, 0;
T_0.1 ;
    %jmp T_0;
    .thread T_0;
    .scope S_0x55ced5d344f0;
T_1 ;
    %wait E_0x55ced5cf4c50;
    %load/vec4 v0x55ced5d54b70_0;
    %dup/vec4;
    %pushi/vec4 0, 0, 4;
    %cmp/u;
    %jmp/1 T_1.0, 6;
    %dup/vec4;
    %pushi/vec4 1, 0, 4;
    %cmp/u;
    %jmp/1 T_1.1, 6;
    %dup/vec4;
    %pushi/vec4 2, 0, 4;
    %cmp/u;
    %jmp/1 T_1.2, 6;
    %dup/vec4;
    %pushi/vec4 4, 0, 4;
    %cmp/u;
    %jmp/1 T_1.3, 6;
    %dup/vec4;
    %pushi/vec4 8, 0, 4;
    %cmp/u;
    %jmp/1 T_1.4, 6;
    %jmp T_1.5;
T_1.0 ;
    %load/vec4 v0x55ced5d54920_0;
    %flag_set/vec4 8;
    %jmp/0xz  T_1.6, 8;
    %pushi/vec4 1, 0, 4;
    %store/vec4 v0x55ced5d54ca0_0, 0, 4;
    %jmp T_1.7;
T_1.6 ;
    %pushi/vec4 0, 0, 4;
    %store/vec4 v0x55ced5d54ca0_0, 0, 4;
T_1.7 ;
    %jmp T_1.5;
T_1.1 ;
    %load/vec4 v0x55ced5d54920_0;
    %flag_set/vec4 8;
    %jmp/0xz  T_1.8, 8;
    %pushi/vec4 2, 0, 4;
    %store/vec4 v0x55ced5d54ca0_0, 0, 4;
    %jmp T_1.9;
T_1.8 ;
    %pushi/vec4 0, 0, 4;
    %store/vec4 v0x55ced5d54ca0_0, 0, 4;
T_1.9 ;
    %jmp T_1.5;
T_1.2 ;
    %load/vec4 v0x55ced5d54920_0;
    %flag_set/vec4 8;
    %jmp/0xz  T_1.10, 8;
    %pushi/vec4 4, 0, 4;
    %store/vec4 v0x55ced5d54ca0_0, 0, 4;
    %jmp T_1.11;
T_1.10 ;
    %pushi/vec4 2, 0, 4;
    %store/vec4 v0x55ced5d54ca0_0, 0, 4;
T_1.11 ;
    %jmp T_1.5;
T_1.3 ;
    %load/vec4 v0x55ced5d54920_0;
    %flag_set/vec4 8;
    %jmp/0xz  T_1.12, 8;
    %pushi/vec4 8, 0, 4;
    %store/vec4 v0x55ced5d54ca0_0, 0, 4;
    %jmp T_1.13;
T_1.12 ;
    %pushi/vec4 0, 0, 4;
    %store/vec4 v0x55ced5d54ca0_0, 0, 4;
T_1.13 ;
    %jmp T_1.5;
T_1.4 ;
    %load/vec4 v0x55ced5d54920_0;
    %flag_set/vec4 8;
    %jmp/0xz  T_1.14, 8;
    %pushi/vec4 2, 0, 4;
    %store/vec4 v0x55ced5d54ca0_0, 0, 4;
    %jmp T_1.15;
T_1.14 ;
    %pushi/vec4 0, 0, 4;
    %store/vec4 v0x55ced5d54ca0_0, 0, 4;
T_1.15 ;
    %jmp T_1.5;
T_1.5 ;
    %pop/vec4 1;
    %jmp T_1;
    .thread T_1, $push;
    .scope S_0x55ced5d34370;
T_2 ;
    %delay 1, 0;
    %load/vec4 v0x55ced5d54f80_0;
    %inv;
    %store/vec4 v0x55ced5d54f80_0, 0, 1;
    %jmp T_2;
    .thread T_2;
    .scope S_0x55ced5d34370;
T_3 ;
    %delay 1, 0;
    %pushi/vec4 0, 0, 1;
    %store/vec4 v0x55ced5d55050_0, 0, 1;
    %jmp T_3;
    .thread T_3;
    .scope S_0x55ced5d34370;
T_4 ;
    %delay 7, 0;
    %load/vec4 v0x55ced5d54ec0_0;
    %inv;
    %store/vec4 v0x55ced5d54ec0_0, 0, 1;
    %jmp T_4;
    .thread T_4;
    .scope S_0x55ced5d34370;
T_5 ;
    %pushi/vec4 1, 0, 1;
    %store/vec4 v0x55ced5d55050_0, 0, 1;
    %pushi/vec4 1, 0, 1;
    %store/vec4 v0x55ced5d54f80_0, 0, 1;
    %pushi/vec4 0, 0, 1;
    %store/vec4 v0x55ced5d54ec0_0, 0, 1;
    %pushi/vec4 1, 0, 1;
    %store/vec4 v0x55ced5d54ec0_0, 0, 1;
    %delay 2, 0;
    %pushi/vec4 0, 0, 1;
    %store/vec4 v0x55ced5d54ec0_0, 0, 1;
    %pushi/vec4 1, 0, 1;
    %store/vec4 v0x55ced5d54ec0_0, 0, 1;
    %delay 3, 0;
    %pushi/vec4 0, 0, 1;
    %store/vec4 v0x55ced5d54ec0_0, 0, 1;
    %delay 7, 0;
    %vpi_call 2 19 "$finish" {0 0 0};
    %end;
    .thread T_5;
    .scope S_0x55ced5d34370;
T_6 ;
    %vpi_call 2 23 "$dumpfile", "nail.vcd" {0 0 0};
    %vpi_call 2 24 "$dumpvars" {0 0 0};
    %end;
    .thread T_6;
# The file index is used to find the file name in the following table.
:file_names 4;
    "N/A";
    "<interactive>";
    "snail_tb.v";
    "snail.v";
