#! /usr/bin/vvp
:ivl_version "10.1 (stable)";
:ivl_delay_selection "TYPICAL";
:vpi_time_precision - 9;
:vpi_module "system";
:vpi_module "vhdl_sys";
:vpi_module "v2005_math";
:vpi_module "va_math";
S_0x55cf8d1ba030 .scope module, "ejercicio_1_tb" "ejercicio_1_tb" 2 2;
 .timescale -9 -9;
v0x55cf8d1da680_0 .var "in_1", 15 0;
v0x55cf8d1da760_0 .var "in_2", 15 0;
v0x55cf8d1da830_0 .net "out_1", 15 0, L_0x55cf8d1daa00;  1 drivers
v0x55cf8d1da930_0 .var "sel_3", 0 0;
S_0x55cf8d1ba1b0 .scope module, "e1" "ejercicio_1" 2 6, 3 1 0, S_0x55cf8d1ba030;
 .timescale 0 0;
    .port_info 0 /INPUT 16 "in_1"
    .port_info 1 /INPUT 16 "in_2"
    .port_info 2 /INPUT 1 "sel_3"
    .port_info 3 /OUTPUT 16 "out_1"
v0x55cf8d1ba3f0_0 .net "in_1", 15 0, v0x55cf8d1da680_0;  1 drivers
v0x55cf8d1da370_0 .net "in_2", 15 0, v0x55cf8d1da760_0;  1 drivers
v0x55cf8d1da450_0 .net "out_1", 15 0, L_0x55cf8d1daa00;  alias, 1 drivers
v0x55cf8d1da510_0 .net "sel_3", 0 0, v0x55cf8d1da930_0;  1 drivers
L_0x55cf8d1daa00 .functor MUXZ 16, v0x55cf8d1da680_0, v0x55cf8d1da760_0, v0x55cf8d1da930_0, C4<>;
    .scope S_0x55cf8d1ba030;
T_0 ;
    %pushi/vec4 0, 0, 16;
    %assign/vec4 v0x55cf8d1da680_0, 0;
    %pushi/vec4 1, 0, 16;
    %assign/vec4 v0x55cf8d1da760_0, 0;
    %pushi/vec4 0, 0, 1;
    %store/vec4 v0x55cf8d1da930_0, 0, 1;
    %vpi_call 2 12 "$display", "time\011s\011in_2\011in_1\011out_1" {0 0 0};
    %vpi_call 2 12 "$monitor", "%2d:\011%b\011%b\011%b\011%b", $time, v0x55cf8d1da930_0, v0x55cf8d1da760_0, v0x55cf8d1da680_0, v0x55cf8d1da830_0 {0 0 0};
    %delay 2, 0;
    %vpi_call 2 13 "$finish" {0 0 0};
    %end;
    .thread T_0;
    .scope S_0x55cf8d1ba030;
T_1 ;
    %delay 1, 0;
    %load/vec4 v0x55cf8d1da930_0;
    %nor/r;
    %store/vec4 v0x55cf8d1da930_0, 0, 1;
    %jmp T_1;
    .thread T_1;
    .scope S_0x55cf8d1ba030;
T_2 ;
    %vpi_call 2 18 "$dumpfile", "ejercicio_1.vcd" {0 0 0};
    %vpi_call 2 19 "$dumpvars" {0 0 0};
    %end;
    .thread T_2;
# The file index is used to find the file name in the following table.
:file_names 4;
    "N/A";
    "<interactive>";
    "ejercicio_1_tb.v";
    "ejercicio_1.v";
