#! /usr/bin/vvp
:ivl_version "10.1 (stable)";
:ivl_delay_selection "TYPICAL";
:vpi_time_precision - 9;
:vpi_module "system";
:vpi_module "vhdl_sys";
:vpi_module "v2005_math";
:vpi_module "va_math";
S_0x55cc1bca6380 .scope module, "gates7_dataflow_tb" "gates7_dataflow_tb" 2 2;
 .timescale -9 -9;
v0x55cc1bcc6a50_0 .var "a", 0 0;
v0x55cc1bcc6b10_0 .var "b", 0 0;
v0x55cc1bcc6bb0_0 .net "f_and", 0 0, L_0x55cc1bcc7120;  1 drivers
v0x55cc1bcc6c50_0 .net "f_nand", 0 0, L_0x55cc1bcc7570;  1 drivers
v0x55cc1bcc6cf0_0 .net "f_nor", 0 0, L_0x55cc1bcc7690;  1 drivers
v0x55cc1bcc6de0_0 .net "f_not", 0 0, L_0x55cc1bcc72f0;  1 drivers
v0x55cc1bcc6eb0_0 .net "f_or", 0 0, L_0x55cc1bcc7230;  1 drivers
v0x55cc1bcc6f80_0 .net "f_xnor", 0 0, L_0x55cc1bcc7920;  1 drivers
v0x55cc1bcc7050_0 .net "f_xor", 0 0, L_0x55cc1bcc77a0;  1 drivers
S_0x55cc1bca6500 .scope module, "g7" "gates7_dataflow" 2 5, 3 1 0, S_0x55cc1bca6380;
 .timescale -9 -9;
    .port_info 0 /INPUT 1 "a"
    .port_info 1 /INPUT 1 "b"
    .port_info 2 /OUTPUT 1 "f_and"
    .port_info 3 /OUTPUT 1 "f_or"
    .port_info 4 /OUTPUT 1 "f_not"
    .port_info 5 /OUTPUT 1 "f_nand"
    .port_info 6 /OUTPUT 1 "f_nor"
    .port_info 7 /OUTPUT 1 "f_xor"
    .port_info 8 /OUTPUT 1 "f_xnor"
L_0x55cc1bcc7120 .functor AND 1, v0x55cc1bcc6a50_0, v0x55cc1bcc6b10_0, C4<1>, C4<1>;
L_0x55cc1bcc7230 .functor OR 1, v0x55cc1bcc6a50_0, v0x55cc1bcc6b10_0, C4<0>, C4<0>;
L_0x55cc1bcc72f0 .functor NOT 1, v0x55cc1bcc6a50_0, C4<0>, C4<0>, C4<0>;
L_0x55cc1bcc7440 .functor AND 1, v0x55cc1bcc6a50_0, v0x55cc1bcc6b10_0, C4<1>, C4<1>;
L_0x55cc1bcc7570 .functor NOT 1, L_0x55cc1bcc7440, C4<0>, C4<0>, C4<0>;
L_0x55cc1bcc75e0 .functor OR 1, v0x55cc1bcc6a50_0, v0x55cc1bcc6b10_0, C4<0>, C4<0>;
L_0x55cc1bcc7690 .functor NOT 1, L_0x55cc1bcc75e0, C4<0>, C4<0>, C4<0>;
L_0x55cc1bcc77a0 .functor XOR 1, v0x55cc1bcc6a50_0, v0x55cc1bcc6b10_0, C4<0>, C4<0>;
L_0x55cc1bcc78b0 .functor XOR 1, v0x55cc1bcc6a50_0, v0x55cc1bcc6b10_0, C4<0>, C4<0>;
L_0x55cc1bcc7920 .functor NOT 1, L_0x55cc1bcc78b0, C4<0>, C4<0>, C4<0>;
v0x55cc1bca6760_0 .net *"_s10", 0 0, L_0x55cc1bcc75e0;  1 drivers
v0x55cc1bcc6080_0 .net *"_s16", 0 0, L_0x55cc1bcc78b0;  1 drivers
v0x55cc1bcc6160_0 .net *"_s6", 0 0, L_0x55cc1bcc7440;  1 drivers
v0x55cc1bcc6220_0 .net "a", 0 0, v0x55cc1bcc6a50_0;  1 drivers
v0x55cc1bcc62e0_0 .net "b", 0 0, v0x55cc1bcc6b10_0;  1 drivers
v0x55cc1bcc63f0_0 .net "f_and", 0 0, L_0x55cc1bcc7120;  alias, 1 drivers
v0x55cc1bcc64b0_0 .net "f_nand", 0 0, L_0x55cc1bcc7570;  alias, 1 drivers
v0x55cc1bcc6570_0 .net "f_nor", 0 0, L_0x55cc1bcc7690;  alias, 1 drivers
v0x55cc1bcc6630_0 .net "f_not", 0 0, L_0x55cc1bcc72f0;  alias, 1 drivers
v0x55cc1bcc66f0_0 .net "f_or", 0 0, L_0x55cc1bcc7230;  alias, 1 drivers
v0x55cc1bcc67b0_0 .net "f_xnor", 0 0, L_0x55cc1bcc7920;  alias, 1 drivers
v0x55cc1bcc6870_0 .net "f_xor", 0 0, L_0x55cc1bcc77a0;  alias, 1 drivers
    .scope S_0x55cc1bca6380;
T_0 ;
    %vpi_call 2 7 "$display", "time\011a\011b\011and\011or\011not\011nand\011nor\011xor\011xnor" {0 0 0};
    %pushi/vec4 0, 0, 1;
    %store/vec4 v0x55cc1bcc6a50_0, 0, 1;
    %pushi/vec4 0, 0, 1;
    %store/vec4 v0x55cc1bcc6b10_0, 0, 1;
    %delay 5, 0;
    %vpi_call 2 10 "$finish" {0 0 0};
    %end;
    .thread T_0;
    .scope S_0x55cc1bca6380;
T_1 ;
    %vpi_call 2 13 "$monitor", "%2d:\011%b\011%b\011%b\011%b\011%b\011%b\011%b\011%b\011%b", $time, v0x55cc1bcc6a50_0, v0x55cc1bcc6b10_0, v0x55cc1bcc6bb0_0, v0x55cc1bcc6eb0_0, v0x55cc1bcc6de0_0, v0x55cc1bcc6c50_0, v0x55cc1bcc6cf0_0, v0x55cc1bcc7050_0, v0x55cc1bcc6f80_0 {0 0 0};
    %end;
    .thread T_1;
    .scope S_0x55cc1bca6380;
T_2 ;
    %delay 1, 0;
    %load/vec4 v0x55cc1bcc6a50_0;
    %nor/r;
    %store/vec4 v0x55cc1bcc6a50_0, 0, 1;
    %jmp T_2;
    .thread T_2;
    .scope S_0x55cc1bca6380;
T_3 ;
    %delay 2, 0;
    %load/vec4 v0x55cc1bcc6b10_0;
    %nor/r;
    %store/vec4 v0x55cc1bcc6b10_0, 0, 1;
    %jmp T_3;
    .thread T_3;
    .scope S_0x55cc1bca6380;
T_4 ;
    %vpi_call 2 19 "$dumpfile", "gates7_dataflow.vcd" {0 0 0};
    %vpi_call 2 20 "$dumpvars" {0 0 0};
    %end;
    .thread T_4;
# The file index is used to find the file name in the following table.
:file_names 4;
    "N/A";
    "<interactive>";
    "gates7_dataflow_tb.v";
    "gates7_dataflow.v";
