#! /usr/bin/vvp
:ivl_version "10.1 (stable)";
:ivl_delay_selection "TYPICAL";
:vpi_time_precision - 9;
:vpi_module "system";
:vpi_module "vhdl_sys";
:vpi_module "v2005_math";
:vpi_module "va_math";
S_0x558c2ebc7820 .scope module, "mux2x1_cmos_tb" "mux2x1_cmos_tb" 2 2;
 .timescale -9 -9;
v0x558c2ebe8e20_0 .var "a0", 0 0;
v0x558c2ebe8f30_0 .var "a1", 0 0;
v0x558c2ebe9040_0 .var "s", 0 0;
RS_0x7f35ac52f018 .resolv tri, L_0x558c2ebe9390, L_0x558c2ebe94b0, L_0x558c2ebe95d0, L_0x558c2ebe9680;
v0x558c2ebe90e0_0 .net8 "y", 0 0, RS_0x7f35ac52f018;  4 drivers, strength-aware
S_0x558c2ebc79a0 .scope module, "mux2x1" "mux2x1_cmos" 2 5, 3 1 0, S_0x558c2ebc7820;
 .timescale -9 -9;
    .port_info 0 /INPUT 1 "a0"
    .port_info 1 /INPUT 1 "a1"
    .port_info 2 /INPUT 1 "s"
    .port_info 3 /OUTPUT 1 "y"
v0x558c2ebe89e0_0 .net "a0", 0 0, v0x558c2ebe8e20_0;  1 drivers
v0x558c2ebe8a80_0 .net "a1", 0 0, v0x558c2ebe8f30_0;  1 drivers
v0x558c2ebe8b50_0 .net "s", 0 0, v0x558c2ebe9040_0;  1 drivers
RS_0x7f35ac52f048 .resolv tri, L_0x558c2ebe9260, L_0x558c2ebe92d0;
v0x558c2ebe8c20_0 .net8 "sn", 0 0, RS_0x7f35ac52f048;  2 drivers, strength-aware
v0x558c2ebe8cc0_0 .net8 "y", 0 0, RS_0x7f35ac52f018;  alias, 4 drivers, strength-aware
S_0x558c2ebc7b90 .scope module, "c0" "cmoscmos" 3 6, 4 1 0, S_0x558c2ebc79a0;
 .timescale -9 -9;
    .port_info 0 /OUTPUT 1 "drain"
    .port_info 1 /INPUT 1 "source"
    .port_info 2 /INPUT 1 "n_gate"
    .port_info 3 /INPUT 1 "p_gate"
L_0x558c2ebe9390 .functor PMOS 1, v0x558c2ebe8e20_0, v0x558c2ebe9040_0, C4<0>, C4<0>;
L_0x558c2ebe94b0 .functor NMOS 1, v0x558c2ebe8e20_0, RS_0x7f35ac52f048, C4<0>, C4<0>;
v0x558c2ebc7dd0_0 .net8 "drain", 0 0, RS_0x7f35ac52f018;  alias, 4 drivers, strength-aware
v0x558c2ebe7b30_0 .net8 "n_gate", 0 0, RS_0x7f35ac52f048;  alias, 2 drivers, strength-aware
v0x558c2ebe7bf0_0 .net "p_gate", 0 0, v0x558c2ebe9040_0;  alias, 1 drivers
v0x558c2ebe7cc0_0 .net "source", 0 0, v0x558c2ebe8e20_0;  alias, 1 drivers
S_0x558c2ebe7e30 .scope module, "c1" "cmoscmos" 3 7, 4 1 0, S_0x558c2ebc79a0;
 .timescale -9 -9;
    .port_info 0 /OUTPUT 1 "drain"
    .port_info 1 /INPUT 1 "source"
    .port_info 2 /INPUT 1 "n_gate"
    .port_info 3 /INPUT 1 "p_gate"
L_0x558c2ebe95d0 .functor PMOS 1, v0x558c2ebe8f30_0, RS_0x7f35ac52f048, C4<0>, C4<0>;
L_0x558c2ebe9680 .functor NMOS 1, v0x558c2ebe8f30_0, v0x558c2ebe9040_0, C4<0>, C4<0>;
v0x558c2ebe80c0_0 .net8 "drain", 0 0, RS_0x7f35ac52f018;  alias, 4 drivers, strength-aware
v0x558c2ebe8190_0 .net "n_gate", 0 0, v0x558c2ebe9040_0;  alias, 1 drivers
v0x558c2ebe8260_0 .net8 "p_gate", 0 0, RS_0x7f35ac52f048;  alias, 2 drivers, strength-aware
v0x558c2ebe8360_0 .net "source", 0 0, v0x558c2ebe8f30_0;  alias, 1 drivers
S_0x558c2ebe8450 .scope module, "inv" "cmosnot" 3 5, 5 1 0, S_0x558c2ebc79a0;
 .timescale -9 -9;
    .port_info 0 /OUTPUT 1 "f"
    .port_info 1 /INPUT 1 "a"
L_0x558c2ebe91f0 .functor BUFT 1, C8<771>, C4<0>, C4<0>, C4<0>;
L_0x558c2ebe9260 .functor PMOS 1, L_0x558c2ebe91f0, v0x558c2ebe9040_0, C4<0>, C4<0>;
L_0x558c2ebe9180 .functor BUFT 1, C8<770>, C4<0>, C4<0>, C4<0>;
L_0x558c2ebe92d0 .functor NMOS 1, L_0x558c2ebe9180, v0x558c2ebe9040_0, C4<0>, C4<0>;
v0x558c2ebe8620_0 .net "a", 0 0, v0x558c2ebe9040_0;  alias, 1 drivers
v0x558c2ebe8730_0 .net8 "f", 0 0, RS_0x7f35ac52f048;  alias, 2 drivers, strength-aware
v0x558c2ebe8840_0 .net8 "gnd", 0 0, L_0x558c2ebe9180;  1 drivers, strength-aware
v0x558c2ebe88e0_0 .net8 "vdd", 0 0, L_0x558c2ebe91f0;  1 drivers, strength-aware
    .scope S_0x558c2ebc7820;
T_0 ;
    %pushi/vec4 0, 0, 1;
    %store/vec4 v0x558c2ebe8e20_0, 0, 1;
    %pushi/vec4 0, 0, 1;
    %store/vec4 v0x558c2ebe8f30_0, 0, 1;
    %pushi/vec4 0, 0, 1;
    %store/vec4 v0x558c2ebe9040_0, 0, 1;
    %vpi_call 2 10 "$display", "time\011s\011a1\011a0\011y" {0 0 0};
    %vpi_call 2 10 "$monitor", "%2d:\011%b\011%b\011%b\011%b", $time, v0x558c2ebe9040_0, v0x558c2ebe8f30_0, v0x558c2ebe8e20_0, v0x558c2ebe90e0_0 {0 0 0};
    %delay 8, 0;
    %vpi_call 2 11 "$finish" {0 0 0};
    %end;
    .thread T_0;
    .scope S_0x558c2ebc7820;
T_1 ;
    %delay 1, 0;
    %load/vec4 v0x558c2ebe8e20_0;
    %nor/r;
    %store/vec4 v0x558c2ebe8e20_0, 0, 1;
    %jmp T_1;
    .thread T_1;
    .scope S_0x558c2ebc7820;
T_2 ;
    %delay 2, 0;
    %load/vec4 v0x558c2ebe8f30_0;
    %nor/r;
    %store/vec4 v0x558c2ebe8f30_0, 0, 1;
    %jmp T_2;
    .thread T_2;
    .scope S_0x558c2ebc7820;
T_3 ;
    %delay 4, 0;
    %load/vec4 v0x558c2ebe9040_0;
    %nor/r;
    %store/vec4 v0x558c2ebe9040_0, 0, 1;
    %jmp T_3;
    .thread T_3;
# The file index is used to find the file name in the following table.
:file_names 6;
    "N/A";
    "<interactive>";
    "mux2x1_cmos_tb.v";
    "mux2x1_cmos.v";
    "cmoscmos.v";
    "cmosnot.v";
