#! /usr/bin/vvp
:ivl_version "10.1 (stable)";
:ivl_delay_selection "TYPICAL";
:vpi_time_precision + 0;
:vpi_module "system";
:vpi_module "vhdl_sys";
:vpi_module "v2005_math";
:vpi_module "va_math";
S_0x55f5711e1090 .scope module, "a_gt_eq_six_tb" "a_gt_eq_six_tb" 2 1;
 .timescale 0 0;
v0x55f571201ac0_0 .var "a0", 0 0;
v0x55f571201b80_0 .var "a1", 0 0;
v0x55f571201c50_0 .var "a2", 0 0;
v0x55f571201d50_0 .net "a_gt_eq_six", 0 0, v0x55f571201950_0;  1 drivers
S_0x55f5711e1210 .scope begin, "estimulate_design" "estimulate_design" 2 5, 2 5 0, S_0x55f5711e1090;
 .timescale 0 0;
v0x55f5711e13e0_0 .var "invect", 3 0;
S_0x55f571201460 .scope module, "inst1" "a_gt_eq_six" 2 14, 3 1 0, S_0x55f5711e1090;
 .timescale 0 0;
    .port_info 0 /INPUT 1 "a2"
    .port_info 1 /INPUT 1 "a1"
    .port_info 2 /INPUT 1 "a0"
    .port_info 3 /OUTPUT 1 "a_gt_eq_six"
v0x55f5712016e0_0 .net "a0", 0 0, v0x55f571201ac0_0;  1 drivers
v0x55f5712017c0_0 .net "a1", 0 0, v0x55f571201b80_0;  1 drivers
v0x55f571201880_0 .net "a2", 0 0, v0x55f571201c50_0;  1 drivers
v0x55f571201950_0 .var "a_gt_eq_six", 0 0;
E_0x55f5711db930 .event edge, v0x55f5712016e0_0, v0x55f5712017c0_0, v0x55f571201880_0;
    .scope S_0x55f571201460;
T_0 ;
    %wait E_0x55f5711db930;
    %load/vec4 v0x55f571201880_0;
    %load/vec4 v0x55f5712017c0_0;
    %and;
    %flag_set/vec4 8;
    %jmp/0xz  T_0.0, 8;
    %pushi/vec4 1, 0, 1;
    %store/vec4 v0x55f571201950_0, 0, 1;
    %jmp T_0.1;
T_0.0 ;
    %pushi/vec4 0, 0, 1;
    %store/vec4 v0x55f571201950_0, 0, 1;
T_0.1 ;
    %jmp T_0;
    .thread T_0, $push;
    .scope S_0x55f5711e1090;
T_1 ;
    %fork t_1, S_0x55f5711e1210;
    %jmp t_0;
    .scope S_0x55f5711e1210;
t_1 ;
    %pushi/vec4 0, 0, 4;
    %store/vec4 v0x55f5711e13e0_0, 0, 4;
T_1.0 ;
    %load/vec4 v0x55f5711e13e0_0;
    %pad/u 32;
    %cmpi/u 8, 0, 32;
    %jmp/0xz T_1.1, 5;
    %load/vec4 v0x55f5711e13e0_0;
    %pad/u 3;
    %split/vec4 1;
    %store/vec4 v0x55f571201ac0_0, 0, 1;
    %split/vec4 1;
    %store/vec4 v0x55f571201b80_0, 0, 1;
    %store/vec4 v0x55f571201c50_0, 0, 1;
    %delay 10, 0;
    %load/vec4 v0x55f571201c50_0;
    %load/vec4 v0x55f571201b80_0;
    %concat/vec4; draw_concat_vec4
    %load/vec4 v0x55f571201ac0_0;
    %concat/vec4; draw_concat_vec4
    %vpi_call 2 10 "$display", "a2. a1. a0 = %b, a_gt_eq_six = %b", S<0,vec4,u3>, v0x55f571201d50_0 {1 0 0};
    %load/vec4 v0x55f5711e13e0_0;
    %addi 1, 0, 4;
    %store/vec4 v0x55f5711e13e0_0, 0, 4;
    %jmp T_1.0;
T_1.1 ;
    %end;
    .scope S_0x55f5711e1090;
t_0 %join;
    %end;
    .thread T_1;
    .scope S_0x55f5711e1090;
T_2 ;
    %vpi_call 2 17 "$dumpfile", "a_gt_eq_six.vcd" {0 0 0};
    %vpi_call 2 18 "$dumpvars" {0 0 0};
    %end;
    .thread T_2;
# The file index is used to find the file name in the following table.
:file_names 4;
    "N/A";
    "<interactive>";
    "a_gt_eq_six_tb.v";
    "a_gt_eq_six.v";
