#! /usr/bin/vvp
:ivl_version "10.1 (stable)";
:ivl_delay_selection "TYPICAL";
:vpi_time_precision - 9;
:vpi_module "system";
:vpi_module "vhdl_sys";
:vpi_module "v2005_math";
:vpi_module "va_math";
S_0x55f208dc1660 .scope module, "tff_tb" "tff_tb" 2 2;
 .timescale -9 -9;
v0x55f208de38c0_0 .var "clk", 0 0;
v0x55f208de3980_0 .var "clrn", 0 0;
v0x55f208de3a50_0 .net "nq", 0 0, L_0x55f208de69f0;  1 drivers
v0x55f208de3b50_0 .var "prn", 0 0;
v0x55f208de3c20_0 .net "q", 0 0, L_0x55f208de6270;  1 drivers
v0x55f208de3cc0_0 .var "t", 0 0;
S_0x55f208dc17e0 .scope module, "tf1" "tff" 2 7, 3 1 0, S_0x55f208dc1660;
 .timescale 0 0;
    .port_info 0 /INPUT 1 "prn"
    .port_info 1 /INPUT 1 "t"
    .port_info 2 /INPUT 1 "clk"
    .port_info 3 /INPUT 1 "clrn"
    .port_info 4 /OUTPUT 1 "q"
    .port_info 5 /OUTPUT 1 "nq"
L_0x55f208de3d90 .functor OR 1, L_0x55f208de3e90, L_0x55f208de3fa0, C4<0>, C4<0>;
L_0x55f208de3e90 .functor NOT 1, L_0x55f208de69f0, C4<0>, C4<0>, C4<0>;
L_0x55f208de3fa0 .functor NOT 1, v0x55f208de3cc0_0, C4<0>, C4<0>, C4<0>;
L_0x55f208de40b0 .functor OR 1, v0x55f208de38c0_0, L_0x55f208de41a0, C4<0>, C4<0>;
L_0x55f208de41a0 .functor NOT 1, v0x55f208de3980_0, C4<0>, C4<0>, C4<0>;
L_0x55f208de42b0 .functor OR 1, L_0x55f208de3d90, L_0x55f208de40b0, C4<0>, C4<0>;
L_0x55f208de4400 .functor OR 1, L_0x55f208de4470, L_0x55f208de45d0, C4<0>, C4<0>;
L_0x55f208de4470 .functor NOT 1, L_0x55f208de6270, C4<0>, C4<0>, C4<0>;
L_0x55f208de45d0 .functor NOT 1, v0x55f208de3cc0_0, C4<0>, C4<0>, C4<0>;
L_0x55f208de4690 .functor OR 1, v0x55f208de38c0_0, L_0x55f208de4760, C4<0>, C4<0>;
L_0x55f208de4760 .functor NOT 1, v0x55f208de3b50_0, C4<0>, C4<0>, C4<0>;
L_0x55f208de4820 .functor OR 1, L_0x55f208de4400, L_0x55f208de4690, C4<0>, C4<0>;
L_0x55f208de49a0 .functor OR 1, L_0x55f208de4a10, L_0x55f208de4930, C4<0>, C4<0>;
L_0x55f208de4a10 .functor NOT 1, L_0x55f208de42b0, C4<0>, C4<0>, C4<0>;
L_0x55f208de4930 .functor NOT 1, v0x55f208de3b50_0, C4<0>, C4<0>, C4<0>;
L_0x55f208de4bf0 .functor OR 1, L_0x55f208de49a0, L_0x55f208de4d40, C4<0>, C4<0>;
L_0x55f208de4d40 .functor NOT 1, L_0x55f208de5190, C4<0>, C4<0>, C4<0>;
L_0x55f208de4e00 .functor OR 1, L_0x55f208de4f10, L_0x55f208de4fd0, C4<0>, C4<0>;
L_0x55f208de4f10 .functor NOT 1, v0x55f208de3980_0, C4<0>, C4<0>, C4<0>;
L_0x55f208de4fd0 .functor NOT 1, L_0x55f208de4820, C4<0>, C4<0>, C4<0>;
L_0x55f208de5190 .functor OR 1, L_0x55f208de4e00, L_0x55f208de52a0, C4<0>, C4<0>;
L_0x55f208de52a0 .functor NOT 1, L_0x55f208de4bf0, C4<0>, C4<0>, C4<0>;
L_0x55f208de5470 .functor OR 1, L_0x55f208de54e0, L_0x55f208de5670, C4<0>, C4<0>;
L_0x55f208de54e0 .functor NOT 1, L_0x55f208de4bf0, C4<0>, C4<0>, C4<0>;
L_0x55f208de5670 .functor NOT 1, v0x55f208de3980_0, C4<0>, C4<0>, C4<0>;
L_0x55f208de5730 .functor OR 1, L_0x55f208de5470, L_0x55f208de5880, C4<0>, C4<0>;
L_0x55f208de5880 .functor NOT 1, v0x55f208de38c0_0, C4<0>, C4<0>, C4<0>;
L_0x55f208de5940 .functor OR 1, L_0x55f208de5aa0, L_0x55f208de5b10, C4<0>, C4<0>;
L_0x55f208de5aa0 .functor NOT 1, L_0x55f208de5190, C4<0>, C4<0>, C4<0>;
L_0x55f208de5b10 .functor NOT 1, v0x55f208de3b50_0, C4<0>, C4<0>, C4<0>;
L_0x55f208de5cd0 .functor OR 1, L_0x55f208de5940, L_0x55f208de5d40, C4<0>, C4<0>;
L_0x55f208de5d40 .functor NOT 1, v0x55f208de38c0_0, C4<0>, C4<0>, C4<0>;
L_0x55f208de5f10 .functor OR 1, L_0x55f208de5f80, L_0x55f208de61b0, C4<0>, C4<0>;
L_0x55f208de5f80 .functor NOT 1, L_0x55f208de5730, C4<0>, C4<0>, C4<0>;
L_0x55f208de61b0 .functor NOT 1, v0x55f208de3b50_0, C4<0>, C4<0>, C4<0>;
L_0x55f208de6270 .functor OR 1, L_0x55f208de5f10, L_0x55f208de6460, C4<0>, C4<0>;
L_0x55f208de6460 .functor NOT 1, L_0x55f208de69f0, C4<0>, C4<0>, C4<0>;
L_0x55f208de6520 .functor OR 1, L_0x55f208de66d0, L_0x55f208de67e0, C4<0>, C4<0>;
L_0x55f208de66d0 .functor NOT 1, L_0x55f208de5cd0, C4<0>, C4<0>, C4<0>;
L_0x55f208de67e0 .functor NOT 1, v0x55f208de3980_0, C4<0>, C4<0>, C4<0>;
L_0x55f208de69f0 .functor OR 1, L_0x55f208de6520, L_0x55f208de6af0, C4<0>, C4<0>;
L_0x55f208de6af0 .functor NOT 1, L_0x55f208de6270, C4<0>, C4<0>, C4<0>;
v0x55f208dc1a50_0 .net *"_s0", 0 0, L_0x55f208de3e90;  1 drivers
v0x55f208de1330_0 .net *"_s10", 0 0, L_0x55f208de4760;  1 drivers
v0x55f208de1410_0 .net *"_s12", 0 0, L_0x55f208de4a10;  1 drivers
v0x55f208de14d0_0 .net *"_s14", 0 0, L_0x55f208de4930;  1 drivers
v0x55f208de15b0_0 .net *"_s16", 0 0, L_0x55f208de4d40;  1 drivers
v0x55f208de16e0_0 .net *"_s18", 0 0, L_0x55f208de4f10;  1 drivers
v0x55f208de17c0_0 .net *"_s2", 0 0, L_0x55f208de3fa0;  1 drivers
v0x55f208de18a0_0 .net *"_s20", 0 0, L_0x55f208de4fd0;  1 drivers
v0x55f208de1980_0 .net *"_s22", 0 0, L_0x55f208de52a0;  1 drivers
v0x55f208de1a60_0 .net *"_s24", 0 0, L_0x55f208de54e0;  1 drivers
v0x55f208de1b40_0 .net *"_s26", 0 0, L_0x55f208de5670;  1 drivers
v0x55f208de1c20_0 .net *"_s28", 0 0, L_0x55f208de5880;  1 drivers
v0x55f208de1d00_0 .net *"_s30", 0 0, L_0x55f208de5aa0;  1 drivers
v0x55f208de1de0_0 .net *"_s32", 0 0, L_0x55f208de5b10;  1 drivers
v0x55f208de1ec0_0 .net *"_s34", 0 0, L_0x55f208de5d40;  1 drivers
v0x55f208de1fa0_0 .net *"_s36", 0 0, L_0x55f208de5f80;  1 drivers
v0x55f208de2080_0 .net *"_s38", 0 0, L_0x55f208de61b0;  1 drivers
v0x55f208de2160_0 .net *"_s4", 0 0, L_0x55f208de41a0;  1 drivers
v0x55f208de2240_0 .net *"_s40", 0 0, L_0x55f208de6460;  1 drivers
v0x55f208de2320_0 .net *"_s42", 0 0, L_0x55f208de66d0;  1 drivers
v0x55f208de2400_0 .net *"_s44", 0 0, L_0x55f208de67e0;  1 drivers
v0x55f208de24e0_0 .net *"_s46", 0 0, L_0x55f208de6af0;  1 drivers
v0x55f208de25c0_0 .net *"_s6", 0 0, L_0x55f208de4470;  1 drivers
v0x55f208de26a0_0 .net *"_s8", 0 0, L_0x55f208de45d0;  1 drivers
v0x55f208de2780_0 .net "clk", 0 0, v0x55f208de38c0_0;  1 drivers
v0x55f208de2840_0 .net "clrn", 0 0, v0x55f208de3980_0;  1 drivers
v0x55f208de2900_0 .net "nq", 0 0, L_0x55f208de69f0;  alias, 1 drivers
v0x55f208de29c0_0 .net "prn", 0 0, v0x55f208de3b50_0;  1 drivers
v0x55f208de2a80_0 .net "q", 0 0, L_0x55f208de6270;  alias, 1 drivers
v0x55f208de2b40_0 .net "t", 0 0, v0x55f208de3cc0_0;  1 drivers
v0x55f208de2c00_0 .net "w1", 0 0, L_0x55f208de3d90;  1 drivers
v0x55f208de2cc0_0 .net "w10", 0 0, L_0x55f208de5190;  1 drivers
v0x55f208de2d80_0 .net "w11", 0 0, L_0x55f208de5470;  1 drivers
v0x55f208de2e40_0 .net "w12", 0 0, L_0x55f208de5730;  1 drivers
v0x55f208de2f00_0 .net "w13", 0 0, L_0x55f208de5940;  1 drivers
v0x55f208de2fc0_0 .net "w14", 0 0, L_0x55f208de5cd0;  1 drivers
v0x55f208de3080_0 .net "w15", 0 0, L_0x55f208de5f10;  1 drivers
v0x55f208de3140_0 .net "w16", 0 0, L_0x55f208de6520;  1 drivers
v0x55f208de3200_0 .net "w2", 0 0, L_0x55f208de40b0;  1 drivers
v0x55f208de32c0_0 .net "w3", 0 0, L_0x55f208de42b0;  1 drivers
v0x55f208de3380_0 .net "w4", 0 0, L_0x55f208de4400;  1 drivers
v0x55f208de3440_0 .net "w5", 0 0, L_0x55f208de4690;  1 drivers
v0x55f208de3500_0 .net "w6", 0 0, L_0x55f208de4820;  1 drivers
v0x55f208de35c0_0 .net "w7", 0 0, L_0x55f208de49a0;  1 drivers
v0x55f208de3680_0 .net "w8", 0 0, L_0x55f208de4bf0;  1 drivers
v0x55f208de3740_0 .net "w9", 0 0, L_0x55f208de4e00;  1 drivers
    .scope S_0x55f208dc1660;
T_0 ;
    %pushi/vec4 0, 0, 1;
    %store/vec4 v0x55f208de3b50_0, 0, 1;
    %pushi/vec4 1, 0, 1;
    %store/vec4 v0x55f208de3cc0_0, 0, 1;
    %pushi/vec4 1, 0, 1;
    %store/vec4 v0x55f208de38c0_0, 0, 1;
    %pushi/vec4 1, 0, 1;
    %store/vec4 v0x55f208de3980_0, 0, 1;
    %vpi_call 2 14 "$display", "time\011prn\011t\011clk\011clrn\011q\011nq" {0 0 0};
    %vpi_call 2 14 "$monitor", "%2d:\011%b\011%b\011%b\011%b\011%b\011%b", $time, v0x55f208de3b50_0, v0x55f208de3cc0_0, v0x55f208de38c0_0, v0x55f208de3980_0, v0x55f208de3c20_0, v0x55f208de3a50_0 {0 0 0};
    %delay 23, 0;
    %vpi_call 2 15 "$finish" {0 0 0};
    %end;
    .thread T_0;
    .scope S_0x55f208dc1660;
T_1 ;
    %delay 1, 0;
    %load/vec4 v0x55f208de38c0_0;
    %nor/r;
    %store/vec4 v0x55f208de38c0_0, 0, 1;
    %jmp T_1;
    .thread T_1;
    .scope S_0x55f208dc1660;
T_2 ;
    %delay 3, 0;
    %load/vec4 v0x55f208de3b50_0;
    %nor/r;
    %store/vec4 v0x55f208de3b50_0, 0, 1;
    %jmp T_2;
    .thread T_2;
    .scope S_0x55f208dc1660;
T_3 ;
    %vpi_call 2 21 "$dumpfile", "tff.vcd" {0 0 0};
    %vpi_call 2 22 "$dumpvars" {0 0 0};
    %end;
    .thread T_3;
# The file index is used to find the file name in the following table.
:file_names 4;
    "N/A";
    "<interactive>";
    "tff_tb.v";
    "tff.v";
