#! /usr/bin/vvp
:ivl_version "10.1 (stable)";
:ivl_delay_selection "TYPICAL";
:vpi_time_precision - 9;
:vpi_module "system";
:vpi_module "vhdl_sys";
:vpi_module "v2005_math";
:vpi_module "va_math";
S_0x55c29b527750 .scope module, "ejercicio_3_c_tb" "ejercicio_3_c_tb" 2 2;
 .timescale -9 -9;
v0x55c29b55ec20_0 .var "in_1", 15 0;
v0x55c29b55ed00_0 .net "out_1", 15 0, L_0x55c29b571d20;  1 drivers
v0x55c29b55edc0_0 .net "out_10", 15 0, L_0x55c29b575320;  1 drivers
v0x55c29b55ee60_0 .net "out_11", 15 0, L_0x55c29b575750;  1 drivers
v0x55c29b55ef20_0 .net "out_12", 15 0, L_0x55c29b575a80;  1 drivers
v0x55c29b55f030_0 .net "out_13", 15 0, L_0x55c29b575ee0;  1 drivers
v0x55c29b55f0f0_0 .net "out_14", 15 0, L_0x55c29b576210;  1 drivers
v0x55c29b55f1b0_0 .net "out_15", 15 0, L_0x55c29b576670;  1 drivers
v0x55c29b55f270_0 .net "out_16", 15 0, L_0x55c29b5769a0;  1 drivers
v0x55c29b55f3c0_0 .net "out_2", 15 0, L_0x55c29b572050;  1 drivers
v0x55c29b55f480_0 .net "out_3", 15 0, L_0x55c29b572480;  1 drivers
v0x55c29b55f540_0 .net "out_4", 15 0, L_0x55c29b5727b0;  1 drivers
v0x55c29b55f600_0 .net "out_5", 15 0, L_0x55c29b572be0;  1 drivers
v0x55c29b55f6c0_0 .net "out_6", 15 0, L_0x55c29b572f10;  1 drivers
v0x55c29b55f780_0 .net "out_7", 15 0, L_0x55c29b573340;  1 drivers
v0x55c29b55f840_0 .net "out_8", 15 0, L_0x55c29b573670;  1 drivers
v0x55c29b55f900_0 .net "out_9", 15 0, L_0x55c29b574ff0;  1 drivers
v0x55c29b55fad0_0 .var "sel_1", 0 0;
v0x55c29b55fb70_0 .var "sel_2", 0 0;
v0x55c29b55fc10_0 .var "sel_3", 0 0;
v0x55c29b55fcb0_0 .var "sel_4", 0 0;
S_0x55c29b525f20 .scope module, "e3_b" "ejercicio_3_c" 2 8, 3 1 0, S_0x55c29b527750;
 .timescale 0 0;
    .port_info 0 /INPUT 16 "in_1"
    .port_info 1 /INPUT 1 "sel_1"
    .port_info 2 /INPUT 1 "sel_2"
    .port_info 3 /INPUT 1 "sel_3"
    .port_info 4 /INPUT 1 "sel_4"
    .port_info 5 /OUTPUT 16 "out_1"
    .port_info 6 /OUTPUT 16 "out_2"
    .port_info 7 /OUTPUT 16 "out_3"
    .port_info 8 /OUTPUT 16 "out_4"
    .port_info 9 /OUTPUT 16 "out_5"
    .port_info 10 /OUTPUT 16 "out_6"
    .port_info 11 /OUTPUT 16 "out_7"
    .port_info 12 /OUTPUT 16 "out_8"
    .port_info 13 /OUTPUT 16 "out_9"
    .port_info 14 /OUTPUT 16 "out_10"
    .port_info 15 /OUTPUT 16 "out_11"
    .port_info 16 /OUTPUT 16 "out_12"
    .port_info 17 /OUTPUT 16 "out_13"
    .port_info 18 /OUTPUT 16 "out_14"
    .port_info 19 /OUTPUT 16 "out_15"
    .port_info 20 /OUTPUT 16 "out_16"
v0x55c29b55d2f0_0 .net "in_1", 15 0, v0x55c29b55ec20_0;  1 drivers
v0x55c29b55d3d0_0 .net "out_1", 15 0, L_0x55c29b571d20;  alias, 1 drivers
v0x55c29b55d4c0_0 .net "out_10", 15 0, L_0x55c29b575320;  alias, 1 drivers
v0x55c29b55d5b0_0 .net "out_11", 15 0, L_0x55c29b575750;  alias, 1 drivers
v0x55c29b55d6c0_0 .net "out_12", 15 0, L_0x55c29b575a80;  alias, 1 drivers
v0x55c29b55d820_0 .net "out_13", 15 0, L_0x55c29b575ee0;  alias, 1 drivers
v0x55c29b55d930_0 .net "out_14", 15 0, L_0x55c29b576210;  alias, 1 drivers
v0x55c29b55da40_0 .net "out_15", 15 0, L_0x55c29b576670;  alias, 1 drivers
v0x55c29b55db50_0 .net "out_16", 15 0, L_0x55c29b5769a0;  alias, 1 drivers
v0x55c29b55dc10_0 .net "out_2", 15 0, L_0x55c29b572050;  alias, 1 drivers
v0x55c29b55dd20_0 .net "out_3", 15 0, L_0x55c29b572480;  alias, 1 drivers
v0x55c29b55de30_0 .net "out_4", 15 0, L_0x55c29b5727b0;  alias, 1 drivers
v0x55c29b55df40_0 .net "out_5", 15 0, L_0x55c29b572be0;  alias, 1 drivers
v0x55c29b55e050_0 .net "out_6", 15 0, L_0x55c29b572f10;  alias, 1 drivers
v0x55c29b55e160_0 .net "out_7", 15 0, L_0x55c29b573340;  alias, 1 drivers
v0x55c29b55e270_0 .net "out_8", 15 0, L_0x55c29b573670;  alias, 1 drivers
v0x55c29b55e380_0 .net "out_9", 15 0, L_0x55c29b574ff0;  alias, 1 drivers
v0x55c29b55e5a0_0 .net "sel_1", 0 0, v0x55c29b55fad0_0;  1 drivers
v0x55c29b55e640_0 .net "sel_2", 0 0, v0x55c29b55fb70_0;  1 drivers
v0x55c29b55e6e0_0 .net "sel_3", 0 0, v0x55c29b55fc10_0;  1 drivers
v0x55c29b55e780_0 .net "sel_4", 0 0, v0x55c29b55fcb0_0;  1 drivers
v0x55c29b55e820_0 .net "wi_1", 15 0, L_0x55c29b56ff60;  1 drivers
v0x55c29b55e8c0_0 .net "wi_2", 15 0, L_0x55c29b5702d0;  1 drivers
S_0x55c29b524b10 .scope module, "a1" "ejercicio_3_a" 3 7, 4 1 0, S_0x55c29b525f20;
 .timescale 0 0;
    .port_info 0 /INPUT 16 "in_1"
    .port_info 1 /INPUT 1 "sel_1"
    .port_info 2 /OUTPUT 16 "out_1"
    .port_info 3 /OUTPUT 16 "out_2"
L_0x55c29b502100 .functor NOT 1, v0x55c29b55fcb0_0, C4<0>, C4<0>, C4<0>;
L_0x55c29b56fe50 .functor AND 1, L_0x55c29b56fd60, L_0x55c29b502100, C4<1>, C4<1>;
L_0x55c29b570180 .functor AND 1, L_0x55c29b5700e0, v0x55c29b55fcb0_0, C4<1>, C4<1>;
L_0x7ffa844e3018 .functor BUFT 1, C4<0000000000000000>, C4<0>, C4<0>, C4<0>;
v0x55c29b529a30_0 .net/2u *"_s0", 15 0, L_0x7ffa844e3018;  1 drivers
L_0x7ffa844e30a8 .functor BUFT 1, C4<0000000000000000>, C4<0>, C4<0>, C4<0>;
v0x55c29b529ea0_0 .net/2u *"_s12", 15 0, L_0x7ffa844e30a8;  1 drivers
v0x55c29b529f40_0 .net *"_s14", 0 0, L_0x55c29b5700e0;  1 drivers
v0x55c29b54dbe0_0 .net *"_s16", 0 0, L_0x55c29b570180;  1 drivers
L_0x7ffa844e30f0 .functor BUFT 1, C4<0000000000000000>, C4<0>, C4<0>, C4<0>;
v0x55c29b54dca0_0 .net/2u *"_s18", 15 0, L_0x7ffa844e30f0;  1 drivers
v0x55c29b54ddd0_0 .net *"_s2", 0 0, L_0x55c29b56fd60;  1 drivers
v0x55c29b54de90_0 .net *"_s4", 0 0, L_0x55c29b502100;  1 drivers
v0x55c29b54df70_0 .net *"_s6", 0 0, L_0x55c29b56fe50;  1 drivers
L_0x7ffa844e3060 .functor BUFT 1, C4<0000000000000000>, C4<0>, C4<0>, C4<0>;
v0x55c29b54e030_0 .net/2u *"_s8", 15 0, L_0x7ffa844e3060;  1 drivers
v0x55c29b54e110_0 .net "in_1", 15 0, v0x55c29b55ec20_0;  alias, 1 drivers
v0x55c29b54e1f0_0 .net "out_1", 15 0, L_0x55c29b56ff60;  alias, 1 drivers
v0x55c29b54e2d0_0 .net "out_2", 15 0, L_0x55c29b5702d0;  alias, 1 drivers
v0x55c29b54e3b0_0 .net "sel_1", 0 0, v0x55c29b55fcb0_0;  alias, 1 drivers
L_0x55c29b56fd60 .cmp/ne 16, v0x55c29b55ec20_0, L_0x7ffa844e3018;
L_0x55c29b56ff60 .functor MUXZ 16, L_0x7ffa844e3060, v0x55c29b55ec20_0, L_0x55c29b56fe50, C4<>;
L_0x55c29b5700e0 .cmp/ne 16, v0x55c29b55ec20_0, L_0x7ffa844e30a8;
L_0x55c29b5702d0 .functor MUXZ 16, L_0x7ffa844e30f0, v0x55c29b55ec20_0, L_0x55c29b570180, C4<>;
S_0x55c29b54e4f0 .scope module, "a2_0" "ejercicio_3_b" 3 9, 5 1 0, S_0x55c29b525f20;
 .timescale 0 0;
    .port_info 0 /INPUT 16 "in_1"
    .port_info 1 /INPUT 1 "sel_1"
    .port_info 2 /INPUT 1 "sel_2"
    .port_info 3 /INPUT 1 "sel_3"
    .port_info 4 /OUTPUT 16 "out_1"
    .port_info 5 /OUTPUT 16 "out_2"
    .port_info 6 /OUTPUT 16 "out_3"
    .port_info 7 /OUTPUT 16 "out_4"
    .port_info 8 /OUTPUT 16 "out_5"
    .port_info 9 /OUTPUT 16 "out_6"
    .port_info 10 /OUTPUT 16 "out_7"
    .port_info 11 /OUTPUT 16 "out_8"
v0x55c29b5549c0_0 .net "in_1", 15 0, L_0x55c29b56ff60;  alias, 1 drivers
v0x55c29b554aa0_0 .net "out_1", 15 0, L_0x55c29b571d20;  alias, 1 drivers
v0x55c29b554b60_0 .net "out_2", 15 0, L_0x55c29b572050;  alias, 1 drivers
v0x55c29b554c30_0 .net "out_3", 15 0, L_0x55c29b572480;  alias, 1 drivers
v0x55c29b554d00_0 .net "out_4", 15 0, L_0x55c29b5727b0;  alias, 1 drivers
v0x55c29b554df0_0 .net "out_5", 15 0, L_0x55c29b572be0;  alias, 1 drivers
v0x55c29b554ec0_0 .net "out_6", 15 0, L_0x55c29b572f10;  alias, 1 drivers
v0x55c29b554f90_0 .net "out_7", 15 0, L_0x55c29b573340;  alias, 1 drivers
v0x55c29b555060_0 .net "out_8", 15 0, L_0x55c29b573670;  alias, 1 drivers
v0x55c29b5551c0_0 .net "sel_1", 0 0, v0x55c29b55fad0_0;  alias, 1 drivers
v0x55c29b5552f0_0 .net "sel_2", 0 0, v0x55c29b55fb70_0;  alias, 1 drivers
v0x55c29b555390_0 .net "sel_3", 0 0, v0x55c29b55fc10_0;  alias, 1 drivers
v0x55c29b555430_0 .net "wi_1", 15 0, L_0x55c29b5706c0;  1 drivers
v0x55c29b5554d0_0 .net "wi_2", 15 0, L_0x55c29b5709b0;  1 drivers
v0x55c29b5555c0_0 .net "wi_3", 15 0, L_0x55c29b570f70;  1 drivers
v0x55c29b5556b0_0 .net "wi_4", 15 0, L_0x55c29b571260;  1 drivers
v0x55c29b5557c0_0 .net "wi_5", 15 0, L_0x55c29b5715c0;  1 drivers
v0x55c29b5558d0_0 .net "wi_6", 15 0, L_0x55c29b5718b0;  1 drivers
S_0x55c29b54e7c0 .scope module, "a1" "ejercicio_3_a" 5 7, 4 1 0, S_0x55c29b54e4f0;
 .timescale 0 0;
    .port_info 0 /INPUT 16 "in_1"
    .port_info 1 /INPUT 1 "sel_1"
    .port_info 2 /OUTPUT 16 "out_1"
    .port_info 3 /OUTPUT 16 "out_2"
L_0x55c29b570540 .functor NOT 1, v0x55c29b55fc10_0, C4<0>, C4<0>, C4<0>;
L_0x55c29b5705b0 .functor AND 1, L_0x55c29b570450, L_0x55c29b570540, C4<1>, C4<1>;
L_0x55c29b5708f0 .functor AND 1, L_0x55c29b570800, v0x55c29b55fc10_0, C4<1>, C4<1>;
L_0x7ffa844e3138 .functor BUFT 1, C4<0000000000000000>, C4<0>, C4<0>, C4<0>;
v0x55c29b54e990_0 .net/2u *"_s0", 15 0, L_0x7ffa844e3138;  1 drivers
L_0x7ffa844e31c8 .functor BUFT 1, C4<0000000000000000>, C4<0>, C4<0>, C4<0>;
v0x55c29b54ea90_0 .net/2u *"_s12", 15 0, L_0x7ffa844e31c8;  1 drivers
v0x55c29b54eb70_0 .net *"_s14", 0 0, L_0x55c29b570800;  1 drivers
v0x55c29b54ec10_0 .net *"_s16", 0 0, L_0x55c29b5708f0;  1 drivers
L_0x7ffa844e3210 .functor BUFT 1, C4<0000000000000000>, C4<0>, C4<0>, C4<0>;
v0x55c29b54ecd0_0 .net/2u *"_s18", 15 0, L_0x7ffa844e3210;  1 drivers
v0x55c29b54ee00_0 .net *"_s2", 0 0, L_0x55c29b570450;  1 drivers
v0x55c29b54eec0_0 .net *"_s4", 0 0, L_0x55c29b570540;  1 drivers
v0x55c29b54efa0_0 .net *"_s6", 0 0, L_0x55c29b5705b0;  1 drivers
L_0x7ffa844e3180 .functor BUFT 1, C4<0000000000000000>, C4<0>, C4<0>, C4<0>;
v0x55c29b54f060_0 .net/2u *"_s8", 15 0, L_0x7ffa844e3180;  1 drivers
v0x55c29b54f140_0 .net "in_1", 15 0, L_0x55c29b56ff60;  alias, 1 drivers
v0x55c29b54f200_0 .net "out_1", 15 0, L_0x55c29b5706c0;  alias, 1 drivers
v0x55c29b54f2c0_0 .net "out_2", 15 0, L_0x55c29b5709b0;  alias, 1 drivers
v0x55c29b54f3a0_0 .net "sel_1", 0 0, v0x55c29b55fc10_0;  alias, 1 drivers
L_0x55c29b570450 .cmp/ne 16, L_0x55c29b56ff60, L_0x7ffa844e3138;
L_0x55c29b5706c0 .functor MUXZ 16, L_0x7ffa844e3180, L_0x55c29b56ff60, L_0x55c29b5705b0, C4<>;
L_0x55c29b570800 .cmp/ne 16, L_0x55c29b56ff60, L_0x7ffa844e31c8;
L_0x55c29b5709b0 .functor MUXZ 16, L_0x7ffa844e3210, L_0x55c29b56ff60, L_0x55c29b5708f0, C4<>;
S_0x55c29b54f4e0 .scope module, "a2_0" "ejercicio_3_a" 5 9, 4 1 0, S_0x55c29b54e4f0;
 .timescale 0 0;
    .port_info 0 /INPUT 16 "in_1"
    .port_info 1 /INPUT 1 "sel_1"
    .port_info 2 /OUTPUT 16 "out_1"
    .port_info 3 /OUTPUT 16 "out_2"
L_0x55c29b570d30 .functor NOT 1, v0x55c29b55fb70_0, C4<0>, C4<0>, C4<0>;
L_0x55c29b570eb0 .functor AND 1, L_0x55c29b570c00, L_0x55c29b570d30, C4<1>, C4<1>;
L_0x55c29b5711a0 .functor AND 1, L_0x55c29b5710b0, v0x55c29b55fb70_0, C4<1>, C4<1>;
L_0x7ffa844e3258 .functor BUFT 1, C4<0000000000000000>, C4<0>, C4<0>, C4<0>;
v0x55c29b54f6f0_0 .net/2u *"_s0", 15 0, L_0x7ffa844e3258;  1 drivers
L_0x7ffa844e32e8 .functor BUFT 1, C4<0000000000000000>, C4<0>, C4<0>, C4<0>;
v0x55c29b54f7d0_0 .net/2u *"_s12", 15 0, L_0x7ffa844e32e8;  1 drivers
v0x55c29b54f8b0_0 .net *"_s14", 0 0, L_0x55c29b5710b0;  1 drivers
v0x55c29b54f950_0 .net *"_s16", 0 0, L_0x55c29b5711a0;  1 drivers
L_0x7ffa844e3330 .functor BUFT 1, C4<0000000000000000>, C4<0>, C4<0>, C4<0>;
v0x55c29b54fa10_0 .net/2u *"_s18", 15 0, L_0x7ffa844e3330;  1 drivers
v0x55c29b54fb40_0 .net *"_s2", 0 0, L_0x55c29b570c00;  1 drivers
v0x55c29b54fc00_0 .net *"_s4", 0 0, L_0x55c29b570d30;  1 drivers
v0x55c29b54fce0_0 .net *"_s6", 0 0, L_0x55c29b570eb0;  1 drivers
L_0x7ffa844e32a0 .functor BUFT 1, C4<0000000000000000>, C4<0>, C4<0>, C4<0>;
v0x55c29b54fda0_0 .net/2u *"_s8", 15 0, L_0x7ffa844e32a0;  1 drivers
v0x55c29b54ff10_0 .net "in_1", 15 0, L_0x55c29b5706c0;  alias, 1 drivers
v0x55c29b54ffd0_0 .net "out_1", 15 0, L_0x55c29b570f70;  alias, 1 drivers
v0x55c29b550090_0 .net "out_2", 15 0, L_0x55c29b571260;  alias, 1 drivers
v0x55c29b550170_0 .net "sel_1", 0 0, v0x55c29b55fb70_0;  alias, 1 drivers
L_0x55c29b570c00 .cmp/ne 16, L_0x55c29b5706c0, L_0x7ffa844e3258;
L_0x55c29b570f70 .functor MUXZ 16, L_0x7ffa844e32a0, L_0x55c29b5706c0, L_0x55c29b570eb0, C4<>;
L_0x55c29b5710b0 .cmp/ne 16, L_0x55c29b5706c0, L_0x7ffa844e32e8;
L_0x55c29b571260 .functor MUXZ 16, L_0x7ffa844e3330, L_0x55c29b5706c0, L_0x55c29b5711a0, C4<>;
S_0x55c29b5502e0 .scope module, "a2_1" "ejercicio_3_a" 5 10, 4 1 0, S_0x55c29b54e4f0;
 .timescale 0 0;
    .port_info 0 /INPUT 16 "in_1"
    .port_info 1 /INPUT 1 "sel_1"
    .port_info 2 /OUTPUT 16 "out_1"
    .port_info 3 /OUTPUT 16 "out_2"
L_0x55c29b571440 .functor NOT 1, v0x55c29b55fb70_0, C4<0>, C4<0>, C4<0>;
L_0x55c29b5714b0 .functor AND 1, L_0x55c29b5713a0, L_0x55c29b571440, C4<1>, C4<1>;
L_0x55c29b5717f0 .functor AND 1, L_0x55c29b571700, v0x55c29b55fb70_0, C4<1>, C4<1>;
L_0x7ffa844e3378 .functor BUFT 1, C4<0000000000000000>, C4<0>, C4<0>, C4<0>;
v0x55c29b550500_0 .net/2u *"_s0", 15 0, L_0x7ffa844e3378;  1 drivers
L_0x7ffa844e3408 .functor BUFT 1, C4<0000000000000000>, C4<0>, C4<0>, C4<0>;
v0x55c29b5505e0_0 .net/2u *"_s12", 15 0, L_0x7ffa844e3408;  1 drivers
v0x55c29b5506c0_0 .net *"_s14", 0 0, L_0x55c29b571700;  1 drivers
v0x55c29b550790_0 .net *"_s16", 0 0, L_0x55c29b5717f0;  1 drivers
L_0x7ffa844e3450 .functor BUFT 1, C4<0000000000000000>, C4<0>, C4<0>, C4<0>;
v0x55c29b550850_0 .net/2u *"_s18", 15 0, L_0x7ffa844e3450;  1 drivers
v0x55c29b550980_0 .net *"_s2", 0 0, L_0x55c29b5713a0;  1 drivers
v0x55c29b550a40_0 .net *"_s4", 0 0, L_0x55c29b571440;  1 drivers
v0x55c29b550b20_0 .net *"_s6", 0 0, L_0x55c29b5714b0;  1 drivers
L_0x7ffa844e33c0 .functor BUFT 1, C4<0000000000000000>, C4<0>, C4<0>, C4<0>;
v0x55c29b550be0_0 .net/2u *"_s8", 15 0, L_0x7ffa844e33c0;  1 drivers
v0x55c29b550d50_0 .net "in_1", 15 0, L_0x55c29b5709b0;  alias, 1 drivers
v0x55c29b550e10_0 .net "out_1", 15 0, L_0x55c29b5715c0;  alias, 1 drivers
v0x55c29b550ed0_0 .net "out_2", 15 0, L_0x55c29b5718b0;  alias, 1 drivers
v0x55c29b550fb0_0 .net "sel_1", 0 0, v0x55c29b55fb70_0;  alias, 1 drivers
L_0x55c29b5713a0 .cmp/ne 16, L_0x55c29b5709b0, L_0x7ffa844e3378;
L_0x55c29b5715c0 .functor MUXZ 16, L_0x7ffa844e33c0, L_0x55c29b5709b0, L_0x55c29b5714b0, C4<>;
L_0x55c29b571700 .cmp/ne 16, L_0x55c29b5709b0, L_0x7ffa844e3408;
L_0x55c29b5718b0 .functor MUXZ 16, L_0x7ffa844e3450, L_0x55c29b5709b0, L_0x55c29b5717f0, C4<>;
S_0x55c29b551110 .scope module, "a3_0" "ejercicio_3_a" 5 12, 4 1 0, S_0x55c29b54e4f0;
 .timescale 0 0;
    .port_info 0 /INPUT 16 "in_1"
    .port_info 1 /INPUT 1 "sel_1"
    .port_info 2 /OUTPUT 16 "out_1"
    .port_info 3 /OUTPUT 16 "out_2"
L_0x55c29b571ba0 .functor NOT 1, v0x55c29b55fad0_0, C4<0>, C4<0>, C4<0>;
L_0x55c29b571c10 .functor AND 1, L_0x55c29b571b00, L_0x55c29b571ba0, C4<1>, C4<1>;
L_0x55c29b571f90 .functor AND 1, L_0x55c29b571ea0, v0x55c29b55fad0_0, C4<1>, C4<1>;
L_0x7ffa844e3498 .functor BUFT 1, C4<0000000000000000>, C4<0>, C4<0>, C4<0>;
v0x55c29b551300_0 .net/2u *"_s0", 15 0, L_0x7ffa844e3498;  1 drivers
L_0x7ffa844e3528 .functor BUFT 1, C4<0000000000000000>, C4<0>, C4<0>, C4<0>;
v0x55c29b551400_0 .net/2u *"_s12", 15 0, L_0x7ffa844e3528;  1 drivers
v0x55c29b5514e0_0 .net *"_s14", 0 0, L_0x55c29b571ea0;  1 drivers
v0x55c29b5515b0_0 .net *"_s16", 0 0, L_0x55c29b571f90;  1 drivers
L_0x7ffa844e3570 .functor BUFT 1, C4<0000000000000000>, C4<0>, C4<0>, C4<0>;
v0x55c29b551670_0 .net/2u *"_s18", 15 0, L_0x7ffa844e3570;  1 drivers
v0x55c29b5517a0_0 .net *"_s2", 0 0, L_0x55c29b571b00;  1 drivers
v0x55c29b551860_0 .net *"_s4", 0 0, L_0x55c29b571ba0;  1 drivers
v0x55c29b551940_0 .net *"_s6", 0 0, L_0x55c29b571c10;  1 drivers
L_0x7ffa844e34e0 .functor BUFT 1, C4<0000000000000000>, C4<0>, C4<0>, C4<0>;
v0x55c29b551a00_0 .net/2u *"_s8", 15 0, L_0x7ffa844e34e0;  1 drivers
v0x55c29b551b70_0 .net "in_1", 15 0, L_0x55c29b570f70;  alias, 1 drivers
v0x55c29b551c30_0 .net "out_1", 15 0, L_0x55c29b571d20;  alias, 1 drivers
v0x55c29b551cf0_0 .net "out_2", 15 0, L_0x55c29b572050;  alias, 1 drivers
v0x55c29b551dd0_0 .net "sel_1", 0 0, v0x55c29b55fad0_0;  alias, 1 drivers
L_0x55c29b571b00 .cmp/ne 16, L_0x55c29b570f70, L_0x7ffa844e3498;
L_0x55c29b571d20 .functor MUXZ 16, L_0x7ffa844e34e0, L_0x55c29b570f70, L_0x55c29b571c10, C4<>;
L_0x55c29b571ea0 .cmp/ne 16, L_0x55c29b570f70, L_0x7ffa844e3528;
L_0x55c29b572050 .functor MUXZ 16, L_0x7ffa844e3570, L_0x55c29b570f70, L_0x55c29b571f90, C4<>;
S_0x55c29b551f40 .scope module, "a3_1" "ejercicio_3_a" 5 13, 4 1 0, S_0x55c29b54e4f0;
 .timescale 0 0;
    .port_info 0 /INPUT 16 "in_1"
    .port_info 1 /INPUT 1 "sel_1"
    .port_info 2 /OUTPUT 16 "out_1"
    .port_info 3 /OUTPUT 16 "out_2"
L_0x55c29b572300 .functor NOT 1, v0x55c29b55fad0_0, C4<0>, C4<0>, C4<0>;
L_0x55c29b572370 .functor AND 1, L_0x55c29b5721d0, L_0x55c29b572300, C4<1>, C4<1>;
L_0x55c29b5726f0 .functor AND 1, L_0x55c29b572600, v0x55c29b55fad0_0, C4<1>, C4<1>;
L_0x7ffa844e35b8 .functor BUFT 1, C4<0000000000000000>, C4<0>, C4<0>, C4<0>;
v0x55c29b552180_0 .net/2u *"_s0", 15 0, L_0x7ffa844e35b8;  1 drivers
L_0x7ffa844e3648 .functor BUFT 1, C4<0000000000000000>, C4<0>, C4<0>, C4<0>;
v0x55c29b552280_0 .net/2u *"_s12", 15 0, L_0x7ffa844e3648;  1 drivers
v0x55c29b552360_0 .net *"_s14", 0 0, L_0x55c29b572600;  1 drivers
v0x55c29b552400_0 .net *"_s16", 0 0, L_0x55c29b5726f0;  1 drivers
L_0x7ffa844e3690 .functor BUFT 1, C4<0000000000000000>, C4<0>, C4<0>, C4<0>;
v0x55c29b5524c0_0 .net/2u *"_s18", 15 0, L_0x7ffa844e3690;  1 drivers
v0x55c29b5525f0_0 .net *"_s2", 0 0, L_0x55c29b5721d0;  1 drivers
v0x55c29b5526b0_0 .net *"_s4", 0 0, L_0x55c29b572300;  1 drivers
v0x55c29b552790_0 .net *"_s6", 0 0, L_0x55c29b572370;  1 drivers
L_0x7ffa844e3600 .functor BUFT 1, C4<0000000000000000>, C4<0>, C4<0>, C4<0>;
v0x55c29b552850_0 .net/2u *"_s8", 15 0, L_0x7ffa844e3600;  1 drivers
v0x55c29b5529c0_0 .net "in_1", 15 0, L_0x55c29b571260;  alias, 1 drivers
v0x55c29b552a80_0 .net "out_1", 15 0, L_0x55c29b572480;  alias, 1 drivers
v0x55c29b552b40_0 .net "out_2", 15 0, L_0x55c29b5727b0;  alias, 1 drivers
v0x55c29b552c20_0 .net "sel_1", 0 0, v0x55c29b55fad0_0;  alias, 1 drivers
L_0x55c29b5721d0 .cmp/ne 16, L_0x55c29b571260, L_0x7ffa844e35b8;
L_0x55c29b572480 .functor MUXZ 16, L_0x7ffa844e3600, L_0x55c29b571260, L_0x55c29b572370, C4<>;
L_0x55c29b572600 .cmp/ne 16, L_0x55c29b571260, L_0x7ffa844e3648;
L_0x55c29b5727b0 .functor MUXZ 16, L_0x7ffa844e3690, L_0x55c29b571260, L_0x55c29b5726f0, C4<>;
S_0x55c29b552d80 .scope module, "a3_2" "ejercicio_3_a" 5 14, 4 1 0, S_0x55c29b54e4f0;
 .timescale 0 0;
    .port_info 0 /INPUT 16 "in_1"
    .port_info 1 /INPUT 1 "sel_1"
    .port_info 2 /OUTPUT 16 "out_1"
    .port_info 3 /OUTPUT 16 "out_2"
L_0x55c29b572a60 .functor NOT 1, v0x55c29b55fad0_0, C4<0>, C4<0>, C4<0>;
L_0x55c29b572ad0 .functor AND 1, L_0x55c29b572930, L_0x55c29b572a60, C4<1>, C4<1>;
L_0x55c29b572e50 .functor AND 1, L_0x55c29b572d60, v0x55c29b55fad0_0, C4<1>, C4<1>;
L_0x7ffa844e36d8 .functor BUFT 1, C4<0000000000000000>, C4<0>, C4<0>, C4<0>;
v0x55c29b552f70_0 .net/2u *"_s0", 15 0, L_0x7ffa844e36d8;  1 drivers
L_0x7ffa844e3768 .functor BUFT 1, C4<0000000000000000>, C4<0>, C4<0>, C4<0>;
v0x55c29b553070_0 .net/2u *"_s12", 15 0, L_0x7ffa844e3768;  1 drivers
v0x55c29b553150_0 .net *"_s14", 0 0, L_0x55c29b572d60;  1 drivers
v0x55c29b553220_0 .net *"_s16", 0 0, L_0x55c29b572e50;  1 drivers
L_0x7ffa844e37b0 .functor BUFT 1, C4<0000000000000000>, C4<0>, C4<0>, C4<0>;
v0x55c29b5532e0_0 .net/2u *"_s18", 15 0, L_0x7ffa844e37b0;  1 drivers
v0x55c29b553410_0 .net *"_s2", 0 0, L_0x55c29b572930;  1 drivers
v0x55c29b5534d0_0 .net *"_s4", 0 0, L_0x55c29b572a60;  1 drivers
v0x55c29b5535b0_0 .net *"_s6", 0 0, L_0x55c29b572ad0;  1 drivers
L_0x7ffa844e3720 .functor BUFT 1, C4<0000000000000000>, C4<0>, C4<0>, C4<0>;
v0x55c29b553670_0 .net/2u *"_s8", 15 0, L_0x7ffa844e3720;  1 drivers
v0x55c29b5537e0_0 .net "in_1", 15 0, L_0x55c29b5715c0;  alias, 1 drivers
v0x55c29b5538a0_0 .net "out_1", 15 0, L_0x55c29b572be0;  alias, 1 drivers
v0x55c29b553960_0 .net "out_2", 15 0, L_0x55c29b572f10;  alias, 1 drivers
v0x55c29b553a40_0 .net "sel_1", 0 0, v0x55c29b55fad0_0;  alias, 1 drivers
L_0x55c29b572930 .cmp/ne 16, L_0x55c29b5715c0, L_0x7ffa844e36d8;
L_0x55c29b572be0 .functor MUXZ 16, L_0x7ffa844e3720, L_0x55c29b5715c0, L_0x55c29b572ad0, C4<>;
L_0x55c29b572d60 .cmp/ne 16, L_0x55c29b5715c0, L_0x7ffa844e3768;
L_0x55c29b572f10 .functor MUXZ 16, L_0x7ffa844e37b0, L_0x55c29b5715c0, L_0x55c29b572e50, C4<>;
S_0x55c29b553b60 .scope module, "a3_3" "ejercicio_3_a" 5 15, 4 1 0, S_0x55c29b54e4f0;
 .timescale 0 0;
    .port_info 0 /INPUT 16 "in_1"
    .port_info 1 /INPUT 1 "sel_1"
    .port_info 2 /OUTPUT 16 "out_1"
    .port_info 3 /OUTPUT 16 "out_2"
L_0x55c29b5731c0 .functor NOT 1, v0x55c29b55fad0_0, C4<0>, C4<0>, C4<0>;
L_0x55c29b573230 .functor AND 1, L_0x55c29b573090, L_0x55c29b5731c0, C4<1>, C4<1>;
L_0x55c29b5735b0 .functor AND 1, L_0x55c29b5734c0, v0x55c29b55fad0_0, C4<1>, C4<1>;
L_0x7ffa844e37f8 .functor BUFT 1, C4<0000000000000000>, C4<0>, C4<0>, C4<0>;
v0x55c29b553da0_0 .net/2u *"_s0", 15 0, L_0x7ffa844e37f8;  1 drivers
L_0x7ffa844e3888 .functor BUFT 1, C4<0000000000000000>, C4<0>, C4<0>, C4<0>;
v0x55c29b553ea0_0 .net/2u *"_s12", 15 0, L_0x7ffa844e3888;  1 drivers
v0x55c29b553f80_0 .net *"_s14", 0 0, L_0x55c29b5734c0;  1 drivers
v0x55c29b554050_0 .net *"_s16", 0 0, L_0x55c29b5735b0;  1 drivers
L_0x7ffa844e38d0 .functor BUFT 1, C4<0000000000000000>, C4<0>, C4<0>, C4<0>;
v0x55c29b554110_0 .net/2u *"_s18", 15 0, L_0x7ffa844e38d0;  1 drivers
v0x55c29b554240_0 .net *"_s2", 0 0, L_0x55c29b573090;  1 drivers
v0x55c29b554300_0 .net *"_s4", 0 0, L_0x55c29b5731c0;  1 drivers
v0x55c29b5543e0_0 .net *"_s6", 0 0, L_0x55c29b573230;  1 drivers
L_0x7ffa844e3840 .functor BUFT 1, C4<0000000000000000>, C4<0>, C4<0>, C4<0>;
v0x55c29b5544a0_0 .net/2u *"_s8", 15 0, L_0x7ffa844e3840;  1 drivers
v0x55c29b554610_0 .net "in_1", 15 0, L_0x55c29b5718b0;  alias, 1 drivers
v0x55c29b5546d0_0 .net "out_1", 15 0, L_0x55c29b573340;  alias, 1 drivers
v0x55c29b554790_0 .net "out_2", 15 0, L_0x55c29b573670;  alias, 1 drivers
v0x55c29b554870_0 .net "sel_1", 0 0, v0x55c29b55fad0_0;  alias, 1 drivers
L_0x55c29b573090 .cmp/ne 16, L_0x55c29b5718b0, L_0x7ffa844e37f8;
L_0x55c29b573340 .functor MUXZ 16, L_0x7ffa844e3840, L_0x55c29b5718b0, L_0x55c29b573230, C4<>;
L_0x55c29b5734c0 .cmp/ne 16, L_0x55c29b5718b0, L_0x7ffa844e3888;
L_0x55c29b573670 .functor MUXZ 16, L_0x7ffa844e38d0, L_0x55c29b5718b0, L_0x55c29b5735b0, C4<>;
S_0x55c29b555bd0 .scope module, "a2_1" "ejercicio_3_b" 3 10, 5 1 0, S_0x55c29b525f20;
 .timescale 0 0;
    .port_info 0 /INPUT 16 "in_1"
    .port_info 1 /INPUT 1 "sel_1"
    .port_info 2 /INPUT 1 "sel_2"
    .port_info 3 /INPUT 1 "sel_3"
    .port_info 4 /OUTPUT 16 "out_1"
    .port_info 5 /OUTPUT 16 "out_2"
    .port_info 6 /OUTPUT 16 "out_3"
    .port_info 7 /OUTPUT 16 "out_4"
    .port_info 8 /OUTPUT 16 "out_5"
    .port_info 9 /OUTPUT 16 "out_6"
    .port_info 10 /OUTPUT 16 "out_7"
    .port_info 11 /OUTPUT 16 "out_8"
v0x55c29b55c0d0_0 .net "in_1", 15 0, L_0x55c29b5702d0;  alias, 1 drivers
v0x55c29b55c1b0_0 .net "out_1", 15 0, L_0x55c29b574ff0;  alias, 1 drivers
v0x55c29b55c270_0 .net "out_2", 15 0, L_0x55c29b575320;  alias, 1 drivers
v0x55c29b55c340_0 .net "out_3", 15 0, L_0x55c29b575750;  alias, 1 drivers
v0x55c29b55c410_0 .net "out_4", 15 0, L_0x55c29b575a80;  alias, 1 drivers
v0x55c29b55c500_0 .net "out_5", 15 0, L_0x55c29b575ee0;  alias, 1 drivers
v0x55c29b55c5d0_0 .net "out_6", 15 0, L_0x55c29b576210;  alias, 1 drivers
v0x55c29b55c6a0_0 .net "out_7", 15 0, L_0x55c29b576670;  alias, 1 drivers
v0x55c29b55c770_0 .net "out_8", 15 0, L_0x55c29b5769a0;  alias, 1 drivers
v0x55c29b55c840_0 .net "sel_1", 0 0, v0x55c29b55fad0_0;  alias, 1 drivers
v0x55c29b55c8e0_0 .net "sel_2", 0 0, v0x55c29b55fb70_0;  alias, 1 drivers
v0x55c29b55c980_0 .net "sel_3", 0 0, v0x55c29b55fc10_0;  alias, 1 drivers
v0x55c29b55ca20_0 .net "wi_1", 15 0, L_0x55c29b573c70;  1 drivers
v0x55c29b55cac0_0 .net "wi_2", 15 0, L_0x55c29b573f60;  1 drivers
v0x55c29b55cbb0_0 .net "wi_3", 15 0, L_0x55c29b5742c0;  1 drivers
v0x55c29b55ccc0_0 .net "wi_4", 15 0, L_0x55c29b5745b0;  1 drivers
v0x55c29b55cdd0_0 .net "wi_5", 15 0, L_0x55c29b574910;  1 drivers
v0x55c29b55cff0_0 .net "wi_6", 15 0, L_0x55c29b574c00;  1 drivers
S_0x55c29b555ed0 .scope module, "a1" "ejercicio_3_a" 5 7, 4 1 0, S_0x55c29b555bd0;
 .timescale 0 0;
    .port_info 0 /INPUT 16 "in_1"
    .port_info 1 /INPUT 1 "sel_1"
    .port_info 2 /OUTPUT 16 "out_1"
    .port_info 3 /OUTPUT 16 "out_2"
L_0x55c29b573af0 .functor NOT 1, v0x55c29b55fc10_0, C4<0>, C4<0>, C4<0>;
L_0x55c29b573b60 .functor AND 1, L_0x55c29b573a00, L_0x55c29b573af0, C4<1>, C4<1>;
L_0x55c29b573ea0 .functor AND 1, L_0x55c29b573db0, v0x55c29b55fc10_0, C4<1>, C4<1>;
L_0x7ffa844e3918 .functor BUFT 1, C4<0000000000000000>, C4<0>, C4<0>, C4<0>;
v0x55c29b556110_0 .net/2u *"_s0", 15 0, L_0x7ffa844e3918;  1 drivers
L_0x7ffa844e39a8 .functor BUFT 1, C4<0000000000000000>, C4<0>, C4<0>, C4<0>;
v0x55c29b556210_0 .net/2u *"_s12", 15 0, L_0x7ffa844e39a8;  1 drivers
v0x55c29b5562f0_0 .net *"_s14", 0 0, L_0x55c29b573db0;  1 drivers
v0x55c29b556390_0 .net *"_s16", 0 0, L_0x55c29b573ea0;  1 drivers
L_0x7ffa844e39f0 .functor BUFT 1, C4<0000000000000000>, C4<0>, C4<0>, C4<0>;
v0x55c29b556450_0 .net/2u *"_s18", 15 0, L_0x7ffa844e39f0;  1 drivers
v0x55c29b556580_0 .net *"_s2", 0 0, L_0x55c29b573a00;  1 drivers
v0x55c29b556640_0 .net *"_s4", 0 0, L_0x55c29b573af0;  1 drivers
v0x55c29b556720_0 .net *"_s6", 0 0, L_0x55c29b573b60;  1 drivers
L_0x7ffa844e3960 .functor BUFT 1, C4<0000000000000000>, C4<0>, C4<0>, C4<0>;
v0x55c29b5567e0_0 .net/2u *"_s8", 15 0, L_0x7ffa844e3960;  1 drivers
v0x55c29b5568c0_0 .net "in_1", 15 0, L_0x55c29b5702d0;  alias, 1 drivers
v0x55c29b556980_0 .net "out_1", 15 0, L_0x55c29b573c70;  alias, 1 drivers
v0x55c29b556a40_0 .net "out_2", 15 0, L_0x55c29b573f60;  alias, 1 drivers
v0x55c29b556b20_0 .net "sel_1", 0 0, v0x55c29b55fc10_0;  alias, 1 drivers
L_0x55c29b573a00 .cmp/ne 16, L_0x55c29b5702d0, L_0x7ffa844e3918;
L_0x55c29b573c70 .functor MUXZ 16, L_0x7ffa844e3960, L_0x55c29b5702d0, L_0x55c29b573b60, C4<>;
L_0x55c29b573db0 .cmp/ne 16, L_0x55c29b5702d0, L_0x7ffa844e39a8;
L_0x55c29b573f60 .functor MUXZ 16, L_0x7ffa844e39f0, L_0x55c29b5702d0, L_0x55c29b573ea0, C4<>;
S_0x55c29b556c40 .scope module, "a2_0" "ejercicio_3_a" 5 9, 4 1 0, S_0x55c29b555bd0;
 .timescale 0 0;
    .port_info 0 /INPUT 16 "in_1"
    .port_info 1 /INPUT 1 "sel_1"
    .port_info 2 /OUTPUT 16 "out_1"
    .port_info 3 /OUTPUT 16 "out_2"
L_0x55c29b574140 .functor NOT 1, v0x55c29b55fb70_0, C4<0>, C4<0>, C4<0>;
L_0x55c29b5741b0 .functor AND 1, L_0x55c29b5740a0, L_0x55c29b574140, C4<1>, C4<1>;
L_0x55c29b5744f0 .functor AND 1, L_0x55c29b574400, v0x55c29b55fb70_0, C4<1>, C4<1>;
L_0x7ffa844e3a38 .functor BUFT 1, C4<0000000000000000>, C4<0>, C4<0>, C4<0>;
v0x55c29b556ea0_0 .net/2u *"_s0", 15 0, L_0x7ffa844e3a38;  1 drivers
L_0x7ffa844e3ac8 .functor BUFT 1, C4<0000000000000000>, C4<0>, C4<0>, C4<0>;
v0x55c29b556f80_0 .net/2u *"_s12", 15 0, L_0x7ffa844e3ac8;  1 drivers
v0x55c29b557060_0 .net *"_s14", 0 0, L_0x55c29b574400;  1 drivers
v0x55c29b557100_0 .net *"_s16", 0 0, L_0x55c29b5744f0;  1 drivers
L_0x7ffa844e3b10 .functor BUFT 1, C4<0000000000000000>, C4<0>, C4<0>, C4<0>;
v0x55c29b5571c0_0 .net/2u *"_s18", 15 0, L_0x7ffa844e3b10;  1 drivers
v0x55c29b5572f0_0 .net *"_s2", 0 0, L_0x55c29b5740a0;  1 drivers
v0x55c29b5573b0_0 .net *"_s4", 0 0, L_0x55c29b574140;  1 drivers
v0x55c29b557490_0 .net *"_s6", 0 0, L_0x55c29b5741b0;  1 drivers
L_0x7ffa844e3a80 .functor BUFT 1, C4<0000000000000000>, C4<0>, C4<0>, C4<0>;
v0x55c29b557550_0 .net/2u *"_s8", 15 0, L_0x7ffa844e3a80;  1 drivers
v0x55c29b5576c0_0 .net "in_1", 15 0, L_0x55c29b573c70;  alias, 1 drivers
v0x55c29b557780_0 .net "out_1", 15 0, L_0x55c29b5742c0;  alias, 1 drivers
v0x55c29b557840_0 .net "out_2", 15 0, L_0x55c29b5745b0;  alias, 1 drivers
v0x55c29b557920_0 .net "sel_1", 0 0, v0x55c29b55fb70_0;  alias, 1 drivers
L_0x55c29b5740a0 .cmp/ne 16, L_0x55c29b573c70, L_0x7ffa844e3a38;
L_0x55c29b5742c0 .functor MUXZ 16, L_0x7ffa844e3a80, L_0x55c29b573c70, L_0x55c29b5741b0, C4<>;
L_0x55c29b574400 .cmp/ne 16, L_0x55c29b573c70, L_0x7ffa844e3ac8;
L_0x55c29b5745b0 .functor MUXZ 16, L_0x7ffa844e3b10, L_0x55c29b573c70, L_0x55c29b5744f0, C4<>;
S_0x55c29b557a40 .scope module, "a2_1" "ejercicio_3_a" 5 10, 4 1 0, S_0x55c29b555bd0;
 .timescale 0 0;
    .port_info 0 /INPUT 16 "in_1"
    .port_info 1 /INPUT 1 "sel_1"
    .port_info 2 /OUTPUT 16 "out_1"
    .port_info 3 /OUTPUT 16 "out_2"
L_0x55c29b574790 .functor NOT 1, v0x55c29b55fb70_0, C4<0>, C4<0>, C4<0>;
L_0x55c29b574800 .functor AND 1, L_0x55c29b5746f0, L_0x55c29b574790, C4<1>, C4<1>;
L_0x55c29b574b40 .functor AND 1, L_0x55c29b574a50, v0x55c29b55fb70_0, C4<1>, C4<1>;
L_0x7ffa844e3b58 .functor BUFT 1, C4<0000000000000000>, C4<0>, C4<0>, C4<0>;
v0x55c29b557c30_0 .net/2u *"_s0", 15 0, L_0x7ffa844e3b58;  1 drivers
L_0x7ffa844e3be8 .functor BUFT 1, C4<0000000000000000>, C4<0>, C4<0>, C4<0>;
v0x55c29b557d10_0 .net/2u *"_s12", 15 0, L_0x7ffa844e3be8;  1 drivers
v0x55c29b557df0_0 .net *"_s14", 0 0, L_0x55c29b574a50;  1 drivers
v0x55c29b557ec0_0 .net *"_s16", 0 0, L_0x55c29b574b40;  1 drivers
L_0x7ffa844e3c30 .functor BUFT 1, C4<0000000000000000>, C4<0>, C4<0>, C4<0>;
v0x55c29b557f80_0 .net/2u *"_s18", 15 0, L_0x7ffa844e3c30;  1 drivers
v0x55c29b5580b0_0 .net *"_s2", 0 0, L_0x55c29b5746f0;  1 drivers
v0x55c29b558170_0 .net *"_s4", 0 0, L_0x55c29b574790;  1 drivers
v0x55c29b558250_0 .net *"_s6", 0 0, L_0x55c29b574800;  1 drivers
L_0x7ffa844e3ba0 .functor BUFT 1, C4<0000000000000000>, C4<0>, C4<0>, C4<0>;
v0x55c29b558310_0 .net/2u *"_s8", 15 0, L_0x7ffa844e3ba0;  1 drivers
v0x55c29b558480_0 .net "in_1", 15 0, L_0x55c29b573f60;  alias, 1 drivers
v0x55c29b558540_0 .net "out_1", 15 0, L_0x55c29b574910;  alias, 1 drivers
v0x55c29b558600_0 .net "out_2", 15 0, L_0x55c29b574c00;  alias, 1 drivers
v0x55c29b5586e0_0 .net "sel_1", 0 0, v0x55c29b55fb70_0;  alias, 1 drivers
L_0x55c29b5746f0 .cmp/ne 16, L_0x55c29b573f60, L_0x7ffa844e3b58;
L_0x55c29b574910 .functor MUXZ 16, L_0x7ffa844e3ba0, L_0x55c29b573f60, L_0x55c29b574800, C4<>;
L_0x55c29b574a50 .cmp/ne 16, L_0x55c29b573f60, L_0x7ffa844e3be8;
L_0x55c29b574c00 .functor MUXZ 16, L_0x7ffa844e3c30, L_0x55c29b573f60, L_0x55c29b574b40, C4<>;
S_0x55c29b5588c0 .scope module, "a3_0" "ejercicio_3_a" 5 12, 4 1 0, S_0x55c29b555bd0;
 .timescale 0 0;
    .port_info 0 /INPUT 16 "in_1"
    .port_info 1 /INPUT 1 "sel_1"
    .port_info 2 /OUTPUT 16 "out_1"
    .port_info 3 /OUTPUT 16 "out_2"
L_0x55c29b574e70 .functor NOT 1, v0x55c29b55fad0_0, C4<0>, C4<0>, C4<0>;
L_0x55c29b574ee0 .functor AND 1, L_0x55c29b574d40, L_0x55c29b574e70, C4<1>, C4<1>;
L_0x55c29b575260 .functor AND 1, L_0x55c29b575170, v0x55c29b55fad0_0, C4<1>, C4<1>;
L_0x7ffa844e3c78 .functor BUFT 1, C4<0000000000000000>, C4<0>, C4<0>, C4<0>;
v0x55c29b558ab0_0 .net/2u *"_s0", 15 0, L_0x7ffa844e3c78;  1 drivers
L_0x7ffa844e3d08 .functor BUFT 1, C4<0000000000000000>, C4<0>, C4<0>, C4<0>;
v0x55c29b558bb0_0 .net/2u *"_s12", 15 0, L_0x7ffa844e3d08;  1 drivers
v0x55c29b558c90_0 .net *"_s14", 0 0, L_0x55c29b575170;  1 drivers
v0x55c29b558d60_0 .net *"_s16", 0 0, L_0x55c29b575260;  1 drivers
L_0x7ffa844e3d50 .functor BUFT 1, C4<0000000000000000>, C4<0>, C4<0>, C4<0>;
v0x55c29b558e20_0 .net/2u *"_s18", 15 0, L_0x7ffa844e3d50;  1 drivers
v0x55c29b558f00_0 .net *"_s2", 0 0, L_0x55c29b574d40;  1 drivers
v0x55c29b558fc0_0 .net *"_s4", 0 0, L_0x55c29b574e70;  1 drivers
v0x55c29b5590a0_0 .net *"_s6", 0 0, L_0x55c29b574ee0;  1 drivers
L_0x7ffa844e3cc0 .functor BUFT 1, C4<0000000000000000>, C4<0>, C4<0>, C4<0>;
v0x55c29b559160_0 .net/2u *"_s8", 15 0, L_0x7ffa844e3cc0;  1 drivers
v0x55c29b5592d0_0 .net "in_1", 15 0, L_0x55c29b5742c0;  alias, 1 drivers
v0x55c29b559390_0 .net "out_1", 15 0, L_0x55c29b574ff0;  alias, 1 drivers
v0x55c29b559450_0 .net "out_2", 15 0, L_0x55c29b575320;  alias, 1 drivers
v0x55c29b559530_0 .net "sel_1", 0 0, v0x55c29b55fad0_0;  alias, 1 drivers
L_0x55c29b574d40 .cmp/ne 16, L_0x55c29b5742c0, L_0x7ffa844e3c78;
L_0x55c29b574ff0 .functor MUXZ 16, L_0x7ffa844e3cc0, L_0x55c29b5742c0, L_0x55c29b574ee0, C4<>;
L_0x55c29b575170 .cmp/ne 16, L_0x55c29b5742c0, L_0x7ffa844e3d08;
L_0x55c29b575320 .functor MUXZ 16, L_0x7ffa844e3d50, L_0x55c29b5742c0, L_0x55c29b575260, C4<>;
S_0x55c29b559680 .scope module, "a3_1" "ejercicio_3_a" 5 13, 4 1 0, S_0x55c29b555bd0;
 .timescale 0 0;
    .port_info 0 /INPUT 16 "in_1"
    .port_info 1 /INPUT 1 "sel_1"
    .port_info 2 /OUTPUT 16 "out_1"
    .port_info 3 /OUTPUT 16 "out_2"
L_0x55c29b5755d0 .functor NOT 1, v0x55c29b55fad0_0, C4<0>, C4<0>, C4<0>;
L_0x55c29b575640 .functor AND 1, L_0x55c29b5754a0, L_0x55c29b5755d0, C4<1>, C4<1>;
L_0x55c29b5759c0 .functor AND 1, L_0x55c29b5758d0, v0x55c29b55fad0_0, C4<1>, C4<1>;
L_0x7ffa844e3d98 .functor BUFT 1, C4<0000000000000000>, C4<0>, C4<0>, C4<0>;
v0x55c29b5598c0_0 .net/2u *"_s0", 15 0, L_0x7ffa844e3d98;  1 drivers
L_0x7ffa844e3e28 .functor BUFT 1, C4<0000000000000000>, C4<0>, C4<0>, C4<0>;
v0x55c29b5599c0_0 .net/2u *"_s12", 15 0, L_0x7ffa844e3e28;  1 drivers
v0x55c29b559aa0_0 .net *"_s14", 0 0, L_0x55c29b5758d0;  1 drivers
v0x55c29b559b40_0 .net *"_s16", 0 0, L_0x55c29b5759c0;  1 drivers
L_0x7ffa844e3e70 .functor BUFT 1, C4<0000000000000000>, C4<0>, C4<0>, C4<0>;
v0x55c29b559c00_0 .net/2u *"_s18", 15 0, L_0x7ffa844e3e70;  1 drivers
v0x55c29b559d30_0 .net *"_s2", 0 0, L_0x55c29b5754a0;  1 drivers
v0x55c29b559df0_0 .net *"_s4", 0 0, L_0x55c29b5755d0;  1 drivers
v0x55c29b559ed0_0 .net *"_s6", 0 0, L_0x55c29b575640;  1 drivers
L_0x7ffa844e3de0 .functor BUFT 1, C4<0000000000000000>, C4<0>, C4<0>, C4<0>;
v0x55c29b559f90_0 .net/2u *"_s8", 15 0, L_0x7ffa844e3de0;  1 drivers
v0x55c29b55a100_0 .net "in_1", 15 0, L_0x55c29b5745b0;  alias, 1 drivers
v0x55c29b55a1c0_0 .net "out_1", 15 0, L_0x55c29b575750;  alias, 1 drivers
v0x55c29b55a280_0 .net "out_2", 15 0, L_0x55c29b575a80;  alias, 1 drivers
v0x55c29b55a360_0 .net "sel_1", 0 0, v0x55c29b55fad0_0;  alias, 1 drivers
L_0x55c29b5754a0 .cmp/ne 16, L_0x55c29b5745b0, L_0x7ffa844e3d98;
L_0x55c29b575750 .functor MUXZ 16, L_0x7ffa844e3de0, L_0x55c29b5745b0, L_0x55c29b575640, C4<>;
L_0x55c29b5758d0 .cmp/ne 16, L_0x55c29b5745b0, L_0x7ffa844e3e28;
L_0x55c29b575a80 .functor MUXZ 16, L_0x7ffa844e3e70, L_0x55c29b5745b0, L_0x55c29b5759c0, C4<>;
S_0x55c29b55a4b0 .scope module, "a3_2" "ejercicio_3_a" 5 14, 4 1 0, S_0x55c29b555bd0;
 .timescale 0 0;
    .port_info 0 /INPUT 16 "in_1"
    .port_info 1 /INPUT 1 "sel_1"
    .port_info 2 /OUTPUT 16 "out_1"
    .port_info 3 /OUTPUT 16 "out_2"
L_0x55c29b575d60 .functor NOT 1, v0x55c29b55fad0_0, C4<0>, C4<0>, C4<0>;
L_0x55c29b575dd0 .functor AND 1, L_0x55c29b575c30, L_0x55c29b575d60, C4<1>, C4<1>;
L_0x55c29b576150 .functor AND 1, L_0x55c29b576060, v0x55c29b55fad0_0, C4<1>, C4<1>;
L_0x7ffa844e3eb8 .functor BUFT 1, C4<0000000000000000>, C4<0>, C4<0>, C4<0>;
v0x55c29b55a6a0_0 .net/2u *"_s0", 15 0, L_0x7ffa844e3eb8;  1 drivers
L_0x7ffa844e3f48 .functor BUFT 1, C4<0000000000000000>, C4<0>, C4<0>, C4<0>;
v0x55c29b55a7a0_0 .net/2u *"_s12", 15 0, L_0x7ffa844e3f48;  1 drivers
v0x55c29b55a880_0 .net *"_s14", 0 0, L_0x55c29b576060;  1 drivers
v0x55c29b55a950_0 .net *"_s16", 0 0, L_0x55c29b576150;  1 drivers
L_0x7ffa844e3f90 .functor BUFT 1, C4<0000000000000000>, C4<0>, C4<0>, C4<0>;
v0x55c29b55aa10_0 .net/2u *"_s18", 15 0, L_0x7ffa844e3f90;  1 drivers
v0x55c29b55ab40_0 .net *"_s2", 0 0, L_0x55c29b575c30;  1 drivers
v0x55c29b55ac00_0 .net *"_s4", 0 0, L_0x55c29b575d60;  1 drivers
v0x55c29b55ace0_0 .net *"_s6", 0 0, L_0x55c29b575dd0;  1 drivers
L_0x7ffa844e3f00 .functor BUFT 1, C4<0000000000000000>, C4<0>, C4<0>, C4<0>;
v0x55c29b55ada0_0 .net/2u *"_s8", 15 0, L_0x7ffa844e3f00;  1 drivers
v0x55c29b55af10_0 .net "in_1", 15 0, L_0x55c29b574910;  alias, 1 drivers
v0x55c29b55afd0_0 .net "out_1", 15 0, L_0x55c29b575ee0;  alias, 1 drivers
v0x55c29b55b090_0 .net "out_2", 15 0, L_0x55c29b576210;  alias, 1 drivers
v0x55c29b55b170_0 .net "sel_1", 0 0, v0x55c29b55fad0_0;  alias, 1 drivers
L_0x55c29b575c30 .cmp/ne 16, L_0x55c29b574910, L_0x7ffa844e3eb8;
L_0x55c29b575ee0 .functor MUXZ 16, L_0x7ffa844e3f00, L_0x55c29b574910, L_0x55c29b575dd0, C4<>;
L_0x55c29b576060 .cmp/ne 16, L_0x55c29b574910, L_0x7ffa844e3f48;
L_0x55c29b576210 .functor MUXZ 16, L_0x7ffa844e3f90, L_0x55c29b574910, L_0x55c29b576150, C4<>;
S_0x55c29b55b2c0 .scope module, "a3_3" "ejercicio_3_a" 5 15, 4 1 0, S_0x55c29b555bd0;
 .timescale 0 0;
    .port_info 0 /INPUT 16 "in_1"
    .port_info 1 /INPUT 1 "sel_1"
    .port_info 2 /OUTPUT 16 "out_1"
    .port_info 3 /OUTPUT 16 "out_2"
L_0x55c29b5764f0 .functor NOT 1, v0x55c29b55fad0_0, C4<0>, C4<0>, C4<0>;
L_0x55c29b576560 .functor AND 1, L_0x55c29b5763c0, L_0x55c29b5764f0, C4<1>, C4<1>;
L_0x55c29b5768e0 .functor AND 1, L_0x55c29b5767f0, v0x55c29b55fad0_0, C4<1>, C4<1>;
L_0x7ffa844e3fd8 .functor BUFT 1, C4<0000000000000000>, C4<0>, C4<0>, C4<0>;
v0x55c29b55b4b0_0 .net/2u *"_s0", 15 0, L_0x7ffa844e3fd8;  1 drivers
L_0x7ffa844e4068 .functor BUFT 1, C4<0000000000000000>, C4<0>, C4<0>, C4<0>;
v0x55c29b55b5b0_0 .net/2u *"_s12", 15 0, L_0x7ffa844e4068;  1 drivers
v0x55c29b55b690_0 .net *"_s14", 0 0, L_0x55c29b5767f0;  1 drivers
v0x55c29b55b760_0 .net *"_s16", 0 0, L_0x55c29b5768e0;  1 drivers
L_0x7ffa844e40b0 .functor BUFT 1, C4<0000000000000000>, C4<0>, C4<0>, C4<0>;
v0x55c29b55b820_0 .net/2u *"_s18", 15 0, L_0x7ffa844e40b0;  1 drivers
v0x55c29b55b950_0 .net *"_s2", 0 0, L_0x55c29b5763c0;  1 drivers
v0x55c29b55ba10_0 .net *"_s4", 0 0, L_0x55c29b5764f0;  1 drivers
v0x55c29b55baf0_0 .net *"_s6", 0 0, L_0x55c29b576560;  1 drivers
L_0x7ffa844e4020 .functor BUFT 1, C4<0000000000000000>, C4<0>, C4<0>, C4<0>;
v0x55c29b55bbb0_0 .net/2u *"_s8", 15 0, L_0x7ffa844e4020;  1 drivers
v0x55c29b55bd20_0 .net "in_1", 15 0, L_0x55c29b574c00;  alias, 1 drivers
v0x55c29b55bde0_0 .net "out_1", 15 0, L_0x55c29b576670;  alias, 1 drivers
v0x55c29b55bea0_0 .net "out_2", 15 0, L_0x55c29b5769a0;  alias, 1 drivers
v0x55c29b55bf80_0 .net "sel_1", 0 0, v0x55c29b55fad0_0;  alias, 1 drivers
L_0x55c29b5763c0 .cmp/ne 16, L_0x55c29b574c00, L_0x7ffa844e3fd8;
L_0x55c29b576670 .functor MUXZ 16, L_0x7ffa844e4020, L_0x55c29b574c00, L_0x55c29b576560, C4<>;
L_0x55c29b5767f0 .cmp/ne 16, L_0x55c29b574c00, L_0x7ffa844e4068;
L_0x55c29b5769a0 .functor MUXZ 16, L_0x7ffa844e40b0, L_0x55c29b574c00, L_0x55c29b5768e0, C4<>;
    .scope S_0x55c29b527750;
T_0 ;
    %pushi/vec4 1, 0, 16;
    %assign/vec4 v0x55c29b55ec20_0, 0;
    %pushi/vec4 0, 0, 1;
    %store/vec4 v0x55c29b55fad0_0, 0, 1;
    %pushi/vec4 0, 0, 1;
    %store/vec4 v0x55c29b55fb70_0, 0, 1;
    %pushi/vec4 0, 0, 1;
    %store/vec4 v0x55c29b55fc10_0, 0, 1;
    %pushi/vec4 0, 0, 1;
    %store/vec4 v0x55c29b55fcb0_0, 0, 1;
    %vpi_call 2 18 "$display", "time\011sel_1\011sel_2\011sel_3\011sel_4\011out_1\011out_2\011out_3\011out_4\011out_5\011out_6\011out_7\011out_8\011out_9\011out_10\011out_11\011out_12\011out_13\011out_14\011out_15\011out_16" {0 0 0};
    %vpi_call 2 18 "$monitor", "%2d:\011%b\011%b\011%b\011%b\011%b\011%b\011%b\011%b\011%b\011%b\011%b\011%b\011%b\011%b\011%b\011%b\011%b\011%b\011%b\011%b", $time, v0x55c29b55fad0_0, v0x55c29b55fb70_0, v0x55c29b55fc10_0, v0x55c29b55fcb0_0, v0x55c29b55ed00_0, v0x55c29b55f3c0_0, v0x55c29b55f480_0, v0x55c29b55f540_0, v0x55c29b55f600_0, v0x55c29b55f6c0_0, v0x55c29b55f780_0, v0x55c29b55f840_0, v0x55c29b55f900_0, v0x55c29b55edc0_0, v0x55c29b55ee60_0, v0x55c29b55ef20_0, v0x55c29b55f030_0, v0x55c29b55f0f0_0, v0x55c29b55f1b0_0, v0x55c29b55f270_0 {0 0 0};
    %delay 15, 0;
    %vpi_call 2 19 "$finish" {0 0 0};
    %end;
    .thread T_0;
    .scope S_0x55c29b527750;
T_1 ;
    %delay 1, 0;
    %load/vec4 v0x55c29b55fad0_0;
    %store/vec4 v0x55c29b55fad0_0, 0, 1;
    %jmp T_1;
    .thread T_1;
    .scope S_0x55c29b527750;
T_2 ;
    %delay 1, 0;
    %load/vec4 v0x55c29b55fb70_0;
    %store/vec4 v0x55c29b55fb70_0, 0, 1;
    %jmp T_2;
    .thread T_2;
    .scope S_0x55c29b527750;
T_3 ;
    %delay 1, 0;
    %load/vec4 v0x55c29b55fc10_0;
    %store/vec4 v0x55c29b55fc10_0, 0, 1;
    %jmp T_3;
    .thread T_3;
    .scope S_0x55c29b527750;
T_4 ;
    %delay 1, 0;
    %load/vec4 v0x55c29b55fcb0_0;
    %inv;
    %store/vec4 v0x55c29b55fcb0_0, 0, 1;
    %jmp T_4;
    .thread T_4;
    .scope S_0x55c29b527750;
T_5 ;
    %delay 2, 0;
    %load/vec4 v0x55c29b55fad0_0;
    %store/vec4 v0x55c29b55fad0_0, 0, 1;
    %jmp T_5;
    .thread T_5;
    .scope S_0x55c29b527750;
T_6 ;
    %delay 2, 0;
    %load/vec4 v0x55c29b55fb70_0;
    %store/vec4 v0x55c29b55fb70_0, 0, 1;
    %jmp T_6;
    .thread T_6;
    .scope S_0x55c29b527750;
T_7 ;
    %delay 2, 0;
    %load/vec4 v0x55c29b55fc10_0;
    %inv;
    %store/vec4 v0x55c29b55fc10_0, 0, 1;
    %jmp T_7;
    .thread T_7;
    .scope S_0x55c29b527750;
T_8 ;
    %delay 2, 0;
    %load/vec4 v0x55c29b55fcb0_0;
    %store/vec4 v0x55c29b55fcb0_0, 0, 1;
    %jmp T_8;
    .thread T_8;
    .scope S_0x55c29b527750;
T_9 ;
    %delay 3, 0;
    %load/vec4 v0x55c29b55fad0_0;
    %store/vec4 v0x55c29b55fad0_0, 0, 1;
    %jmp T_9;
    .thread T_9;
    .scope S_0x55c29b527750;
T_10 ;
    %delay 3, 0;
    %load/vec4 v0x55c29b55fb70_0;
    %store/vec4 v0x55c29b55fb70_0, 0, 1;
    %jmp T_10;
    .thread T_10;
    .scope S_0x55c29b527750;
T_11 ;
    %delay 3, 0;
    %load/vec4 v0x55c29b55fc10_0;
    %store/vec4 v0x55c29b55fc10_0, 0, 1;
    %jmp T_11;
    .thread T_11;
    .scope S_0x55c29b527750;
T_12 ;
    %delay 3, 0;
    %load/vec4 v0x55c29b55fcb0_0;
    %store/vec4 v0x55c29b55fcb0_0, 0, 1;
    %jmp T_12;
    .thread T_12;
    .scope S_0x55c29b527750;
T_13 ;
    %delay 4, 0;
    %load/vec4 v0x55c29b55fad0_0;
    %store/vec4 v0x55c29b55fad0_0, 0, 1;
    %jmp T_13;
    .thread T_13;
    .scope S_0x55c29b527750;
T_14 ;
    %delay 4, 0;
    %load/vec4 v0x55c29b55fb70_0;
    %inv;
    %store/vec4 v0x55c29b55fb70_0, 0, 1;
    %jmp T_14;
    .thread T_14;
    .scope S_0x55c29b527750;
T_15 ;
    %delay 4, 0;
    %load/vec4 v0x55c29b55fc10_0;
    %store/vec4 v0x55c29b55fc10_0, 0, 1;
    %jmp T_15;
    .thread T_15;
    .scope S_0x55c29b527750;
T_16 ;
    %delay 4, 0;
    %load/vec4 v0x55c29b55fcb0_0;
    %store/vec4 v0x55c29b55fcb0_0, 0, 1;
    %jmp T_16;
    .thread T_16;
    .scope S_0x55c29b527750;
T_17 ;
    %delay 5, 0;
    %load/vec4 v0x55c29b55fad0_0;
    %store/vec4 v0x55c29b55fad0_0, 0, 1;
    %jmp T_17;
    .thread T_17;
    .scope S_0x55c29b527750;
T_18 ;
    %delay 5, 0;
    %load/vec4 v0x55c29b55fb70_0;
    %store/vec4 v0x55c29b55fb70_0, 0, 1;
    %jmp T_18;
    .thread T_18;
    .scope S_0x55c29b527750;
T_19 ;
    %delay 5, 0;
    %load/vec4 v0x55c29b55fc10_0;
    %store/vec4 v0x55c29b55fc10_0, 0, 1;
    %jmp T_19;
    .thread T_19;
    .scope S_0x55c29b527750;
T_20 ;
    %delay 5, 0;
    %load/vec4 v0x55c29b55fcb0_0;
    %store/vec4 v0x55c29b55fcb0_0, 0, 1;
    %jmp T_20;
    .thread T_20;
    .scope S_0x55c29b527750;
T_21 ;
    %delay 6, 0;
    %load/vec4 v0x55c29b55fad0_0;
    %store/vec4 v0x55c29b55fad0_0, 0, 1;
    %jmp T_21;
    .thread T_21;
    .scope S_0x55c29b527750;
T_22 ;
    %delay 6, 0;
    %load/vec4 v0x55c29b55fb70_0;
    %store/vec4 v0x55c29b55fb70_0, 0, 1;
    %jmp T_22;
    .thread T_22;
    .scope S_0x55c29b527750;
T_23 ;
    %delay 6, 0;
    %load/vec4 v0x55c29b55fc10_0;
    %store/vec4 v0x55c29b55fc10_0, 0, 1;
    %jmp T_23;
    .thread T_23;
    .scope S_0x55c29b527750;
T_24 ;
    %delay 6, 0;
    %load/vec4 v0x55c29b55fcb0_0;
    %store/vec4 v0x55c29b55fcb0_0, 0, 1;
    %jmp T_24;
    .thread T_24;
    .scope S_0x55c29b527750;
T_25 ;
    %delay 7, 0;
    %load/vec4 v0x55c29b55fad0_0;
    %store/vec4 v0x55c29b55fad0_0, 0, 1;
    %jmp T_25;
    .thread T_25;
    .scope S_0x55c29b527750;
T_26 ;
    %delay 7, 0;
    %load/vec4 v0x55c29b55fb70_0;
    %store/vec4 v0x55c29b55fb70_0, 0, 1;
    %jmp T_26;
    .thread T_26;
    .scope S_0x55c29b527750;
T_27 ;
    %delay 7, 0;
    %load/vec4 v0x55c29b55fc10_0;
    %store/vec4 v0x55c29b55fc10_0, 0, 1;
    %jmp T_27;
    .thread T_27;
    .scope S_0x55c29b527750;
T_28 ;
    %delay 7, 0;
    %load/vec4 v0x55c29b55fcb0_0;
    %store/vec4 v0x55c29b55fcb0_0, 0, 1;
    %jmp T_28;
    .thread T_28;
    .scope S_0x55c29b527750;
T_29 ;
    %delay 8, 0;
    %load/vec4 v0x55c29b55fad0_0;
    %inv;
    %store/vec4 v0x55c29b55fad0_0, 0, 1;
    %jmp T_29;
    .thread T_29;
    .scope S_0x55c29b527750;
T_30 ;
    %delay 8, 0;
    %load/vec4 v0x55c29b55fb70_0;
    %store/vec4 v0x55c29b55fb70_0, 0, 1;
    %jmp T_30;
    .thread T_30;
    .scope S_0x55c29b527750;
T_31 ;
    %delay 8, 0;
    %load/vec4 v0x55c29b55fc10_0;
    %store/vec4 v0x55c29b55fc10_0, 0, 1;
    %jmp T_31;
    .thread T_31;
    .scope S_0x55c29b527750;
T_32 ;
    %delay 8, 0;
    %load/vec4 v0x55c29b55fcb0_0;
    %store/vec4 v0x55c29b55fcb0_0, 0, 1;
    %jmp T_32;
    .thread T_32;
    .scope S_0x55c29b527750;
T_33 ;
    %vpi_call 2 64 "$dumpfile", "ejercicio_3_c.vcd" {0 0 0};
    %vpi_call 2 65 "$dumpvars" {0 0 0};
    %end;
    .thread T_33;
# The file index is used to find the file name in the following table.
:file_names 6;
    "N/A";
    "<interactive>";
    "ejercicio_3_c_tb.v";
    "ejercicio_3_c.v";
    "ejercicio_3_a.v";
    "ejercicio_3_b.v";
