#! /usr/bin/vvp
:ivl_version "10.1 (stable)";
:ivl_delay_selection "TYPICAL";
:vpi_time_precision - 9;
:vpi_module "system";
:vpi_module "vhdl_sys";
:vpi_module "v2005_math";
:vpi_module "va_math";
S_0x557ddc752a20 .scope module, "ejercicio_5_tb" "ejercicio_5_tb" 2 2;
 .timescale -9 -9;
v0x557ddc7735f0_0 .var "en", 0 0;
v0x557ddc7736b0_0 .net "g", 0 0, L_0x557ddc773d70;  1 drivers
v0x557ddc773780_0 .var "in_1", 7 0;
v0x557ddc773880_0 .net "out_1", 2 0, v0x557ddc773490_0;  1 drivers
S_0x557ddc752ba0 .scope module, "e5" "ejercicio_5" 2 8, 3 1 0, S_0x557ddc752a20;
 .timescale 0 0;
    .port_info 0 /INPUT 8 "in_1"
    .port_info 1 /INPUT 1 "en"
    .port_info 2 /OUTPUT 3 "out_1"
    .port_info 3 /OUTPUT 1 "g"
L_0x557ddc773aa0 .functor AND 1, v0x557ddc7735f0_0, L_0x557ddc773980, C4<1>, C4<1>;
L_0x7faeaccf9018 .functor BUFT 1, C4<00000000>, C4<0>, C4<0>, C4<0>;
v0x557ddc752d90_0 .net/2u *"_s0", 7 0, L_0x7faeaccf9018;  1 drivers
v0x557ddc772db0_0 .net *"_s10", 1 0, L_0x557ddc773bb0;  1 drivers
v0x557ddc772e90_0 .net *"_s2", 0 0, L_0x557ddc773980;  1 drivers
v0x557ddc772f60_0 .net *"_s4", 0 0, L_0x557ddc773aa0;  1 drivers
L_0x7faeaccf9060 .functor BUFT 1, C4<01>, C4<0>, C4<0>, C4<0>;
v0x557ddc773020_0 .net/2s *"_s6", 1 0, L_0x7faeaccf9060;  1 drivers
L_0x7faeaccf90a8 .functor BUFT 1, C4<00>, C4<0>, C4<0>, C4<0>;
v0x557ddc773150_0 .net/2s *"_s8", 1 0, L_0x7faeaccf90a8;  1 drivers
v0x557ddc773230_0 .net "en", 0 0, v0x557ddc7735f0_0;  1 drivers
v0x557ddc7732f0_0 .net "g", 0 0, L_0x557ddc773d70;  alias, 1 drivers
v0x557ddc7733b0_0 .net "in_1", 7 0, v0x557ddc773780_0;  1 drivers
v0x557ddc773490_0 .var "out_1", 2 0;
E_0x557ddc74aaa0 .event edge, v0x557ddc773230_0, v0x557ddc7733b0_0;
L_0x557ddc773980 .cmp/ne 8, v0x557ddc773780_0, L_0x7faeaccf9018;
L_0x557ddc773bb0 .functor MUXZ 2, L_0x7faeaccf90a8, L_0x7faeaccf9060, L_0x557ddc773aa0, C4<>;
L_0x557ddc773d70 .part L_0x557ddc773bb0, 0, 1;
    .scope S_0x557ddc752ba0;
T_0 ;
    %wait E_0x557ddc74aaa0;
    %load/vec4 v0x557ddc773230_0;
    %nor/r;
    %flag_set/vec4 8;
    %jmp/0xz  T_0.0, 8;
    %pushi/vec4 0, 0, 3;
    %store/vec4 v0x557ddc773490_0, 0, 3;
    %jmp T_0.1;
T_0.0 ;
    %load/vec4 v0x557ddc7733b0_0;
    %dup/vec4;
    %pushi/vec4 1, 0, 8;
    %cmp/x;
    %jmp/1 T_0.2, 4;
    %dup/vec4;
    %pushi/vec4 3, 1, 8;
    %cmp/x;
    %jmp/1 T_0.3, 4;
    %dup/vec4;
    %pushi/vec4 7, 3, 8;
    %cmp/x;
    %jmp/1 T_0.4, 4;
    %dup/vec4;
    %pushi/vec4 15, 7, 8;
    %cmp/x;
    %jmp/1 T_0.5, 4;
    %dup/vec4;
    %pushi/vec4 31, 15, 8;
    %cmp/x;
    %jmp/1 T_0.6, 4;
    %dup/vec4;
    %pushi/vec4 63, 31, 8;
    %cmp/x;
    %jmp/1 T_0.7, 4;
    %dup/vec4;
    %pushi/vec4 127, 63, 8;
    %cmp/x;
    %jmp/1 T_0.8, 4;
    %dup/vec4;
    %pushi/vec4 255, 127, 8;
    %cmp/x;
    %jmp/1 T_0.9, 4;
    %pushi/vec4 0, 0, 3;
    %store/vec4 v0x557ddc773490_0, 0, 3;
    %jmp T_0.11;
T_0.2 ;
    %pushi/vec4 0, 0, 3;
    %store/vec4 v0x557ddc773490_0, 0, 3;
    %jmp T_0.11;
T_0.3 ;
    %pushi/vec4 1, 0, 3;
    %store/vec4 v0x557ddc773490_0, 0, 3;
    %jmp T_0.11;
T_0.4 ;
    %pushi/vec4 2, 0, 3;
    %store/vec4 v0x557ddc773490_0, 0, 3;
    %jmp T_0.11;
T_0.5 ;
    %pushi/vec4 3, 0, 3;
    %store/vec4 v0x557ddc773490_0, 0, 3;
    %jmp T_0.11;
T_0.6 ;
    %pushi/vec4 4, 0, 3;
    %store/vec4 v0x557ddc773490_0, 0, 3;
    %jmp T_0.11;
T_0.7 ;
    %pushi/vec4 5, 0, 3;
    %store/vec4 v0x557ddc773490_0, 0, 3;
    %jmp T_0.11;
T_0.8 ;
    %pushi/vec4 6, 0, 3;
    %store/vec4 v0x557ddc773490_0, 0, 3;
    %jmp T_0.11;
T_0.9 ;
    %pushi/vec4 7, 0, 3;
    %store/vec4 v0x557ddc773490_0, 0, 3;
    %jmp T_0.11;
T_0.11 ;
    %pop/vec4 1;
T_0.1 ;
    %jmp T_0;
    .thread T_0, $push;
    .scope S_0x557ddc752a20;
T_1 ;
    %pushi/vec4 0, 0, 8;
    %store/vec4 v0x557ddc773780_0, 0, 8;
    %pushi/vec4 1, 0, 1;
    %store/vec4 v0x557ddc7735f0_0, 0, 1;
    %vpi_call 2 14 "$display", "time\011en\011in_1\011out_1" {0 0 0};
    %vpi_call 2 14 "$monitor", "%2d:\011%b\011%b\011%b\011%b", $time, v0x557ddc7735f0_0, v0x557ddc773780_0, v0x557ddc773880_0, v0x557ddc7736b0_0 {0 0 0};
    %delay 257, 0;
    %vpi_call 2 16 "$finish" {0 0 0};
    %end;
    .thread T_1;
    .scope S_0x557ddc752a20;
T_2 ;
    %delay 1, 0;
    %load/vec4 v0x557ddc773780_0;
    %addi 1, 0, 8;
    %store/vec4 v0x557ddc773780_0, 0, 8;
    %jmp T_2;
    .thread T_2;
    .scope S_0x557ddc752a20;
T_3 ;
    %delay 257, 0;
    %load/vec4 v0x557ddc7735f0_0;
    %inv;
    %store/vec4 v0x557ddc7735f0_0, 0, 1;
    %jmp T_3;
    .thread T_3;
    .scope S_0x557ddc752a20;
T_4 ;
    %vpi_call 2 26 "$dumpfile", "ejercicio_5.vcd" {0 0 0};
    %vpi_call 2 27 "$dumpvars" {0 0 0};
    %end;
    .thread T_4;
# The file index is used to find the file name in the following table.
:file_names 4;
    "N/A";
    "<interactive>";
    "ejercicio_5_tb.v";
    "ejercicio_5.v";
