#! /usr/bin/vvp
:ivl_version "10.1 (stable)";
:ivl_delay_selection "TYPICAL";
:vpi_time_precision - 9;
:vpi_module "system";
:vpi_module "vhdl_sys";
:vpi_module "v2005_math";
:vpi_module "va_math";
S_0x55ed1f1f3de0 .scope module, "ejercicio_2_b_tb" "ejercicio_2_b_tb" 2 2;
 .timescale -9 -9;
v0x55ed1f2170a0_0 .var "in_1", 15 0;
v0x55ed1f2171d0_0 .var "in_2", 15 0;
v0x55ed1f2172e0_0 .var "in_3", 15 0;
v0x55ed1f2173d0_0 .var "in_4", 15 0;
v0x55ed1f2174e0_0 .var "in_5", 15 0;
v0x55ed1f217640_0 .var "in_6", 15 0;
v0x55ed1f217750_0 .var "in_7", 15 0;
v0x55ed1f217860_0 .var "in_8", 15 0;
v0x55ed1f217970_0 .net "out_1", 15 0, L_0x55ed1f218360;  1 drivers
v0x55ed1f217a30_0 .var "sel_1", 0 0;
v0x55ed1f217ad0_0 .var "sel_2", 0 0;
v0x55ed1f217b70_0 .var "sel_3", 0 0;
S_0x55ed1f1f3f60 .scope module, "e2_b" "ejercicio_2_b" 2 8, 3 1 0, S_0x55ed1f1f3de0;
 .timescale 0 0;
    .port_info 0 /INPUT 16 "in_1"
    .port_info 1 /INPUT 16 "in_2"
    .port_info 2 /INPUT 16 "in_3"
    .port_info 3 /INPUT 16 "in_4"
    .port_info 4 /INPUT 16 "in_5"
    .port_info 5 /INPUT 16 "in_6"
    .port_info 6 /INPUT 16 "in_7"
    .port_info 7 /INPUT 16 "in_8"
    .port_info 8 /INPUT 1 "sel_1"
    .port_info 9 /INPUT 1 "sel_2"
    .port_info 10 /INPUT 1 "sel_3"
    .port_info 11 /OUTPUT 16 "out_1"
v0x55ed1f215f70_0 .net "in_1", 15 0, v0x55ed1f2170a0_0;  1 drivers
v0x55ed1f216050_0 .net "in_2", 15 0, v0x55ed1f2171d0_0;  1 drivers
v0x55ed1f216120_0 .net "in_3", 15 0, v0x55ed1f2172e0_0;  1 drivers
v0x55ed1f216220_0 .net "in_4", 15 0, v0x55ed1f2173d0_0;  1 drivers
v0x55ed1f2162f0_0 .net "in_5", 15 0, v0x55ed1f2174e0_0;  1 drivers
v0x55ed1f2163e0_0 .net "in_6", 15 0, v0x55ed1f217640_0;  1 drivers
v0x55ed1f2164b0_0 .net "in_7", 15 0, v0x55ed1f217750_0;  1 drivers
v0x55ed1f216580_0 .net "in_8", 15 0, v0x55ed1f217860_0;  1 drivers
v0x55ed1f216650_0 .net "out_1", 15 0, L_0x55ed1f218360;  alias, 1 drivers
v0x55ed1f216720_0 .net "sel_1", 0 0, v0x55ed1f217a30_0;  1 drivers
v0x55ed1f2167c0_0 .net "sel_2", 0 0, v0x55ed1f217ad0_0;  1 drivers
v0x55ed1f216860_0 .net "sel_3", 0 0, v0x55ed1f217b70_0;  1 drivers
v0x55ed1f216900_0 .net "wi_1", 15 0, L_0x55ed1f217c60;  1 drivers
v0x55ed1f2169a0_0 .net "wi_2", 15 0, L_0x55ed1f217d40;  1 drivers
v0x55ed1f216a90_0 .net "wi_3", 15 0, L_0x55ed1f217e20;  1 drivers
v0x55ed1f216b80_0 .net "wi_4", 15 0, L_0x55ed1f217f00;  1 drivers
v0x55ed1f216c90_0 .net "wi_5", 15 0, L_0x55ed1f217fe0;  1 drivers
v0x55ed1f216da0_0 .net "wi_6", 15 0, L_0x55ed1f2181a0;  1 drivers
S_0x55ed1f1f4210 .scope module, "a1_0" "ejercicio_1" 3 9, 4 1 0, S_0x55ed1f1f3f60;
 .timescale 0 0;
    .port_info 0 /INPUT 16 "in_1"
    .port_info 1 /INPUT 16 "in_2"
    .port_info 2 /INPUT 1 "sel_3"
    .port_info 3 /OUTPUT 16 "out_1"
v0x55ed1f1f43e0_0 .net "in_1", 15 0, v0x55ed1f2170a0_0;  alias, 1 drivers
v0x55ed1f213660_0 .net "in_2", 15 0, v0x55ed1f2171d0_0;  alias, 1 drivers
v0x55ed1f213740_0 .net "out_1", 15 0, L_0x55ed1f217c60;  alias, 1 drivers
v0x55ed1f213800_0 .net "sel_3", 0 0, v0x55ed1f217a30_0;  alias, 1 drivers
L_0x55ed1f217c60 .functor MUXZ 16, v0x55ed1f2170a0_0, v0x55ed1f2171d0_0, v0x55ed1f217a30_0, C4<>;
S_0x55ed1f213940 .scope module, "a1_1" "ejercicio_1" 3 10, 4 1 0, S_0x55ed1f1f3f60;
 .timescale 0 0;
    .port_info 0 /INPUT 16 "in_1"
    .port_info 1 /INPUT 16 "in_2"
    .port_info 2 /INPUT 1 "sel_3"
    .port_info 3 /OUTPUT 16 "out_1"
v0x55ed1f213ba0_0 .net "in_1", 15 0, v0x55ed1f2172e0_0;  alias, 1 drivers
v0x55ed1f213c80_0 .net "in_2", 15 0, v0x55ed1f2173d0_0;  alias, 1 drivers
v0x55ed1f213d60_0 .net "out_1", 15 0, L_0x55ed1f217d40;  alias, 1 drivers
v0x55ed1f213e20_0 .net "sel_3", 0 0, v0x55ed1f217a30_0;  alias, 1 drivers
L_0x55ed1f217d40 .functor MUXZ 16, v0x55ed1f2172e0_0, v0x55ed1f2173d0_0, v0x55ed1f217a30_0, C4<>;
S_0x55ed1f213f50 .scope module, "a1_2" "ejercicio_1" 3 11, 4 1 0, S_0x55ed1f1f3f60;
 .timescale 0 0;
    .port_info 0 /INPUT 16 "in_1"
    .port_info 1 /INPUT 16 "in_2"
    .port_info 2 /INPUT 1 "sel_3"
    .port_info 3 /OUTPUT 16 "out_1"
v0x55ed1f2141c0_0 .net "in_1", 15 0, v0x55ed1f2174e0_0;  alias, 1 drivers
v0x55ed1f2142a0_0 .net "in_2", 15 0, v0x55ed1f217640_0;  alias, 1 drivers
v0x55ed1f214380_0 .net "out_1", 15 0, L_0x55ed1f217e20;  alias, 1 drivers
v0x55ed1f214470_0 .net "sel_3", 0 0, v0x55ed1f217a30_0;  alias, 1 drivers
L_0x55ed1f217e20 .functor MUXZ 16, v0x55ed1f2174e0_0, v0x55ed1f217640_0, v0x55ed1f217a30_0, C4<>;
S_0x55ed1f2145e0 .scope module, "a1_3" "ejercicio_1" 3 12, 4 1 0, S_0x55ed1f1f3f60;
 .timescale 0 0;
    .port_info 0 /INPUT 16 "in_1"
    .port_info 1 /INPUT 16 "in_2"
    .port_info 2 /INPUT 1 "sel_3"
    .port_info 3 /OUTPUT 16 "out_1"
v0x55ed1f214820_0 .net "in_1", 15 0, v0x55ed1f217750_0;  alias, 1 drivers
v0x55ed1f214920_0 .net "in_2", 15 0, v0x55ed1f217860_0;  alias, 1 drivers
v0x55ed1f214a00_0 .net "out_1", 15 0, L_0x55ed1f217f00;  alias, 1 drivers
v0x55ed1f214af0_0 .net "sel_3", 0 0, v0x55ed1f217a30_0;  alias, 1 drivers
L_0x55ed1f217f00 .functor MUXZ 16, v0x55ed1f217750_0, v0x55ed1f217860_0, v0x55ed1f217a30_0, C4<>;
S_0x55ed1f214c40 .scope module, "a2_0" "ejercicio_1" 3 14, 4 1 0, S_0x55ed1f1f3f60;
 .timescale 0 0;
    .port_info 0 /INPUT 16 "in_1"
    .port_info 1 /INPUT 16 "in_2"
    .port_info 2 /INPUT 1 "sel_3"
    .port_info 3 /OUTPUT 16 "out_1"
v0x55ed1f214ed0_0 .net "in_1", 15 0, L_0x55ed1f217c60;  alias, 1 drivers
v0x55ed1f214fb0_0 .net "in_2", 15 0, L_0x55ed1f217d40;  alias, 1 drivers
v0x55ed1f215080_0 .net "out_1", 15 0, L_0x55ed1f217fe0;  alias, 1 drivers
v0x55ed1f215150_0 .net "sel_3", 0 0, v0x55ed1f217ad0_0;  alias, 1 drivers
L_0x55ed1f217fe0 .functor MUXZ 16, L_0x55ed1f217c60, L_0x55ed1f217d40, v0x55ed1f217ad0_0, C4<>;
S_0x55ed1f2152c0 .scope module, "a2_1" "ejercicio_1" 3 15, 4 1 0, S_0x55ed1f1f3f60;
 .timescale 0 0;
    .port_info 0 /INPUT 16 "in_1"
    .port_info 1 /INPUT 16 "in_2"
    .port_info 2 /INPUT 1 "sel_3"
    .port_info 3 /OUTPUT 16 "out_1"
v0x55ed1f215500_0 .net "in_1", 15 0, L_0x55ed1f217e20;  alias, 1 drivers
v0x55ed1f215610_0 .net "in_2", 15 0, L_0x55ed1f217f00;  alias, 1 drivers
v0x55ed1f2156e0_0 .net "out_1", 15 0, L_0x55ed1f2181a0;  alias, 1 drivers
v0x55ed1f2157b0_0 .net "sel_3", 0 0, v0x55ed1f217ad0_0;  alias, 1 drivers
L_0x55ed1f2181a0 .functor MUXZ 16, L_0x55ed1f217e20, L_0x55ed1f217f00, v0x55ed1f217ad0_0, C4<>;
S_0x55ed1f215910 .scope module, "a3_0" "ejercicio_1" 3 17, 4 1 0, S_0x55ed1f1f3f60;
 .timescale 0 0;
    .port_info 0 /INPUT 16 "in_1"
    .port_info 1 /INPUT 16 "in_2"
    .port_info 2 /INPUT 1 "sel_3"
    .port_info 3 /OUTPUT 16 "out_1"
v0x55ed1f215b50_0 .net "in_1", 15 0, L_0x55ed1f217fe0;  alias, 1 drivers
v0x55ed1f215c60_0 .net "in_2", 15 0, L_0x55ed1f2181a0;  alias, 1 drivers
v0x55ed1f215d30_0 .net "out_1", 15 0, L_0x55ed1f218360;  alias, 1 drivers
v0x55ed1f215e00_0 .net "sel_3", 0 0, v0x55ed1f217b70_0;  alias, 1 drivers
L_0x55ed1f218360 .functor MUXZ 16, L_0x55ed1f217fe0, L_0x55ed1f2181a0, v0x55ed1f217b70_0, C4<>;
    .scope S_0x55ed1f1f3de0;
T_0 ;
    %pushi/vec4 0, 0, 16;
    %assign/vec4 v0x55ed1f2170a0_0, 0;
    %pushi/vec4 1, 0, 16;
    %assign/vec4 v0x55ed1f2171d0_0, 0;
    %pushi/vec4 2, 0, 16;
    %assign/vec4 v0x55ed1f2172e0_0, 0;
    %pushi/vec4 3, 0, 16;
    %assign/vec4 v0x55ed1f2173d0_0, 0;
    %pushi/vec4 4, 0, 16;
    %assign/vec4 v0x55ed1f2174e0_0, 0;
    %pushi/vec4 5, 0, 16;
    %assign/vec4 v0x55ed1f217640_0, 0;
    %pushi/vec4 6, 0, 16;
    %assign/vec4 v0x55ed1f217750_0, 0;
    %pushi/vec4 7, 0, 16;
    %assign/vec4 v0x55ed1f217860_0, 0;
    %pushi/vec4 0, 0, 1;
    %store/vec4 v0x55ed1f217a30_0, 0, 1;
    %pushi/vec4 0, 0, 1;
    %store/vec4 v0x55ed1f217ad0_0, 0, 1;
    %pushi/vec4 0, 0, 1;
    %store/vec4 v0x55ed1f217b70_0, 0, 1;
    %vpi_call 2 22 "$display", "time\011sel_1\011sel_2\011sel_3\011out_1" {0 0 0};
    %vpi_call 2 22 "$monitor", "%2d:\011%b\011%b\011%b\011%b", $time, v0x55ed1f217a30_0, v0x55ed1f217ad0_0, v0x55ed1f217b70_0, v0x55ed1f217970_0 {0 0 0};
    %delay 8, 0;
    %vpi_call 2 23 "$finish" {0 0 0};
    %end;
    .thread T_0;
    .scope S_0x55ed1f1f3de0;
T_1 ;
    %delay 1, 0;
    %load/vec4 v0x55ed1f217a30_0;
    %store/vec4 v0x55ed1f217a30_0, 0, 1;
    %jmp T_1;
    .thread T_1;
    .scope S_0x55ed1f1f3de0;
T_2 ;
    %delay 1, 0;
    %load/vec4 v0x55ed1f217ad0_0;
    %store/vec4 v0x55ed1f217ad0_0, 0, 1;
    %jmp T_2;
    .thread T_2;
    .scope S_0x55ed1f1f3de0;
T_3 ;
    %delay 1, 0;
    %load/vec4 v0x55ed1f217b70_0;
    %inv;
    %store/vec4 v0x55ed1f217b70_0, 0, 1;
    %jmp T_3;
    .thread T_3;
    .scope S_0x55ed1f1f3de0;
T_4 ;
    %delay 2, 0;
    %load/vec4 v0x55ed1f217a30_0;
    %store/vec4 v0x55ed1f217a30_0, 0, 1;
    %jmp T_4;
    .thread T_4;
    .scope S_0x55ed1f1f3de0;
T_5 ;
    %delay 2, 0;
    %load/vec4 v0x55ed1f217ad0_0;
    %inv;
    %store/vec4 v0x55ed1f217ad0_0, 0, 1;
    %jmp T_5;
    .thread T_5;
    .scope S_0x55ed1f1f3de0;
T_6 ;
    %delay 2, 0;
    %load/vec4 v0x55ed1f217b70_0;
    %store/vec4 v0x55ed1f217b70_0, 0, 1;
    %jmp T_6;
    .thread T_6;
    .scope S_0x55ed1f1f3de0;
T_7 ;
    %delay 3, 0;
    %load/vec4 v0x55ed1f217a30_0;
    %store/vec4 v0x55ed1f217a30_0, 0, 1;
    %jmp T_7;
    .thread T_7;
    .scope S_0x55ed1f1f3de0;
T_8 ;
    %delay 3, 0;
    %load/vec4 v0x55ed1f217ad0_0;
    %store/vec4 v0x55ed1f217ad0_0, 0, 1;
    %jmp T_8;
    .thread T_8;
    .scope S_0x55ed1f1f3de0;
T_9 ;
    %delay 3, 0;
    %load/vec4 v0x55ed1f217b70_0;
    %store/vec4 v0x55ed1f217b70_0, 0, 1;
    %jmp T_9;
    .thread T_9;
    .scope S_0x55ed1f1f3de0;
T_10 ;
    %delay 4, 0;
    %load/vec4 v0x55ed1f217a30_0;
    %inv;
    %store/vec4 v0x55ed1f217a30_0, 0, 1;
    %jmp T_10;
    .thread T_10;
    .scope S_0x55ed1f1f3de0;
T_11 ;
    %delay 4, 0;
    %load/vec4 v0x55ed1f217ad0_0;
    %store/vec4 v0x55ed1f217ad0_0, 0, 1;
    %jmp T_11;
    .thread T_11;
    .scope S_0x55ed1f1f3de0;
T_12 ;
    %delay 4, 0;
    %load/vec4 v0x55ed1f217b70_0;
    %store/vec4 v0x55ed1f217b70_0, 0, 1;
    %jmp T_12;
    .thread T_12;
    .scope S_0x55ed1f1f3de0;
T_13 ;
    %delay 5, 0;
    %load/vec4 v0x55ed1f217a30_0;
    %store/vec4 v0x55ed1f217a30_0, 0, 1;
    %jmp T_13;
    .thread T_13;
    .scope S_0x55ed1f1f3de0;
T_14 ;
    %delay 5, 0;
    %load/vec4 v0x55ed1f217ad0_0;
    %store/vec4 v0x55ed1f217ad0_0, 0, 1;
    %jmp T_14;
    .thread T_14;
    .scope S_0x55ed1f1f3de0;
T_15 ;
    %delay 5, 0;
    %load/vec4 v0x55ed1f217b70_0;
    %store/vec4 v0x55ed1f217b70_0, 0, 1;
    %jmp T_15;
    .thread T_15;
    .scope S_0x55ed1f1f3de0;
T_16 ;
    %delay 6, 0;
    %load/vec4 v0x55ed1f217a30_0;
    %store/vec4 v0x55ed1f217a30_0, 0, 1;
    %jmp T_16;
    .thread T_16;
    .scope S_0x55ed1f1f3de0;
T_17 ;
    %delay 6, 0;
    %load/vec4 v0x55ed1f217ad0_0;
    %store/vec4 v0x55ed1f217ad0_0, 0, 1;
    %jmp T_17;
    .thread T_17;
    .scope S_0x55ed1f1f3de0;
T_18 ;
    %delay 6, 0;
    %load/vec4 v0x55ed1f217b70_0;
    %store/vec4 v0x55ed1f217b70_0, 0, 1;
    %jmp T_18;
    .thread T_18;
    .scope S_0x55ed1f1f3de0;
T_19 ;
    %delay 7, 0;
    %load/vec4 v0x55ed1f217a30_0;
    %store/vec4 v0x55ed1f217a30_0, 0, 1;
    %jmp T_19;
    .thread T_19;
    .scope S_0x55ed1f1f3de0;
T_20 ;
    %delay 7, 0;
    %load/vec4 v0x55ed1f217ad0_0;
    %store/vec4 v0x55ed1f217ad0_0, 0, 1;
    %jmp T_20;
    .thread T_20;
    .scope S_0x55ed1f1f3de0;
T_21 ;
    %delay 7, 0;
    %load/vec4 v0x55ed1f217b70_0;
    %store/vec4 v0x55ed1f217b70_0, 0, 1;
    %jmp T_21;
    .thread T_21;
    .scope S_0x55ed1f1f3de0;
T_22 ;
    %vpi_call 2 55 "$dumpfile", "ejercicio_2_b.vcd" {0 0 0};
    %vpi_call 2 56 "$dumpvars" {0 0 0};
    %end;
    .thread T_22;
# The file index is used to find the file name in the following table.
:file_names 5;
    "N/A";
    "<interactive>";
    "ejercicio_2_b_tb.v";
    "ejercicio_2_b.v";
    "ejercicio_1.v";
