#! /usr/bin/vvp
:ivl_version "10.1 (stable)";
:ivl_delay_selection "TYPICAL";
:vpi_time_precision - 9;
:vpi_module "system";
:vpi_module "vhdl_sys";
:vpi_module "v2005_math";
:vpi_module "va_math";
S_0x5565f9c7d0e0 .scope module, "ejercicio_2_b_tb" "ejercicio_2_b_tb" 2 2;
 .timescale -9 -9;
v0x5565f9ca4d60_0 .var "in_1", 15 0;
v0x5565f9ca4e40_0 .var "in_10", 15 0;
v0x5565f9ca4f00_0 .var "in_11", 15 0;
v0x5565f9ca4fa0_0 .var "in_12", 15 0;
v0x5565f9ca5060_0 .var "in_13", 15 0;
v0x5565f9ca5120_0 .var "in_14", 15 0;
v0x5565f9ca51e0_0 .var "in_15", 15 0;
v0x5565f9ca52a0_0 .var "in_16", 15 0;
v0x5565f9ca5360_0 .var "in_2", 15 0;
v0x5565f9ca54b0_0 .var "in_3", 15 0;
v0x5565f9ca5570_0 .var "in_4", 15 0;
v0x5565f9ca5630_0 .var "in_5", 15 0;
v0x5565f9ca56f0_0 .var "in_6", 15 0;
v0x5565f9ca57b0_0 .var "in_7", 15 0;
v0x5565f9ca5870_0 .var "in_8", 15 0;
v0x5565f9ca5930_0 .var "in_9", 15 0;
v0x5565f9ca59f0_0 .net "out_1", 15 0, L_0x5565f9ca7ba0;  1 drivers
v0x5565f9ca5bc0_0 .var "sel_1", 0 0;
v0x5565f9ca5c60_0 .var "sel_2", 0 0;
v0x5565f9ca5d00_0 .var "sel_3", 0 0;
v0x5565f9ca5da0_0 .var "sel_4", 0 0;
S_0x5565f9c7d260 .scope module, "e2_b" "ejercicio_2_c" 2 8, 3 1 0, S_0x5565f9c7d0e0;
 .timescale 0 0;
    .port_info 0 /INPUT 16 "in_1"
    .port_info 1 /INPUT 16 "in_2"
    .port_info 2 /INPUT 16 "in_3"
    .port_info 3 /INPUT 16 "in_4"
    .port_info 4 /INPUT 16 "in_5"
    .port_info 5 /INPUT 16 "in_6"
    .port_info 6 /INPUT 16 "in_7"
    .port_info 7 /INPUT 16 "in_8"
    .port_info 8 /INPUT 16 "in_9"
    .port_info 9 /INPUT 16 "in_10"
    .port_info 10 /INPUT 16 "in_11"
    .port_info 11 /INPUT 16 "in_12"
    .port_info 12 /INPUT 16 "in_13"
    .port_info 13 /INPUT 16 "in_14"
    .port_info 14 /INPUT 16 "in_15"
    .port_info 15 /INPUT 16 "in_16"
    .port_info 16 /INPUT 1 "sel_1"
    .port_info 17 /INPUT 1 "sel_2"
    .port_info 18 /INPUT 1 "sel_3"
    .port_info 19 /INPUT 1 "sel_4"
    .port_info 20 /OUTPUT 16 "out_1"
v0x5565f9ca3430_0 .net "in_1", 15 0, v0x5565f9ca4d60_0;  1 drivers
v0x5565f9ca3560_0 .net "in_10", 15 0, v0x5565f9ca4e40_0;  1 drivers
v0x5565f9ca3670_0 .net "in_11", 15 0, v0x5565f9ca4f00_0;  1 drivers
v0x5565f9ca3760_0 .net "in_12", 15 0, v0x5565f9ca4fa0_0;  1 drivers
v0x5565f9ca3870_0 .net "in_13", 15 0, v0x5565f9ca5060_0;  1 drivers
v0x5565f9ca39d0_0 .net "in_14", 15 0, v0x5565f9ca5120_0;  1 drivers
v0x5565f9ca3ae0_0 .net "in_15", 15 0, v0x5565f9ca51e0_0;  1 drivers
v0x5565f9ca3bf0_0 .net "in_16", 15 0, v0x5565f9ca52a0_0;  1 drivers
v0x5565f9ca3d00_0 .net "in_2", 15 0, v0x5565f9ca5360_0;  1 drivers
v0x5565f9ca3dc0_0 .net "in_3", 15 0, v0x5565f9ca54b0_0;  1 drivers
v0x5565f9ca3ed0_0 .net "in_4", 15 0, v0x5565f9ca5570_0;  1 drivers
v0x5565f9ca3fe0_0 .net "in_5", 15 0, v0x5565f9ca5630_0;  1 drivers
v0x5565f9ca40f0_0 .net "in_6", 15 0, v0x5565f9ca56f0_0;  1 drivers
v0x5565f9ca4200_0 .net "in_7", 15 0, v0x5565f9ca57b0_0;  1 drivers
v0x5565f9ca4310_0 .net "in_8", 15 0, v0x5565f9ca5870_0;  1 drivers
v0x5565f9ca4420_0 .net "in_9", 15 0, v0x5565f9ca5930_0;  1 drivers
v0x5565f9ca4530_0 .net "out_1", 15 0, L_0x5565f9ca7ba0;  alias, 1 drivers
v0x5565f9ca4700_0 .net "sel_1", 0 0, v0x5565f9ca5bc0_0;  1 drivers
v0x5565f9ca47a0_0 .net "sel_2", 0 0, v0x5565f9ca5c60_0;  1 drivers
v0x5565f9ca4840_0 .net "sel_3", 0 0, v0x5565f9ca5d00_0;  1 drivers
v0x5565f9ca48e0_0 .net "sel_4", 0 0, v0x5565f9ca5da0_0;  1 drivers
v0x5565f9ca4980_0 .net "wi_1", 15 0, L_0x5565f9ca6a80;  1 drivers
v0x5565f9ca4a20_0 .net "wi_2", 15 0, L_0x5565f9ca7910;  1 drivers
S_0x5565f9c7d5e0 .scope module, "a1_0" "ejercicio_2_b" 3 9, 4 1 0, S_0x5565f9c7d260;
 .timescale 0 0;
    .port_info 0 /INPUT 16 "in_1"
    .port_info 1 /INPUT 16 "in_2"
    .port_info 2 /INPUT 16 "in_3"
    .port_info 3 /INPUT 16 "in_4"
    .port_info 4 /INPUT 16 "in_5"
    .port_info 5 /INPUT 16 "in_6"
    .port_info 6 /INPUT 16 "in_7"
    .port_info 7 /INPUT 16 "in_8"
    .port_info 8 /INPUT 1 "sel_1"
    .port_info 9 /INPUT 1 "sel_2"
    .port_info 10 /INPUT 1 "sel_3"
    .port_info 11 /OUTPUT 16 "out_1"
v0x5565f9c9dc40_0 .net "in_1", 15 0, v0x5565f9ca4d60_0;  alias, 1 drivers
v0x5565f9c9dd20_0 .net "in_2", 15 0, v0x5565f9ca5360_0;  alias, 1 drivers
v0x5565f9c9ddf0_0 .net "in_3", 15 0, v0x5565f9ca54b0_0;  alias, 1 drivers
v0x5565f9c9def0_0 .net "in_4", 15 0, v0x5565f9ca5570_0;  alias, 1 drivers
v0x5565f9c9dfc0_0 .net "in_5", 15 0, v0x5565f9ca5630_0;  alias, 1 drivers
v0x5565f9c9e0b0_0 .net "in_6", 15 0, v0x5565f9ca56f0_0;  alias, 1 drivers
v0x5565f9c9e180_0 .net "in_7", 15 0, v0x5565f9ca57b0_0;  alias, 1 drivers
v0x5565f9c9e250_0 .net "in_8", 15 0, v0x5565f9ca5870_0;  alias, 1 drivers
v0x5565f9c9e320_0 .net "out_1", 15 0, L_0x5565f9ca6a80;  alias, 1 drivers
v0x5565f9c9e3f0_0 .net "sel_1", 0 0, v0x5565f9ca5bc0_0;  alias, 1 drivers
v0x5565f9c9e490_0 .net "sel_2", 0 0, v0x5565f9ca5c60_0;  alias, 1 drivers
v0x5565f9c9e530_0 .net "sel_3", 0 0, v0x5565f9ca5d00_0;  alias, 1 drivers
v0x5565f9c9e5d0_0 .net "wi_1", 15 0, L_0x5565f9ca5e90;  1 drivers
v0x5565f9c9e670_0 .net "wi_2", 15 0, L_0x5565f9ca6000;  1 drivers
v0x5565f9c9e760_0 .net "wi_3", 15 0, L_0x5565f9ca6200;  1 drivers
v0x5565f9c9e850_0 .net "wi_4", 15 0, L_0x5565f9ca6400;  1 drivers
v0x5565f9c9e960_0 .net "wi_5", 15 0, L_0x5565f9ca6600;  1 drivers
v0x5565f9c9ea70_0 .net "wi_6", 15 0, L_0x5565f9ca6880;  1 drivers
S_0x5565f9c7d890 .scope module, "a1_0" "ejercicio_1" 4 9, 5 1 0, S_0x5565f9c7d5e0;
 .timescale 0 0;
    .port_info 0 /INPUT 16 "in_1"
    .port_info 1 /INPUT 16 "in_2"
    .port_info 2 /INPUT 1 "sel_3"
    .port_info 3 /OUTPUT 16 "out_1"
v0x5565f9c70530_0 .net "in_1", 15 0, v0x5565f9ca4d60_0;  alias, 1 drivers
v0x5565f9c9b330_0 .net "in_2", 15 0, v0x5565f9ca5360_0;  alias, 1 drivers
v0x5565f9c9b410_0 .net "out_1", 15 0, L_0x5565f9ca5e90;  alias, 1 drivers
v0x5565f9c9b4d0_0 .net "sel_3", 0 0, v0x5565f9ca5bc0_0;  alias, 1 drivers
L_0x5565f9ca5e90 .functor MUXZ 16, v0x5565f9ca4d60_0, v0x5565f9ca5360_0, v0x5565f9ca5bc0_0, C4<>;
S_0x5565f9c9b610 .scope module, "a1_1" "ejercicio_1" 4 10, 5 1 0, S_0x5565f9c7d5e0;
 .timescale 0 0;
    .port_info 0 /INPUT 16 "in_1"
    .port_info 1 /INPUT 16 "in_2"
    .port_info 2 /INPUT 1 "sel_3"
    .port_info 3 /OUTPUT 16 "out_1"
v0x5565f9c9b870_0 .net "in_1", 15 0, v0x5565f9ca54b0_0;  alias, 1 drivers
v0x5565f9c9b950_0 .net "in_2", 15 0, v0x5565f9ca5570_0;  alias, 1 drivers
v0x5565f9c9ba30_0 .net "out_1", 15 0, L_0x5565f9ca6000;  alias, 1 drivers
v0x5565f9c9baf0_0 .net "sel_3", 0 0, v0x5565f9ca5bc0_0;  alias, 1 drivers
L_0x5565f9ca6000 .functor MUXZ 16, v0x5565f9ca54b0_0, v0x5565f9ca5570_0, v0x5565f9ca5bc0_0, C4<>;
S_0x5565f9c9bc20 .scope module, "a1_2" "ejercicio_1" 4 11, 5 1 0, S_0x5565f9c7d5e0;
 .timescale 0 0;
    .port_info 0 /INPUT 16 "in_1"
    .port_info 1 /INPUT 16 "in_2"
    .port_info 2 /INPUT 1 "sel_3"
    .port_info 3 /OUTPUT 16 "out_1"
v0x5565f9c9be90_0 .net "in_1", 15 0, v0x5565f9ca5630_0;  alias, 1 drivers
v0x5565f9c9bf70_0 .net "in_2", 15 0, v0x5565f9ca56f0_0;  alias, 1 drivers
v0x5565f9c9c050_0 .net "out_1", 15 0, L_0x5565f9ca6200;  alias, 1 drivers
v0x5565f9c9c140_0 .net "sel_3", 0 0, v0x5565f9ca5bc0_0;  alias, 1 drivers
L_0x5565f9ca6200 .functor MUXZ 16, v0x5565f9ca5630_0, v0x5565f9ca56f0_0, v0x5565f9ca5bc0_0, C4<>;
S_0x5565f9c9c2b0 .scope module, "a1_3" "ejercicio_1" 4 12, 5 1 0, S_0x5565f9c7d5e0;
 .timescale 0 0;
    .port_info 0 /INPUT 16 "in_1"
    .port_info 1 /INPUT 16 "in_2"
    .port_info 2 /INPUT 1 "sel_3"
    .port_info 3 /OUTPUT 16 "out_1"
v0x5565f9c9c4f0_0 .net "in_1", 15 0, v0x5565f9ca57b0_0;  alias, 1 drivers
v0x5565f9c9c5f0_0 .net "in_2", 15 0, v0x5565f9ca5870_0;  alias, 1 drivers
v0x5565f9c9c6d0_0 .net "out_1", 15 0, L_0x5565f9ca6400;  alias, 1 drivers
v0x5565f9c9c7c0_0 .net "sel_3", 0 0, v0x5565f9ca5bc0_0;  alias, 1 drivers
L_0x5565f9ca6400 .functor MUXZ 16, v0x5565f9ca57b0_0, v0x5565f9ca5870_0, v0x5565f9ca5bc0_0, C4<>;
S_0x5565f9c9c910 .scope module, "a2_0" "ejercicio_1" 4 14, 5 1 0, S_0x5565f9c7d5e0;
 .timescale 0 0;
    .port_info 0 /INPUT 16 "in_1"
    .port_info 1 /INPUT 16 "in_2"
    .port_info 2 /INPUT 1 "sel_3"
    .port_info 3 /OUTPUT 16 "out_1"
v0x5565f9c9cba0_0 .net "in_1", 15 0, L_0x5565f9ca5e90;  alias, 1 drivers
v0x5565f9c9cc80_0 .net "in_2", 15 0, L_0x5565f9ca6000;  alias, 1 drivers
v0x5565f9c9cd50_0 .net "out_1", 15 0, L_0x5565f9ca6600;  alias, 1 drivers
v0x5565f9c9ce20_0 .net "sel_3", 0 0, v0x5565f9ca5c60_0;  alias, 1 drivers
L_0x5565f9ca6600 .functor MUXZ 16, L_0x5565f9ca5e90, L_0x5565f9ca6000, v0x5565f9ca5c60_0, C4<>;
S_0x5565f9c9cf90 .scope module, "a2_1" "ejercicio_1" 4 15, 5 1 0, S_0x5565f9c7d5e0;
 .timescale 0 0;
    .port_info 0 /INPUT 16 "in_1"
    .port_info 1 /INPUT 16 "in_2"
    .port_info 2 /INPUT 1 "sel_3"
    .port_info 3 /OUTPUT 16 "out_1"
v0x5565f9c9d1d0_0 .net "in_1", 15 0, L_0x5565f9ca6200;  alias, 1 drivers
v0x5565f9c9d2e0_0 .net "in_2", 15 0, L_0x5565f9ca6400;  alias, 1 drivers
v0x5565f9c9d3b0_0 .net "out_1", 15 0, L_0x5565f9ca6880;  alias, 1 drivers
v0x5565f9c9d480_0 .net "sel_3", 0 0, v0x5565f9ca5c60_0;  alias, 1 drivers
L_0x5565f9ca6880 .functor MUXZ 16, L_0x5565f9ca6200, L_0x5565f9ca6400, v0x5565f9ca5c60_0, C4<>;
S_0x5565f9c9d5e0 .scope module, "a3_0" "ejercicio_1" 4 17, 5 1 0, S_0x5565f9c7d5e0;
 .timescale 0 0;
    .port_info 0 /INPUT 16 "in_1"
    .port_info 1 /INPUT 16 "in_2"
    .port_info 2 /INPUT 1 "sel_3"
    .port_info 3 /OUTPUT 16 "out_1"
v0x5565f9c9d820_0 .net "in_1", 15 0, L_0x5565f9ca6600;  alias, 1 drivers
v0x5565f9c9d930_0 .net "in_2", 15 0, L_0x5565f9ca6880;  alias, 1 drivers
v0x5565f9c9da00_0 .net "out_1", 15 0, L_0x5565f9ca6a80;  alias, 1 drivers
v0x5565f9c9dad0_0 .net "sel_3", 0 0, v0x5565f9ca5d00_0;  alias, 1 drivers
L_0x5565f9ca6a80 .functor MUXZ 16, L_0x5565f9ca6600, L_0x5565f9ca6880, v0x5565f9ca5d00_0, C4<>;
S_0x5565f9c9ed70 .scope module, "a1_1" "ejercicio_2_b" 3 10, 4 1 0, S_0x5565f9c7d260;
 .timescale 0 0;
    .port_info 0 /INPUT 16 "in_1"
    .port_info 1 /INPUT 16 "in_2"
    .port_info 2 /INPUT 16 "in_3"
    .port_info 3 /INPUT 16 "in_4"
    .port_info 4 /INPUT 16 "in_5"
    .port_info 5 /INPUT 16 "in_6"
    .port_info 6 /INPUT 16 "in_7"
    .port_info 7 /INPUT 16 "in_8"
    .port_info 8 /INPUT 1 "sel_1"
    .port_info 9 /INPUT 1 "sel_2"
    .port_info 10 /INPUT 1 "sel_3"
    .port_info 11 /OUTPUT 16 "out_1"
v0x5565f9ca1be0_0 .net "in_1", 15 0, v0x5565f9ca5930_0;  alias, 1 drivers
v0x5565f9ca1cc0_0 .net "in_2", 15 0, v0x5565f9ca4e40_0;  alias, 1 drivers
v0x5565f9ca1d90_0 .net "in_3", 15 0, v0x5565f9ca4f00_0;  alias, 1 drivers
v0x5565f9ca1e90_0 .net "in_4", 15 0, v0x5565f9ca4fa0_0;  alias, 1 drivers
v0x5565f9ca1f60_0 .net "in_5", 15 0, v0x5565f9ca5060_0;  alias, 1 drivers
v0x5565f9ca2050_0 .net "in_6", 15 0, v0x5565f9ca5120_0;  alias, 1 drivers
v0x5565f9ca2120_0 .net "in_7", 15 0, v0x5565f9ca51e0_0;  alias, 1 drivers
v0x5565f9ca21f0_0 .net "in_8", 15 0, v0x5565f9ca52a0_0;  alias, 1 drivers
v0x5565f9ca22c0_0 .net "out_1", 15 0, L_0x5565f9ca7910;  alias, 1 drivers
v0x5565f9ca2390_0 .net "sel_1", 0 0, v0x5565f9ca5bc0_0;  alias, 1 drivers
v0x5565f9ca2430_0 .net "sel_2", 0 0, v0x5565f9ca5c60_0;  alias, 1 drivers
v0x5565f9ca24d0_0 .net "sel_3", 0 0, v0x5565f9ca5d00_0;  alias, 1 drivers
v0x5565f9ca2570_0 .net "wi_1", 15 0, L_0x5565f9ca6d10;  1 drivers
v0x5565f9ca2610_0 .net "wi_2", 15 0, L_0x5565f9ca6f10;  1 drivers
v0x5565f9ca2700_0 .net "wi_3", 15 0, L_0x5565f9ca7110;  1 drivers
v0x5565f9ca2810_0 .net "wi_4", 15 0, L_0x5565f9ca7310;  1 drivers
v0x5565f9ca2920_0 .net "wi_5", 15 0, L_0x5565f9ca7510;  1 drivers
v0x5565f9ca2b40_0 .net "wi_6", 15 0, L_0x5565f9ca7710;  1 drivers
S_0x5565f9c9f090 .scope module, "a1_0" "ejercicio_1" 4 9, 5 1 0, S_0x5565f9c9ed70;
 .timescale 0 0;
    .port_info 0 /INPUT 16 "in_1"
    .port_info 1 /INPUT 16 "in_2"
    .port_info 2 /INPUT 1 "sel_3"
    .port_info 3 /OUTPUT 16 "out_1"
v0x5565f9c9f2d0_0 .net "in_1", 15 0, v0x5565f9ca5930_0;  alias, 1 drivers
v0x5565f9c9f3d0_0 .net "in_2", 15 0, v0x5565f9ca4e40_0;  alias, 1 drivers
v0x5565f9c9f4b0_0 .net "out_1", 15 0, L_0x5565f9ca6d10;  alias, 1 drivers
v0x5565f9c9f570_0 .net "sel_3", 0 0, v0x5565f9ca5bc0_0;  alias, 1 drivers
L_0x5565f9ca6d10 .functor MUXZ 16, v0x5565f9ca5930_0, v0x5565f9ca4e40_0, v0x5565f9ca5bc0_0, C4<>;
S_0x5565f9c9f690 .scope module, "a1_1" "ejercicio_1" 4 10, 5 1 0, S_0x5565f9c9ed70;
 .timescale 0 0;
    .port_info 0 /INPUT 16 "in_1"
    .port_info 1 /INPUT 16 "in_2"
    .port_info 2 /INPUT 1 "sel_3"
    .port_info 3 /OUTPUT 16 "out_1"
v0x5565f9c9f8f0_0 .net "in_1", 15 0, v0x5565f9ca4f00_0;  alias, 1 drivers
v0x5565f9c9f9d0_0 .net "in_2", 15 0, v0x5565f9ca4fa0_0;  alias, 1 drivers
v0x5565f9c9fab0_0 .net "out_1", 15 0, L_0x5565f9ca6f10;  alias, 1 drivers
v0x5565f9c9fb70_0 .net "sel_3", 0 0, v0x5565f9ca5bc0_0;  alias, 1 drivers
L_0x5565f9ca6f10 .functor MUXZ 16, v0x5565f9ca4f00_0, v0x5565f9ca4fa0_0, v0x5565f9ca5bc0_0, C4<>;
S_0x5565f9c9fc90 .scope module, "a1_2" "ejercicio_1" 4 11, 5 1 0, S_0x5565f9c9ed70;
 .timescale 0 0;
    .port_info 0 /INPUT 16 "in_1"
    .port_info 1 /INPUT 16 "in_2"
    .port_info 2 /INPUT 1 "sel_3"
    .port_info 3 /OUTPUT 16 "out_1"
v0x5565f9c9fed0_0 .net "in_1", 15 0, v0x5565f9ca5060_0;  alias, 1 drivers
v0x5565f9c9ffb0_0 .net "in_2", 15 0, v0x5565f9ca5120_0;  alias, 1 drivers
v0x5565f9ca0090_0 .net "out_1", 15 0, L_0x5565f9ca7110;  alias, 1 drivers
v0x5565f9ca0180_0 .net "sel_3", 0 0, v0x5565f9ca5bc0_0;  alias, 1 drivers
L_0x5565f9ca7110 .functor MUXZ 16, v0x5565f9ca5060_0, v0x5565f9ca5120_0, v0x5565f9ca5bc0_0, C4<>;
S_0x5565f9ca02d0 .scope module, "a1_3" "ejercicio_1" 4 12, 5 1 0, S_0x5565f9c9ed70;
 .timescale 0 0;
    .port_info 0 /INPUT 16 "in_1"
    .port_info 1 /INPUT 16 "in_2"
    .port_info 2 /INPUT 1 "sel_3"
    .port_info 3 /OUTPUT 16 "out_1"
v0x5565f9ca0510_0 .net "in_1", 15 0, v0x5565f9ca51e0_0;  alias, 1 drivers
v0x5565f9ca0610_0 .net "in_2", 15 0, v0x5565f9ca52a0_0;  alias, 1 drivers
v0x5565f9ca06f0_0 .net "out_1", 15 0, L_0x5565f9ca7310;  alias, 1 drivers
v0x5565f9ca07e0_0 .net "sel_3", 0 0, v0x5565f9ca5bc0_0;  alias, 1 drivers
L_0x5565f9ca7310 .functor MUXZ 16, v0x5565f9ca51e0_0, v0x5565f9ca52a0_0, v0x5565f9ca5bc0_0, C4<>;
S_0x5565f9ca0930 .scope module, "a2_0" "ejercicio_1" 4 14, 5 1 0, S_0x5565f9c9ed70;
 .timescale 0 0;
    .port_info 0 /INPUT 16 "in_1"
    .port_info 1 /INPUT 16 "in_2"
    .port_info 2 /INPUT 1 "sel_3"
    .port_info 3 /OUTPUT 16 "out_1"
v0x5565f9ca0bc0_0 .net "in_1", 15 0, L_0x5565f9ca6d10;  alias, 1 drivers
v0x5565f9ca0ca0_0 .net "in_2", 15 0, L_0x5565f9ca6f10;  alias, 1 drivers
v0x5565f9ca0d70_0 .net "out_1", 15 0, L_0x5565f9ca7510;  alias, 1 drivers
v0x5565f9ca0e40_0 .net "sel_3", 0 0, v0x5565f9ca5c60_0;  alias, 1 drivers
L_0x5565f9ca7510 .functor MUXZ 16, L_0x5565f9ca6d10, L_0x5565f9ca6f10, v0x5565f9ca5c60_0, C4<>;
S_0x5565f9ca0f90 .scope module, "a2_1" "ejercicio_1" 4 15, 5 1 0, S_0x5565f9c9ed70;
 .timescale 0 0;
    .port_info 0 /INPUT 16 "in_1"
    .port_info 1 /INPUT 16 "in_2"
    .port_info 2 /INPUT 1 "sel_3"
    .port_info 3 /OUTPUT 16 "out_1"
v0x5565f9ca11d0_0 .net "in_1", 15 0, L_0x5565f9ca7110;  alias, 1 drivers
v0x5565f9ca12e0_0 .net "in_2", 15 0, L_0x5565f9ca7310;  alias, 1 drivers
v0x5565f9ca13b0_0 .net "out_1", 15 0, L_0x5565f9ca7710;  alias, 1 drivers
v0x5565f9ca1480_0 .net "sel_3", 0 0, v0x5565f9ca5c60_0;  alias, 1 drivers
L_0x5565f9ca7710 .functor MUXZ 16, L_0x5565f9ca7110, L_0x5565f9ca7310, v0x5565f9ca5c60_0, C4<>;
S_0x5565f9ca15d0 .scope module, "a3_0" "ejercicio_1" 4 17, 5 1 0, S_0x5565f9c9ed70;
 .timescale 0 0;
    .port_info 0 /INPUT 16 "in_1"
    .port_info 1 /INPUT 16 "in_2"
    .port_info 2 /INPUT 1 "sel_3"
    .port_info 3 /OUTPUT 16 "out_1"
v0x5565f9ca17c0_0 .net "in_1", 15 0, L_0x5565f9ca7510;  alias, 1 drivers
v0x5565f9ca18d0_0 .net "in_2", 15 0, L_0x5565f9ca7710;  alias, 1 drivers
v0x5565f9ca19a0_0 .net "out_1", 15 0, L_0x5565f9ca7910;  alias, 1 drivers
v0x5565f9ca1a70_0 .net "sel_3", 0 0, v0x5565f9ca5d00_0;  alias, 1 drivers
L_0x5565f9ca7910 .functor MUXZ 16, L_0x5565f9ca7510, L_0x5565f9ca7710, v0x5565f9ca5d00_0, C4<>;
S_0x5565f9ca2e40 .scope module, "a2_0" "ejercicio_1" 3 12, 5 1 0, S_0x5565f9c7d260;
 .timescale 0 0;
    .port_info 0 /INPUT 16 "in_1"
    .port_info 1 /INPUT 16 "in_2"
    .port_info 2 /INPUT 1 "sel_3"
    .port_info 3 /OUTPUT 16 "out_1"
v0x5565f9ca3010_0 .net "in_1", 15 0, L_0x5565f9ca6a80;  alias, 1 drivers
v0x5565f9ca3120_0 .net "in_2", 15 0, L_0x5565f9ca7910;  alias, 1 drivers
v0x5565f9ca3230_0 .net "out_1", 15 0, L_0x5565f9ca7ba0;  alias, 1 drivers
v0x5565f9ca32f0_0 .net "sel_3", 0 0, v0x5565f9ca5da0_0;  alias, 1 drivers
L_0x5565f9ca7ba0 .functor MUXZ 16, L_0x5565f9ca6a80, L_0x5565f9ca7910, v0x5565f9ca5da0_0, C4<>;
    .scope S_0x5565f9c7d0e0;
T_0 ;
    %pushi/vec4 0, 0, 16;
    %assign/vec4 v0x5565f9ca4d60_0, 0;
    %pushi/vec4 1, 0, 16;
    %assign/vec4 v0x5565f9ca5360_0, 0;
    %pushi/vec4 2, 0, 16;
    %assign/vec4 v0x5565f9ca54b0_0, 0;
    %pushi/vec4 3, 0, 16;
    %assign/vec4 v0x5565f9ca5570_0, 0;
    %pushi/vec4 4, 0, 16;
    %assign/vec4 v0x5565f9ca5630_0, 0;
    %pushi/vec4 5, 0, 16;
    %assign/vec4 v0x5565f9ca56f0_0, 0;
    %pushi/vec4 6, 0, 16;
    %assign/vec4 v0x5565f9ca57b0_0, 0;
    %pushi/vec4 7, 0, 16;
    %assign/vec4 v0x5565f9ca5870_0, 0;
    %pushi/vec4 8, 0, 16;
    %assign/vec4 v0x5565f9ca5930_0, 0;
    %pushi/vec4 9, 0, 16;
    %assign/vec4 v0x5565f9ca4e40_0, 0;
    %pushi/vec4 10, 0, 16;
    %assign/vec4 v0x5565f9ca4f00_0, 0;
    %pushi/vec4 11, 0, 16;
    %assign/vec4 v0x5565f9ca4fa0_0, 0;
    %pushi/vec4 12, 0, 16;
    %assign/vec4 v0x5565f9ca5060_0, 0;
    %pushi/vec4 13, 0, 16;
    %assign/vec4 v0x5565f9ca5120_0, 0;
    %pushi/vec4 14, 0, 16;
    %assign/vec4 v0x5565f9ca51e0_0, 0;
    %pushi/vec4 15, 0, 16;
    %assign/vec4 v0x5565f9ca52a0_0, 0;
    %pushi/vec4 0, 0, 1;
    %store/vec4 v0x5565f9ca5bc0_0, 0, 1;
    %pushi/vec4 0, 0, 1;
    %store/vec4 v0x5565f9ca5c60_0, 0, 1;
    %pushi/vec4 0, 0, 1;
    %store/vec4 v0x5565f9ca5d00_0, 0, 1;
    %pushi/vec4 0, 0, 1;
    %store/vec4 v0x5565f9ca5da0_0, 0, 1;
    %vpi_call 2 33 "$display", "time\011sel_1\011sel_2\011sel_3\011sel_4\011out_1" {0 0 0};
    %vpi_call 2 33 "$monitor", "%2d:\011%b\011%b\011%b\011%b\011%b", $time, v0x5565f9ca5bc0_0, v0x5565f9ca5c60_0, v0x5565f9ca5d00_0, v0x5565f9ca5da0_0, v0x5565f9ca59f0_0 {0 0 0};
    %delay 15, 0;
    %vpi_call 2 34 "$finish" {0 0 0};
    %end;
    .thread T_0;
    .scope S_0x5565f9c7d0e0;
T_1 ;
    %delay 1, 0;
    %load/vec4 v0x5565f9ca5bc0_0;
    %store/vec4 v0x5565f9ca5bc0_0, 0, 1;
    %jmp T_1;
    .thread T_1;
    .scope S_0x5565f9c7d0e0;
T_2 ;
    %delay 1, 0;
    %load/vec4 v0x5565f9ca5c60_0;
    %store/vec4 v0x5565f9ca5c60_0, 0, 1;
    %jmp T_2;
    .thread T_2;
    .scope S_0x5565f9c7d0e0;
T_3 ;
    %delay 1, 0;
    %load/vec4 v0x5565f9ca5d00_0;
    %store/vec4 v0x5565f9ca5d00_0, 0, 1;
    %jmp T_3;
    .thread T_3;
    .scope S_0x5565f9c7d0e0;
T_4 ;
    %delay 1, 0;
    %load/vec4 v0x5565f9ca5da0_0;
    %inv;
    %store/vec4 v0x5565f9ca5da0_0, 0, 1;
    %jmp T_4;
    .thread T_4;
    .scope S_0x5565f9c7d0e0;
T_5 ;
    %delay 2, 0;
    %load/vec4 v0x5565f9ca5bc0_0;
    %store/vec4 v0x5565f9ca5bc0_0, 0, 1;
    %jmp T_5;
    .thread T_5;
    .scope S_0x5565f9c7d0e0;
T_6 ;
    %delay 2, 0;
    %load/vec4 v0x5565f9ca5c60_0;
    %store/vec4 v0x5565f9ca5c60_0, 0, 1;
    %jmp T_6;
    .thread T_6;
    .scope S_0x5565f9c7d0e0;
T_7 ;
    %delay 2, 0;
    %load/vec4 v0x5565f9ca5d00_0;
    %inv;
    %store/vec4 v0x5565f9ca5d00_0, 0, 1;
    %jmp T_7;
    .thread T_7;
    .scope S_0x5565f9c7d0e0;
T_8 ;
    %delay 2, 0;
    %load/vec4 v0x5565f9ca5da0_0;
    %store/vec4 v0x5565f9ca5da0_0, 0, 1;
    %jmp T_8;
    .thread T_8;
    .scope S_0x5565f9c7d0e0;
T_9 ;
    %delay 3, 0;
    %load/vec4 v0x5565f9ca5bc0_0;
    %store/vec4 v0x5565f9ca5bc0_0, 0, 1;
    %jmp T_9;
    .thread T_9;
    .scope S_0x5565f9c7d0e0;
T_10 ;
    %delay 3, 0;
    %load/vec4 v0x5565f9ca5c60_0;
    %store/vec4 v0x5565f9ca5c60_0, 0, 1;
    %jmp T_10;
    .thread T_10;
    .scope S_0x5565f9c7d0e0;
T_11 ;
    %delay 3, 0;
    %load/vec4 v0x5565f9ca5d00_0;
    %store/vec4 v0x5565f9ca5d00_0, 0, 1;
    %jmp T_11;
    .thread T_11;
    .scope S_0x5565f9c7d0e0;
T_12 ;
    %delay 3, 0;
    %load/vec4 v0x5565f9ca5da0_0;
    %store/vec4 v0x5565f9ca5da0_0, 0, 1;
    %jmp T_12;
    .thread T_12;
    .scope S_0x5565f9c7d0e0;
T_13 ;
    %delay 4, 0;
    %load/vec4 v0x5565f9ca5bc0_0;
    %store/vec4 v0x5565f9ca5bc0_0, 0, 1;
    %jmp T_13;
    .thread T_13;
    .scope S_0x5565f9c7d0e0;
T_14 ;
    %delay 4, 0;
    %load/vec4 v0x5565f9ca5c60_0;
    %inv;
    %store/vec4 v0x5565f9ca5c60_0, 0, 1;
    %jmp T_14;
    .thread T_14;
    .scope S_0x5565f9c7d0e0;
T_15 ;
    %delay 4, 0;
    %load/vec4 v0x5565f9ca5d00_0;
    %store/vec4 v0x5565f9ca5d00_0, 0, 1;
    %jmp T_15;
    .thread T_15;
    .scope S_0x5565f9c7d0e0;
T_16 ;
    %delay 4, 0;
    %load/vec4 v0x5565f9ca5da0_0;
    %store/vec4 v0x5565f9ca5da0_0, 0, 1;
    %jmp T_16;
    .thread T_16;
    .scope S_0x5565f9c7d0e0;
T_17 ;
    %delay 5, 0;
    %load/vec4 v0x5565f9ca5bc0_0;
    %store/vec4 v0x5565f9ca5bc0_0, 0, 1;
    %jmp T_17;
    .thread T_17;
    .scope S_0x5565f9c7d0e0;
T_18 ;
    %delay 5, 0;
    %load/vec4 v0x5565f9ca5c60_0;
    %store/vec4 v0x5565f9ca5c60_0, 0, 1;
    %jmp T_18;
    .thread T_18;
    .scope S_0x5565f9c7d0e0;
T_19 ;
    %delay 5, 0;
    %load/vec4 v0x5565f9ca5d00_0;
    %store/vec4 v0x5565f9ca5d00_0, 0, 1;
    %jmp T_19;
    .thread T_19;
    .scope S_0x5565f9c7d0e0;
T_20 ;
    %delay 5, 0;
    %load/vec4 v0x5565f9ca5da0_0;
    %store/vec4 v0x5565f9ca5da0_0, 0, 1;
    %jmp T_20;
    .thread T_20;
    .scope S_0x5565f9c7d0e0;
T_21 ;
    %delay 6, 0;
    %load/vec4 v0x5565f9ca5bc0_0;
    %store/vec4 v0x5565f9ca5bc0_0, 0, 1;
    %jmp T_21;
    .thread T_21;
    .scope S_0x5565f9c7d0e0;
T_22 ;
    %delay 6, 0;
    %load/vec4 v0x5565f9ca5c60_0;
    %store/vec4 v0x5565f9ca5c60_0, 0, 1;
    %jmp T_22;
    .thread T_22;
    .scope S_0x5565f9c7d0e0;
T_23 ;
    %delay 6, 0;
    %load/vec4 v0x5565f9ca5d00_0;
    %store/vec4 v0x5565f9ca5d00_0, 0, 1;
    %jmp T_23;
    .thread T_23;
    .scope S_0x5565f9c7d0e0;
T_24 ;
    %delay 6, 0;
    %load/vec4 v0x5565f9ca5da0_0;
    %store/vec4 v0x5565f9ca5da0_0, 0, 1;
    %jmp T_24;
    .thread T_24;
    .scope S_0x5565f9c7d0e0;
T_25 ;
    %delay 7, 0;
    %load/vec4 v0x5565f9ca5bc0_0;
    %store/vec4 v0x5565f9ca5bc0_0, 0, 1;
    %jmp T_25;
    .thread T_25;
    .scope S_0x5565f9c7d0e0;
T_26 ;
    %delay 7, 0;
    %load/vec4 v0x5565f9ca5c60_0;
    %store/vec4 v0x5565f9ca5c60_0, 0, 1;
    %jmp T_26;
    .thread T_26;
    .scope S_0x5565f9c7d0e0;
T_27 ;
    %delay 7, 0;
    %load/vec4 v0x5565f9ca5d00_0;
    %store/vec4 v0x5565f9ca5d00_0, 0, 1;
    %jmp T_27;
    .thread T_27;
    .scope S_0x5565f9c7d0e0;
T_28 ;
    %delay 7, 0;
    %load/vec4 v0x5565f9ca5da0_0;
    %store/vec4 v0x5565f9ca5da0_0, 0, 1;
    %jmp T_28;
    .thread T_28;
    .scope S_0x5565f9c7d0e0;
T_29 ;
    %delay 8, 0;
    %load/vec4 v0x5565f9ca5bc0_0;
    %inv;
    %store/vec4 v0x5565f9ca5bc0_0, 0, 1;
    %jmp T_29;
    .thread T_29;
    .scope S_0x5565f9c7d0e0;
T_30 ;
    %delay 8, 0;
    %load/vec4 v0x5565f9ca5c60_0;
    %store/vec4 v0x5565f9ca5c60_0, 0, 1;
    %jmp T_30;
    .thread T_30;
    .scope S_0x5565f9c7d0e0;
T_31 ;
    %delay 8, 0;
    %load/vec4 v0x5565f9ca5d00_0;
    %store/vec4 v0x5565f9ca5d00_0, 0, 1;
    %jmp T_31;
    .thread T_31;
    .scope S_0x5565f9c7d0e0;
T_32 ;
    %delay 8, 0;
    %load/vec4 v0x5565f9ca5da0_0;
    %store/vec4 v0x5565f9ca5da0_0, 0, 1;
    %jmp T_32;
    .thread T_32;
    .scope S_0x5565f9c7d0e0;
T_33 ;
    %delay 9, 0;
    %load/vec4 v0x5565f9ca5bc0_0;
    %store/vec4 v0x5565f9ca5bc0_0, 0, 1;
    %jmp T_33;
    .thread T_33;
    .scope S_0x5565f9c7d0e0;
T_34 ;
    %delay 9, 0;
    %load/vec4 v0x5565f9ca5c60_0;
    %store/vec4 v0x5565f9ca5c60_0, 0, 1;
    %jmp T_34;
    .thread T_34;
    .scope S_0x5565f9c7d0e0;
T_35 ;
    %delay 9, 0;
    %load/vec4 v0x5565f9ca5d00_0;
    %store/vec4 v0x5565f9ca5d00_0, 0, 1;
    %jmp T_35;
    .thread T_35;
    .scope S_0x5565f9c7d0e0;
T_36 ;
    %delay 9, 0;
    %load/vec4 v0x5565f9ca5da0_0;
    %store/vec4 v0x5565f9ca5da0_0, 0, 1;
    %jmp T_36;
    .thread T_36;
    .scope S_0x5565f9c7d0e0;
T_37 ;
    %delay 10, 0;
    %load/vec4 v0x5565f9ca5bc0_0;
    %store/vec4 v0x5565f9ca5bc0_0, 0, 1;
    %jmp T_37;
    .thread T_37;
    .scope S_0x5565f9c7d0e0;
T_38 ;
    %delay 10, 0;
    %load/vec4 v0x5565f9ca5c60_0;
    %store/vec4 v0x5565f9ca5c60_0, 0, 1;
    %jmp T_38;
    .thread T_38;
    .scope S_0x5565f9c7d0e0;
T_39 ;
    %delay 10, 0;
    %load/vec4 v0x5565f9ca5d00_0;
    %store/vec4 v0x5565f9ca5d00_0, 0, 1;
    %jmp T_39;
    .thread T_39;
    .scope S_0x5565f9c7d0e0;
T_40 ;
    %delay 10, 0;
    %load/vec4 v0x5565f9ca5da0_0;
    %store/vec4 v0x5565f9ca5da0_0, 0, 1;
    %jmp T_40;
    .thread T_40;
    .scope S_0x5565f9c7d0e0;
T_41 ;
    %delay 11, 0;
    %load/vec4 v0x5565f9ca5bc0_0;
    %store/vec4 v0x5565f9ca5bc0_0, 0, 1;
    %jmp T_41;
    .thread T_41;
    .scope S_0x5565f9c7d0e0;
T_42 ;
    %delay 11, 0;
    %load/vec4 v0x5565f9ca5c60_0;
    %store/vec4 v0x5565f9ca5c60_0, 0, 1;
    %jmp T_42;
    .thread T_42;
    .scope S_0x5565f9c7d0e0;
T_43 ;
    %delay 11, 0;
    %load/vec4 v0x5565f9ca5d00_0;
    %store/vec4 v0x5565f9ca5d00_0, 0, 1;
    %jmp T_43;
    .thread T_43;
    .scope S_0x5565f9c7d0e0;
T_44 ;
    %delay 11, 0;
    %load/vec4 v0x5565f9ca5da0_0;
    %store/vec4 v0x5565f9ca5da0_0, 0, 1;
    %jmp T_44;
    .thread T_44;
    .scope S_0x5565f9c7d0e0;
T_45 ;
    %delay 12, 0;
    %load/vec4 v0x5565f9ca5bc0_0;
    %store/vec4 v0x5565f9ca5bc0_0, 0, 1;
    %jmp T_45;
    .thread T_45;
    .scope S_0x5565f9c7d0e0;
T_46 ;
    %delay 12, 0;
    %load/vec4 v0x5565f9ca5c60_0;
    %store/vec4 v0x5565f9ca5c60_0, 0, 1;
    %jmp T_46;
    .thread T_46;
    .scope S_0x5565f9c7d0e0;
T_47 ;
    %delay 12, 0;
    %load/vec4 v0x5565f9ca5d00_0;
    %store/vec4 v0x5565f9ca5d00_0, 0, 1;
    %jmp T_47;
    .thread T_47;
    .scope S_0x5565f9c7d0e0;
T_48 ;
    %delay 12, 0;
    %load/vec4 v0x5565f9ca5da0_0;
    %store/vec4 v0x5565f9ca5da0_0, 0, 1;
    %jmp T_48;
    .thread T_48;
    .scope S_0x5565f9c7d0e0;
T_49 ;
    %delay 13, 0;
    %load/vec4 v0x5565f9ca5bc0_0;
    %store/vec4 v0x5565f9ca5bc0_0, 0, 1;
    %jmp T_49;
    .thread T_49;
    .scope S_0x5565f9c7d0e0;
T_50 ;
    %delay 13, 0;
    %load/vec4 v0x5565f9ca5c60_0;
    %store/vec4 v0x5565f9ca5c60_0, 0, 1;
    %jmp T_50;
    .thread T_50;
    .scope S_0x5565f9c7d0e0;
T_51 ;
    %delay 13, 0;
    %load/vec4 v0x5565f9ca5d00_0;
    %store/vec4 v0x5565f9ca5d00_0, 0, 1;
    %jmp T_51;
    .thread T_51;
    .scope S_0x5565f9c7d0e0;
T_52 ;
    %delay 13, 0;
    %load/vec4 v0x5565f9ca5da0_0;
    %store/vec4 v0x5565f9ca5da0_0, 0, 1;
    %jmp T_52;
    .thread T_52;
    .scope S_0x5565f9c7d0e0;
T_53 ;
    %delay 14, 0;
    %load/vec4 v0x5565f9ca5bc0_0;
    %store/vec4 v0x5565f9ca5bc0_0, 0, 1;
    %jmp T_53;
    .thread T_53;
    .scope S_0x5565f9c7d0e0;
T_54 ;
    %delay 14, 0;
    %load/vec4 v0x5565f9ca5c60_0;
    %store/vec4 v0x5565f9ca5c60_0, 0, 1;
    %jmp T_54;
    .thread T_54;
    .scope S_0x5565f9c7d0e0;
T_55 ;
    %delay 14, 0;
    %load/vec4 v0x5565f9ca5d00_0;
    %store/vec4 v0x5565f9ca5d00_0, 0, 1;
    %jmp T_55;
    .thread T_55;
    .scope S_0x5565f9c7d0e0;
T_56 ;
    %delay 14, 0;
    %load/vec4 v0x5565f9ca5da0_0;
    %store/vec4 v0x5565f9ca5da0_0, 0, 1;
    %jmp T_56;
    .thread T_56;
    .scope S_0x5565f9c7d0e0;
T_57 ;
    %delay 15, 0;
    %load/vec4 v0x5565f9ca5bc0_0;
    %store/vec4 v0x5565f9ca5bc0_0, 0, 1;
    %jmp T_57;
    .thread T_57;
    .scope S_0x5565f9c7d0e0;
T_58 ;
    %delay 15, 0;
    %load/vec4 v0x5565f9ca5c60_0;
    %store/vec4 v0x5565f9ca5c60_0, 0, 1;
    %jmp T_58;
    .thread T_58;
    .scope S_0x5565f9c7d0e0;
T_59 ;
    %delay 15, 0;
    %load/vec4 v0x5565f9ca5d00_0;
    %store/vec4 v0x5565f9ca5d00_0, 0, 1;
    %jmp T_59;
    .thread T_59;
    .scope S_0x5565f9c7d0e0;
T_60 ;
    %delay 15, 0;
    %load/vec4 v0x5565f9ca5da0_0;
    %store/vec4 v0x5565f9ca5da0_0, 0, 1;
    %jmp T_60;
    .thread T_60;
    .scope S_0x5565f9c7d0e0;
T_61 ;
    %vpi_call 2 114 "$dumpfile", "ejercicio_2_c.vcd" {0 0 0};
    %vpi_call 2 115 "$dumpvars" {0 0 0};
    %end;
    .thread T_61;
# The file index is used to find the file name in the following table.
:file_names 6;
    "N/A";
    "<interactive>";
    "ejercicio_2_c_tb.v";
    "ejercicio_2_c.v";
    "ejercicio_2_b.v";
    "ejercicio_1.v";
